2025-06-07 19:29:55,613 [INFO] Activator:176 - 


2025-06-07 19:29:55,620 [INFO] Activator:177 - !SESSION log4j initialized
2025-06-07 19:29:58,680 [INFO] LogOutputStream:77 - [STDOUT_REDIRECT] 
2025-06-07 19:29:59,051 [ERROR] ConfigurationRetriever:142 - IOException on connection: sw-center.st.com
2025-06-07 19:29:59,052 [ERROR] ConfigurationRetriever:142 - IOException on connection: sw-center.st.com
2025-06-07 19:29:59,053 [ERROR] ConfigurationRetriever:142 - IOException on connection: sw-center.st.com
2025-06-07 19:30:02,425 [INFO] ApplicationProperties:184 - Using Application install path: C:\ST\STM32CubeIDE_1.18.1\STM32CubeIDE\plugins\com.st.stm32cube.common.mx_6.14.1.202504091515
2025-06-07 19:30:02,445 [INFO] DbMcusXml:78 - Set database path to: C:\ST\STM32CubeIDE_1.18.1\STM32CubeIDE\plugins\com.st.stm32cube.common.mx_6.14.1.202504091515\\db\/mcu/
2025-06-07 19:30:02,446 [INFO] ApiDb:274 - Set plugin database path to: C:\ST\STM32CubeIDE_1.18.1\STM32CubeIDE\plugins\com.st.stm32cube.common.mx_6.14.1.202504091515\\db\/plugins/boardmanager/
2025-06-07 19:30:02,446 [WARN] ApiDb:259 - Overriding images path with different value:  => C:\ST\STM32CubeIDE_1.18.1\STM32CubeIDE\plugins\com.st.stm32cube.common.mx_6.14.1.202504091515\\db\/plugins/mcufinder/images/
2025-06-07 19:30:02,453 [INFO] ApiDb:250 - Set database path to: C:\Users\harri\.stmcufinder\plugins\mcufinder//mcu/
2025-06-07 19:30:02,455 [INFO] DbMcusAds:125 - Set database path to: C:\Users\harri\.stmcufinder\plugins\mcufinder//mcu/
2025-06-07 19:30:02,457 [INFO] CrossReferenceDbSqlite:203 - Set database path to: C:\Users\harri\.stmcufinder\plugins\mcufinder//mcu/cs/
2025-06-07 19:30:02,587 [INFO] RulesReader:64 - Compatibility file has been processed (302 Rules)
2025-06-07 19:30:02,657 [INFO] DbMcusXml:78 - Set database path to: C:\ST\STM32CubeIDE_1.18.1\STM32CubeIDE\plugins\com.st.stm32cube.common.mx_6.14.1.202504091515\\db\/mcu/
2025-06-07 19:30:02,657 [INFO] ApiDb:274 - Set plugin database path to: C:\ST\STM32CubeIDE_1.18.1\STM32CubeIDE\plugins\com.st.stm32cube.common.mx_6.14.1.202504091515\\db\/plugins/boardmanager/
2025-06-07 19:30:02,658 [INFO] ApiDb:261 - Set plugin images path to: C:\ST\STM32CubeIDE_1.18.1\STM32CubeIDE\plugins\com.st.stm32cube.common.mx_6.14.1.202504091515\\db\/plugins/mcufinder/images/
2025-06-07 19:30:02,658 [WARN] DbFile:41 - Overriding database path with different value: C:\Users\harri\.stmcufinder\plugins\mcufinder/ => C:\Users\harri\.stmcufinder\plugins\mcufinder
2025-06-07 19:30:02,658 [INFO] ApiDb:250 - Set database path to: C:\Users\harri\.stmcufinder\plugins\mcufinder//mcu/
2025-06-07 19:30:02,658 [WARN] DbFile:41 - Overriding database path with different value: C:\Users\harri\.stmcufinder\plugins\mcufinder/ => C:\Users\harri\.stmcufinder\plugins\mcufinder
2025-06-07 19:30:02,658 [INFO] DbMcusAds:125 - Set database path to: C:\Users\harri\.stmcufinder\plugins\mcufinder//mcu/
2025-06-07 19:30:02,658 [WARN] DbFile:41 - Overriding database path with different value: C:\Users\harri\.stmcufinder\plugins\mcufinder/ => C:\Users\harri\.stmcufinder\plugins\mcufinder
2025-06-07 19:30:02,658 [WARN] DbFile:41 - Overriding database path with different value: C:\Users\harri\.stmcufinder\plugins\mcufinder/ => C:\Users\harri\.stmcufinder\plugins\mcufinder
2025-06-07 19:30:02,658 [INFO] CrossReferenceDbSqlite:203 - Set database path to: C:\Users\harri\.stmcufinder\plugins\mcufinder//mcu/cs/
2025-06-07 19:30:02,719 [INFO] MainPanel:272 - HeapMemory: 272629760
2025-06-07 19:30:02,790 [INFO] DbMcusXml:78 - Set database path to: C:\ST\STM32CubeIDE_1.18.1\STM32CubeIDE\plugins\com.st.stm32cube.common.mx_6.14.1.202504091515\\db\/mcu/
2025-06-07 19:30:02,790 [INFO] ApiDb:274 - Set plugin database path to: C:\ST\STM32CubeIDE_1.18.1\STM32CubeIDE\plugins\com.st.stm32cube.common.mx_6.14.1.202504091515\\db\/plugins/boardmanager/
2025-06-07 19:30:02,790 [INFO] ApiDb:261 - Set plugin images path to: C:\ST\STM32CubeIDE_1.18.1\STM32CubeIDE\plugins\com.st.stm32cube.common.mx_6.14.1.202504091515\\db\/plugins/mcufinder/images/
2025-06-07 19:30:02,791 [WARN] DbFile:41 - Overriding database path with different value: C:\Users\harri\.stmcufinder\plugins\mcufinder/ => C:\Users\harri\.stmcufinder\plugins\mcufinder
2025-06-07 19:30:02,791 [INFO] ApiDb:250 - Set database path to: C:\Users\harri\.stmcufinder\plugins\mcufinder//mcu/
2025-06-07 19:30:02,791 [WARN] DbFile:41 - Overriding database path with different value: C:\Users\harri\.stmcufinder\plugins\mcufinder/ => C:\Users\harri\.stmcufinder\plugins\mcufinder
2025-06-07 19:30:02,791 [INFO] DbMcusAds:125 - Set database path to: C:\Users\harri\.stmcufinder\plugins\mcufinder//mcu/
2025-06-07 19:30:02,791 [WARN] DbFile:41 - Overriding database path with different value: C:\Users\harri\.stmcufinder\plugins\mcufinder/ => C:\Users\harri\.stmcufinder\plugins\mcufinder
2025-06-07 19:30:02,791 [WARN] DbFile:41 - Overriding database path with different value: C:\Users\harri\.stmcufinder\plugins\mcufinder/ => C:\Users\harri\.stmcufinder\plugins\mcufinder
2025-06-07 19:30:02,791 [INFO] CrossReferenceDbSqlite:203 - Set database path to: C:\Users\harri\.stmcufinder\plugins\mcufinder//mcu/cs/
2025-06-07 19:30:02,805 [INFO] ApplicationProperties:184 - Using Application install path: C:\ST\STM32CubeIDE_1.18.1\STM32CubeIDE\plugins\com.st.stm32cube.common.mx_6.14.1.202504091515
2025-06-07 19:30:02,806 [INFO] PluginManage:196 - Search for loadable plugins [exclusion list=, ]
2025-06-07 19:30:02,807 [INFO] PluginManage:310 - Check plugin analytics
2025-06-07 19:30:03,019 [INFO] AnalyticsPlugin:253 - Accepted Software Licenses: 
2025-06-07 19:30:03,020 [INFO] AnalyticsPlugin:255 - Accepted CMSIS Pack Licenses: 
2025-06-07 19:30:03,020 [INFO] AnalyticsPlugin:257 - Accepted Firmware Licenses: FW.F4.1.28.0
2025-06-07 19:30:03,023 [INFO] PluginManage:359 - Loaded plugin analytics (category:tool,tabindex:-1)
2025-06-07 19:30:03,023 [INFO] PluginManage:310 - Check plugin cadmodel
2025-06-07 19:30:03,023 [ERROR] ConfigurationRetriever:142 - IOException on connection: sw-center.st.com
2025-06-07 19:30:03,024 [ERROR] ConfigurationRetriever:142 - IOException on connection: sw-center.st.com
2025-06-07 19:30:03,025 [ERROR] ConfigurationRetriever:142 - IOException on connection: sw-center.st.com
2025-06-07 19:30:03,028 [INFO] CADModel:105 - Init CAD model plugin
2025-06-07 19:30:03,028 [INFO] PluginManage:359 - Loaded plugin cadmodel (category:power,tabindex:5)
2025-06-07 19:30:03,028 [INFO] PluginManage:310 - Check plugin clock
2025-06-07 19:30:03,039 [INFO] PluginManage:359 - Loaded plugin clock (category:base,tabindex:2)
2025-06-07 19:30:03,039 [INFO] PluginManage:310 - Check plugin ddr
2025-06-07 19:30:03,042 [INFO] PluginManage:359 - Loaded plugin ddr (category:tool,tabindex:6)
2025-06-07 19:30:03,043 [INFO] PluginManage:310 - Check plugin filemanager
2025-06-07 19:30:03,218 [INFO] PluginManage:359 - Loaded plugin filemanager (category:base,tabindex:10)
2025-06-07 19:30:03,218 [INFO] PluginManage:310 - Check plugin ipmanager
2025-06-07 19:30:03,226 [INFO] PluginManage:359 - Loaded plugin ipmanager (category:base,tabindex:5)
2025-06-07 19:30:03,227 [INFO] PluginManage:310 - Check plugin lpbam
2025-06-07 19:30:03,237 [INFO] PluginManage:359 - Loaded plugin lpbam (category:base,tabindex:0)
2025-06-07 19:30:03,237 [INFO] PluginManage:310 - Check plugin memorymap
2025-06-07 19:30:03,251 [INFO] PluginManage:359 - Loaded plugin memorymap (category:base,tabindex:4)
2025-06-07 19:30:03,251 [INFO] PluginManage:310 - Check plugin pinoutandconfiguration
2025-06-07 19:30:03,261 [INFO] PluginManage:359 - Loaded plugin pinoutandconfiguration (category:base,tabindex:1)
2025-06-07 19:30:03,261 [INFO] PluginManage:310 - Check plugin pinoutconfig
2025-06-07 19:30:03,376 [WARN] SupportedApi:132 - Cannot load RTOS API schema: s4s-elt-must-match.1: The content of 'definitions' must match (annotation?, (simpleType | complexType)?, (unique | key | keyref)*)). A problem was found starting at: attribute.
2025-06-07 19:30:03,568 [INFO] PluginManage:359 - Loaded plugin pinoutconfig (category:base,tabindex:0)
2025-06-07 19:30:03,568 [INFO] PluginManage:310 - Check plugin power
2025-06-07 19:30:03,579 [INFO] PluginManage:359 - Loaded plugin power (category:power,tabindex:4)
2025-06-07 19:30:03,579 [INFO] PluginManage:310 - Check plugin projectmanager
2025-06-07 19:30:03,599 [INFO] PluginManage:359 - Loaded plugin projectmanager (category:projectmanager,tabindex:4)
2025-06-07 19:30:03,600 [INFO] PluginManage:310 - Check plugin rif
2025-06-07 19:30:03,607 [INFO] PluginManage:359 - Loaded plugin rif (category:base,tabindex:3)
2025-06-07 19:30:03,607 [INFO] PluginManage:310 - Check plugin thirdparty
2025-06-07 19:30:03,755 [INFO] PluginManage:359 - Loaded plugin thirdparty (category:base,tabindex:-1)
2025-06-07 19:30:03,755 [WARN] IntegrityCheckThread:84 - waiting for thirdparty lock release [integrity check]
2025-06-07 19:30:03,755 [INFO] PluginManage:310 - Check plugin tools
2025-06-07 19:30:03,755 [INFO] IntegrityCheckThread:86 - entering critical section [integrity check]
2025-06-07 19:30:03,756 [INFO] ThirdPartyUpdaterWithRetryManager:70 - Updater plugin not ready yet. [1/15]
2025-06-07 19:30:03,758 [INFO] PluginManage:359 - Loaded plugin tools (category:base,tabindex:7)
2025-06-07 19:30:03,758 [INFO] PluginManage:310 - Check plugin tutovideos
2025-06-07 19:30:04,016 [INFO] PluginManage:359 - Loaded plugin tutovideos (category:base,tabindex:-1)
2025-06-07 19:30:04,017 [INFO] PluginManage:310 - Check plugin updater
2025-06-07 19:30:04,045 [INFO] PluginManage:359 - Loaded plugin updater (category:base,tabindex:12)
2025-06-07 19:30:04,045 [INFO] PluginManage:310 - Check plugin userauth
2025-06-07 19:30:04,049 [INFO] UserAuth:118 - Init User Auth plugin
2025-06-07 19:30:04,050 [INFO] PluginManage:359 - Loaded plugin userauth (category:base,tabindex:14)
2025-06-07 19:30:04,051 [INFO] PluginManage:283 - PluginManage : Loaded plugins [18]
2025-06-07 19:30:04,320 [INFO] PinOutPanel:1589 - setPackage(No Configuration,No Configuration)
2025-06-07 19:30:04,427 [INFO] CADModel:165 - CPN selected for project level
2025-06-07 19:30:04,427 [INFO] CADModel:114 - Register for checkConnection events
2025-06-07 19:30:04,446 [INFO] IPUIPlugin:80 - create IPUIPlugin
2025-06-07 19:30:04,447 [INFO] PluginManager:220 - loadIPPluginJar : add adc
2025-06-07 19:30:04,450 [INFO] IPUIPlugin:80 - create IPUIPlugin
2025-06-07 19:30:04,450 [INFO] PluginManager:220 - loadIPPluginJar : add aes
2025-06-07 19:30:04,454 [INFO] IPUIPlugin:80 - create IPUIPlugin
2025-06-07 19:30:04,454 [INFO] PluginManager:220 - loadIPPluginJar : add can
2025-06-07 19:30:04,457 [INFO] IPUIPlugin:80 - create IPUIPlugin
2025-06-07 19:30:04,457 [INFO] PluginManager:220 - loadIPPluginJar : add comp
2025-06-07 19:30:04,460 [INFO] IPUIPlugin:80 - create IPUIPlugin
2025-06-07 19:30:04,461 [INFO] PluginManager:220 - loadIPPluginJar : add cryp
2025-06-07 19:30:04,464 [INFO] IPUIPlugin:80 - create IPUIPlugin
2025-06-07 19:30:04,464 [INFO] PluginManager:220 - loadIPPluginJar : add ddr_ctrl_phy
2025-06-07 19:30:04,467 [INFO] IPUIPlugin:80 - create IPUIPlugin
2025-06-07 19:30:04,467 [INFO] PluginManager:220 - loadIPPluginJar : add dfsdm
2025-06-07 19:30:04,473 [INFO] IPUIPlugin:80 - create IPUIPlugin
2025-06-07 19:30:04,474 [INFO] PluginManager:220 - loadIPPluginJar : add dma
2025-06-07 19:30:04,477 [INFO] IPUIPlugin:80 - create IPUIPlugin
2025-06-07 19:30:04,477 [INFO] PluginManager:220 - loadIPPluginJar : add dma3
2025-06-07 19:30:04,481 [INFO] IPUIPlugin:80 - create IPUIPlugin
2025-06-07 19:30:04,481 [INFO] PluginManager:220 - loadIPPluginJar : add extmemmanager
2025-06-07 19:30:04,483 [INFO] IPUIPlugin:80 - create IPUIPlugin
2025-06-07 19:30:04,484 [INFO] PluginManager:220 - loadIPPluginJar : add fatfs
2025-06-07 19:30:04,490 [INFO] IPUIPlugin:80 - create IPUIPlugin
2025-06-07 19:30:04,490 [INFO] PluginManager:220 - loadIPPluginJar : add fmc
2025-06-07 19:30:04,496 [INFO] IPUIPlugin:80 - create IPUIPlugin
2025-06-07 19:30:04,496 [INFO] PluginManager:220 - loadIPPluginJar : add freertos
2025-06-07 19:30:04,498 [INFO] IPUIPlugin:80 - create IPUIPlugin
2025-06-07 19:30:04,498 [INFO] PluginManager:220 - loadIPPluginJar : add genericplugin
2025-06-07 19:30:04,501 [INFO] IPUIPlugin:80 - create IPUIPlugin
2025-06-07 19:30:04,501 [INFO] PluginManager:220 - loadIPPluginJar : add gfxmmu
2025-06-07 19:30:04,507 [INFO] IPUIPlugin:80 - create IPUIPlugin
2025-06-07 19:30:04,507 [INFO] PluginManager:220 - loadIPPluginJar : add gic
2025-06-07 19:30:04,512 [INFO] IPUIPlugin:80 - create IPUIPlugin
2025-06-07 19:30:04,512 [INFO] PluginManager:220 - loadIPPluginJar : add gpio
2025-06-07 19:30:04,515 [INFO] IPUIPlugin:80 - create IPUIPlugin
2025-06-07 19:30:04,515 [INFO] PluginManager:220 - loadIPPluginJar : add gtzc
2025-06-07 19:30:04,518 [INFO] IPUIPlugin:80 - create IPUIPlugin
2025-06-07 19:30:04,518 [INFO] PluginManager:220 - loadIPPluginJar : add hash
2025-06-07 19:30:04,522 [INFO] IPUIPlugin:80 - create IPUIPlugin
2025-06-07 19:30:04,522 [INFO] PluginManager:220 - loadIPPluginJar : add i2c
2025-06-07 19:30:04,526 [INFO] IPUIPlugin:80 - create IPUIPlugin
2025-06-07 19:30:04,526 [INFO] PluginManager:220 - loadIPPluginJar : add i2s
2025-06-07 19:30:04,530 [INFO] IPUIPlugin:80 - create IPUIPlugin
2025-06-07 19:30:04,530 [INFO] PluginManager:220 - loadIPPluginJar : add i3c
2025-06-07 19:30:04,533 [INFO] IPUIPlugin:80 - create IPUIPlugin
2025-06-07 19:30:04,534 [INFO] PluginManager:220 - loadIPPluginJar : add ipddr
2025-06-07 19:30:04,541 [INFO] IPUIPlugin:80 - create IPUIPlugin
2025-06-07 19:30:04,541 [INFO] PluginManager:220 - loadIPPluginJar : add linkedlist
2025-06-07 19:30:04,545 [INFO] IPUIPlugin:80 - create IPUIPlugin
2025-06-07 19:30:04,545 [INFO] PluginManager:220 - loadIPPluginJar : add lorawan
2025-06-07 19:30:04,547 [INFO] IPUIPlugin:80 - create IPUIPlugin
2025-06-07 19:30:04,547 [INFO] PluginManager:220 - loadIPPluginJar : add ltdc
2025-06-07 19:30:04,553 [INFO] IPUIPlugin:80 - create IPUIPlugin
2025-06-07 19:30:04,553 [INFO] PluginManager:220 - loadIPPluginJar : add mdma
2025-06-07 19:30:04,557 [INFO] IPUIPlugin:80 - create IPUIPlugin
2025-06-07 19:30:04,557 [INFO] PluginManager:220 - loadIPPluginJar : add nvic
2025-06-07 19:30:04,560 [INFO] IPUIPlugin:80 - create IPUIPlugin
2025-06-07 19:30:04,561 [INFO] PluginManager:220 - loadIPPluginJar : add opamp
2025-06-07 19:30:04,565 [INFO] IPUIPlugin:80 - create IPUIPlugin
2025-06-07 19:30:04,565 [INFO] PluginManager:220 - loadIPPluginJar : add openamp
2025-06-07 19:30:04,568 [INFO] IPUIPlugin:80 - create IPUIPlugin
2025-06-07 19:30:04,569 [INFO] PluginManager:220 - loadIPPluginJar : add pdm2pcm
2025-06-07 19:30:04,576 [INFO] IPUIPlugin:80 - create IPUIPlugin
2025-06-07 19:30:04,579 [INFO] PluginManager:220 - loadIPPluginJar : add plateformsettings
2025-06-07 19:30:04,581 [INFO] IPUIPlugin:80 - create IPUIPlugin
2025-06-07 19:30:04,582 [INFO] PluginManager:220 - loadIPPluginJar : add quadspi
2025-06-07 19:30:04,584 [INFO] IPUIPlugin:80 - create IPUIPlugin
2025-06-07 19:30:04,585 [INFO] PluginManager:220 - loadIPPluginJar : add radio
2025-06-07 19:30:04,589 [INFO] IPUIPlugin:80 - create IPUIPlugin
2025-06-07 19:30:04,589 [INFO] PluginManager:220 - loadIPPluginJar : add resmgrutility
2025-06-07 19:30:04,593 [INFO] IPUIPlugin:80 - create IPUIPlugin
2025-06-07 19:30:04,593 [INFO] PluginManager:220 - loadIPPluginJar : add sai
2025-06-07 19:30:04,596 [INFO] IPUIPlugin:80 - create IPUIPlugin
2025-06-07 19:30:04,596 [INFO] PluginManager:220 - loadIPPluginJar : add spi
2025-06-07 19:30:04,603 [INFO] IPUIPlugin:80 - create IPUIPlugin
2025-06-07 19:30:04,603 [INFO] PluginManager:220 - loadIPPluginJar : add stm32_wpan
2025-06-07 19:30:04,605 [INFO] IPUIPlugin:80 - create IPUIPlugin
2025-06-07 19:30:04,606 [INFO] PluginManager:220 - loadIPPluginJar : add tim
2025-06-07 19:30:04,609 [INFO] IPUIPlugin:80 - create IPUIPlugin
2025-06-07 19:30:04,609 [INFO] PluginManager:220 - loadIPPluginJar : add touchsensing
2025-06-07 19:30:04,612 [INFO] IPUIPlugin:80 - create IPUIPlugin
2025-06-07 19:30:04,612 [INFO] PluginManager:220 - loadIPPluginJar : add tracer_emb
2025-06-07 19:30:04,614 [INFO] IPUIPlugin:80 - create IPUIPlugin
2025-06-07 19:30:04,615 [INFO] PluginManager:220 - loadIPPluginJar : add ts
2025-06-07 19:30:04,616 [INFO] IPUIPlugin:80 - create IPUIPlugin
2025-06-07 19:30:04,617 [INFO] PluginManager:220 - loadIPPluginJar : add tsc
2025-06-07 19:30:04,619 [INFO] IPUIPlugin:80 - create IPUIPlugin
2025-06-07 19:30:04,619 [INFO] PluginManager:220 - loadIPPluginJar : add ucpd
2025-06-07 19:30:04,622 [INFO] IPUIPlugin:80 - create IPUIPlugin
2025-06-07 19:30:04,622 [INFO] PluginManager:220 - loadIPPluginJar : add usart
2025-06-07 19:30:04,627 [INFO] IPUIPlugin:80 - create IPUIPlugin
2025-06-07 19:30:04,627 [INFO] PluginManager:220 - loadIPPluginJar : add usbx
2025-06-07 19:30:04,873 [FATAL] Updater:351 - Updater called before beeing initialized
2025-06-07 19:30:04,906 [INFO] RulesReader:64 - Compatibility file has been processed (302 Rules)
2025-06-07 19:30:04,921 [INFO] RulesReader:64 - Compatibility file has been processed (302 Rules)
2025-06-07 19:30:04,930 [INFO] CADModel:165 - CPN selected for project level
2025-06-07 19:30:04,930 [INFO] CADModel:114 - Register for checkConnection events
2025-06-07 19:30:04,930 [FATAL] Updater:351 - Updater called before beeing initialized
2025-06-07 19:30:04,931 [ERROR] CADModel:125 - Updater not yet initialized, retry later 
2025-06-07 19:30:05,118 [FATAL] Updater:351 - Updater called before beeing initialized
2025-06-07 19:30:05,120 [INFO] CADModel:165 - CPN selected for project level
2025-06-07 19:30:05,120 [INFO] CADModel:114 - Register for checkConnection events
2025-06-07 19:30:05,120 [FATAL] Updater:351 - Updater called before beeing initialized
2025-06-07 19:30:05,120 [ERROR] CADModel:125 - Updater not yet initialized, retry later 
2025-06-07 19:30:05,124 [FATAL] Updater:351 - Updater called before beeing initialized
2025-06-07 19:30:05,316 [FATAL] Updater:351 - Updater called before beeing initialized
2025-06-07 19:30:05,321 [INFO] DbMcusAds:53 - JSON generation date=Wed May 07 14:37:55 IST 2025 (1746608875484)
2025-06-07 19:30:05,321 [FATAL] Updater:351 - Updater called before beeing initialized
2025-06-07 19:30:05,372 [WARN] DetailPanel:346 - Failed to get advertising image, set to default
2025-06-07 19:30:05,770 [FATAL] Updater:351 - Updater called before beeing initialized
2025-06-07 19:30:05,772 [FATAL] Updater:351 - Updater called before beeing initialized
2025-06-07 19:30:05,772 [FATAL] Updater:351 - Updater called before beeing initialized
2025-06-07 19:30:05,772 [WARN] DetailPanel:346 - Failed to get advertising image, set to default
2025-06-07 19:30:05,774 [FATAL] Updater:351 - Updater called before beeing initialized
2025-06-07 19:30:05,838 [ERROR] Updater:1198 - MainUpdater not yet initialized. External WinMGr cannot be set.
2025-06-07 19:30:05,840 [INFO] Updater:1134 - Updater Version found : 6.14.1
2025-06-07 19:30:05,852 [INFO] ApplicationProperties:184 - Using Application install path: C:\ST\STM32CubeIDE_1.18.1\STM32CubeIDE\plugins\com.st.stm32cube.common.mx_6.14.1.202504091515
2025-06-07 19:30:06,756 [INFO] ThirdPartyUpdaterWithRetryManager:70 - Updater plugin not ready yet. [2/15]
2025-06-07 19:30:07,420 [ERROR] LogOutputStream:75 - [STDERR_REDIRECT] Jun 07, 2025 7:30:07 PM java.util.prefs.WindowsPreferences <init>
2025-06-07 19:30:07,423 [ERROR] LogOutputStream:75 - [STDERR_REDIRECT] WARNING: Could not open/create prefs root node Software\JavaSoft\Prefs at root 0xffffffff80000002. Windows RegCreateKeyEx(...) returned error code 5.
2025-06-07 19:30:07,423 [ERROR] LogOutputStream:75 - [STDERR_REDIRECT] 
2025-06-07 19:30:07,636 [INFO] MainUpdater:2872 - connection check result : 22
2025-06-07 19:30:07,637 [INFO] MainUpdater:289 - Updater Check For Update Now.
2025-06-07 19:30:07,637 [INFO] MicroXplorer:498 - Change Database Version : DB.6.0.141
2025-06-07 19:30:07,644 [INFO] McuFinderGlobals:63 - Set McuFinder mode to 2 (CubeIDE integrated)
2025-06-07 19:30:07,645 [INFO] UserAuth:484 - Internet connection configuration mode: 2
2025-06-07 19:30:07,650 [INFO] UserAuth:484 - Internet connection configuration mode: 2
2025-06-07 19:30:07,804 [ERROR] LogOutputStream:75 - [STDERR_REDIRECT] [Fatal Error] :1:1: Premature end of file.
2025-06-07 19:30:07,804 [ERROR] LogOutputStream:75 - [STDERR_REDIRECT] 
2025-06-07 19:30:07,858 [INFO] CheckServerUpdateThread:120 - End of CheckServer Thread
2025-06-07 19:30:08,729 [ERROR] LogOutputStream:75 - [STDERR_REDIRECT] [Fatal Error] :1:1: Premature end of file.
2025-06-07 19:30:08,729 [ERROR] LogOutputStream:75 - [STDERR_REDIRECT] 
2025-06-07 19:30:09,728 [ERROR] LogOutputStream:75 - [STDERR_REDIRECT] [Fatal Error] :1:1: Premature end of file.
2025-06-07 19:30:09,729 [ERROR] LogOutputStream:75 - [STDERR_REDIRECT] 
2025-06-07 19:30:09,933 [WARN] PackLoader:240 - Cannot read IP mode file for STMicroelectronics.FP-SNS-MOTENVWB1.1.4.0
2025-06-07 19:30:09,941 [WARN] PackLoader:240 - Cannot read IP mode file for STMicroelectronics.FP-ATR-ASTRA1.2.0.2
2025-06-07 19:30:09,948 [WARN] PackLoader:240 - Cannot read IP mode file for STMicroelectronics.X-CUBE-SMBUS.2.1.0
2025-06-07 19:30:09,951 [WARN] PackLoader:240 - Cannot read IP mode file for STMicroelectronics.X-CUBE-ST60.1.0.0
2025-06-07 19:30:09,979 [WARN] PackLoader:240 - Cannot read IP mode file for STMicroelectronics.X-CUBE-AZRTOS-F7.1.1.0
2025-06-07 19:30:10,005 [WARN] PackLoader:240 - Cannot read IP mode file for Infineon.AIROC-Wi-Fi-Bluetooth-STM32.1.7.0
2025-06-07 19:30:10,015 [WARN] PackLoader:240 - Cannot read IP mode file for STMicroelectronics.X-CUBE-DISPLAY.3.0.0
2025-06-07 19:30:10,026 [WARN] PackLoader:240 - Cannot read IP mode file for STMicroelectronics.X-CUBE-NFC10.1.0.0
2025-06-07 19:30:10,036 [WARN] PackLoader:240 - Cannot read IP mode file for STMicroelectronics.X-CUBE-BLEMGR.4.0.0
2025-06-07 19:30:10,050 [WARN] PackLoader:240 - Cannot read IP mode file for emotas.I-CUBE-CANOPEN.1.3.0
2025-06-07 19:30:10,054 [WARN] ConditionMgr:438 - getConditionDescription Invalid condition id : Cortex-A Device cause : null
2025-06-07 19:30:10,065 [WARN] ConditionMgr:1044 - genDependencies : Invalid condition id : Cortex-A Device cause : null
2025-06-07 19:30:10,065 [WARN] ConditionMgr:1044 - genDependencies : Invalid condition id : Cortex-A Device cause : null
2025-06-07 19:30:10,065 [WARN] ConditionMgr:1044 - genDependencies : Invalid condition id : Cortex-A Device cause : null
2025-06-07 19:30:10,068 [WARN] PackLoader:240 - Cannot read IP mode file for STMicroelectronics.X-CUBE-AI.10.0.0
2025-06-07 19:30:10,073 [WARN] PackLoader:240 - Cannot read IP mode file for STMicroelectronics.FP-SNS-SMARTAG2.1.2.0
2025-06-07 19:30:10,077 [WARN] PackLoader:240 - Cannot read IP mode file for STMicroelectronics.FP-SNS-FLIGHT1.5.1.0
2025-06-07 19:30:10,088 [INFO] LogOutputStream:77 - [STDOUT_REDIRECT] 1 : Invalid condition id : UX_CORESTACK_Condition cause : null
2025-06-07 19:30:10,088 [INFO] LogOutputStream:77 - [STDOUT_REDIRECT] 1 : Invalid condition id : UX_CORESTACK_Condition cause : null
2025-06-07 19:30:10,089 [INFO] LogOutputStream:77 - [STDOUT_REDIRECT] 1 : Invalid condition id : UX_CORESTACK_Condition cause : null
2025-06-07 19:30:10,090 [INFO] LogOutputStream:77 - [STDOUT_REDIRECT] 1 : Invalid condition id : UX_CORESTACK_Condition cause : null
2025-06-07 19:30:10,091 [INFO] LogOutputStream:77 - [STDOUT_REDIRECT] 1 : Invalid condition id : UX_CORESTACK_Condition cause : null
2025-06-07 19:30:10,093 [WARN] PackLoader:240 - Cannot read IP mode file for STMicroelectronics.X-CUBE-AZRTOS-WL.2.0.0
2025-06-07 19:30:10,097 [WARN] PackLoader:240 - Cannot read IP mode file for STMicroelectronics.FP-SNS-MOTENV1.5.0.0
2025-06-07 19:30:10,103 [WARN] PackLoader:240 - Cannot read IP mode file for WES.I-CUBE-Cesium.1.3.0
2025-06-07 19:30:10,108 [WARN] PackLoader:240 - Cannot read IP mode file for STMicroelectronics.X-CUBE-BLE2.3.3.0
2025-06-07 19:30:10,113 [WARN] PackLoader:240 - Cannot read IP mode file for STMicroelectronics.X-CUBE-NFC9.1.0.0
2025-06-07 19:30:10,117 [WARN] PackLoader:240 - Cannot read IP mode file for wolfSSL.I-CUBE-wolfSSL.5.8.0
2025-06-07 19:30:10,121 [WARN] PackLoader:240 - Cannot read IP mode file for STMicroelectronics.X-CUBE-BLE1.7.1.0
2025-06-07 19:30:10,123 [WARN] PackLoader:240 - Cannot read IP mode file for wolfSSL.I-CUBE-wolfMQTT.1.19.2
2025-06-07 19:30:10,126 [WARN] PackLoader:240 - Cannot read IP mode file for STMicroelectronics.X-CUBE-AI.10.1.0
2025-06-07 19:30:10,160 [WARN] PackLoader:240 - Cannot read IP mode file for STMicroelectronics.X-CUBE-MEMS1.11.2.0
2025-06-07 19:30:10,271 [WARN] PackLoader:240 - Cannot read IP mode file for STMicroelectronics.X-CUBE-AZRTOS-G0.1.1.0
2025-06-07 19:30:10,278 [WARN] PackLoader:240 - Cannot read IP mode file for STMicroelectronics.X-CUBE-SAFEA1.1.2.2
2025-06-07 19:30:10,284 [WARN] PackLoader:240 - Cannot read IP mode file for STMicroelectronics.X-CUBE-NFC4.3.0.0
2025-06-07 19:30:10,291 [WARN] PackLoader:240 - Cannot read IP mode file for EmbeddedOffice.I-CUBE-FS-RTOS.1.0.1
2025-06-07 19:30:10,296 [WARN] PackLoader:240 - Cannot read IP mode file for STMicroelectronics.X-CUBE-WB05N.2.0.0
2025-06-07 19:30:10,300 [WARN] PackLoader:240 - Cannot read IP mode file for wolfSSL.I-CUBE-wolfTPM.3.8.0
2025-06-07 19:30:10,304 [WARN] PackLoader:240 - Cannot read IP mode file for STMicroelectronics.X-CUBE-TCPP.4.2.0
2025-06-07 19:30:10,309 [WARN] PackLoader:240 - Cannot read IP mode file for RealThread.X-CUBE-RT-Thread_Nano.4.1.1
2025-06-07 19:30:10,313 [WARN] PackLoader:240 - Cannot read IP mode file for STMicroelectronics.FP-ATR-SIGFOX1.3.2.0
2025-06-07 19:30:10,318 [WARN] PackLoader:240 - Cannot read IP mode file for STMicroelectronics.X-CUBE-EEPRMA1.5.1.0
2025-06-07 19:30:10,323 [WARN] PackLoader:240 - Cannot read IP mode file for ITTIA_DB.I-CUBE-ITTIADB.8.9.0
2025-06-07 19:30:10,328 [WARN] PackLoader:240 - Cannot read IP mode file for STMicroelectronics.X-CUBE-ST67W61.1.0.0
2025-06-07 19:30:10,344 [WARN] PackLoader:240 - Cannot read IP mode file for SEGGER.I-CUBE-embOS.1.3.1
2025-06-07 19:30:10,380 [WARN] PackLoader:240 - Cannot read IP mode file for STMicroelectronics.X-CUBE-ALGOBUILD.1.4.0
2025-06-07 19:30:10,391 [WARN] PackLoader:240 - Cannot read IP mode file for STMicroelectronics.X-CUBE-AZRTOS-F4.1.1.0
2025-06-07 19:30:10,395 [WARN] PackLoader:240 - Cannot read IP mode file for Avnet-IotConnect.X-CUBE-IoTC-DA16k-PMOD.1.0.0
2025-06-07 19:30:10,398 [WARN] PackLoader:240 - Cannot read IP mode file for STMicroelectronics.X-CUBE-ISPU.2.1.0
2025-06-07 19:30:10,408 [WARN] PackLoader:240 - Cannot read IP mode file for STMicroelectronics.X-CUBE-AZRTOS-L5.2.0.0
2025-06-07 19:30:10,415 [WARN] PackLoader:240 - Cannot read IP mode file for STMicroelectronics.X-CUBE-NFC6.3.1.0
2025-06-07 19:30:10,420 [WARN] PackLoader:240 - Cannot read IP mode file for STMicroelectronics.X-CUBE-FREERTOS.1.3.1
2025-06-07 19:30:10,424 [WARN] PackLoader:240 - Cannot read IP mode file for STMicroelectronics.X-CUBE-DPower.1.3.0
2025-06-07 19:30:10,435 [WARN] ConditionMgr:438 - getConditionDescription Invalid condition id : LAN8742 Phy interface Condition cause : null
2025-06-07 19:30:10,436 [WARN] PackLoader:240 - Cannot read IP mode file for STMicroelectronics.X-CUBE-AZRTOS-L4.2.0.0
2025-06-07 19:30:10,437 [WARN] ConditionMgr:1044 - genDependencies : Invalid condition id : LAN8742 Phy interface Condition cause : null
2025-06-07 19:30:10,437 [WARN] ConditionMgr:1044 - genDependencies : Invalid condition id : LAN8742 Phy interface Condition cause : null
2025-06-07 19:30:10,437 [WARN] ConditionMgr:1044 - genDependencies : Invalid condition id : LAN8742 Phy interface Condition cause : null
2025-06-07 19:30:10,442 [WARN] PackLoader:240 - Cannot read IP mode file for STMicroelectronics.X-CUBE-SFXS2LP1.4.0.0
2025-06-07 19:30:10,463 [WARN] PackLoader:240 - Cannot read IP mode file for STMicroelectronics.X-CUBE-AZRTOS-H7.3.3.0
2025-06-07 19:30:10,478 [WARN] ConditionMgr:438 - getConditionDescription Invalid condition id : UX DEVICE CLASS RTOS Condition cause : null
2025-06-07 19:30:10,478 [WARN] ConditionMgr:438 - getConditionDescription Invalid condition id : UX DEVICE CLASS RTOS Condition cause : null
2025-06-07 19:30:10,480 [WARN] PackLoader:240 - Cannot read IP mode file for STMicroelectronics.X-CUBE-AZRTOS-WB.2.0.0
2025-06-07 19:30:10,480 [WARN] ConditionMgr:1044 - genDependencies : Invalid condition id : UX DEVICE CLASS RTOS Condition cause : null
2025-06-07 19:30:10,481 [WARN] ConditionMgr:1044 - genDependencies : Invalid condition id : UX DEVICE CLASS RTOS Condition cause : null
2025-06-07 19:30:10,481 [WARN] ConditionMgr:1044 - genDependencies : Invalid condition id : UX DEVICE CLASS RTOS Condition cause : null
2025-06-07 19:30:10,481 [WARN] ConditionMgr:1044 - genDependencies : Invalid condition id : UX DEVICE CLASS RTOS Condition cause : null
2025-06-07 19:30:10,481 [WARN] ConditionMgr:1044 - genDependencies : Invalid condition id : UX DEVICE CLASS RTOS Condition cause : null
2025-06-07 19:30:10,486 [WARN] PackLoader:240 - Cannot read IP mode file for STMicroelectronics.X-CUBE-GNSS1.7.0.1
2025-06-07 19:30:10,491 [WARN] PackLoader:240 - Cannot read IP mode file for STMicroelectronics.X-CUBE-TOUCHGFX.4.25.0
2025-06-07 19:30:10,498 [WARN] PackLoader:240 - Cannot read IP mode file for STMicroelectronics.FP-SNS-STBOX1.2.0.0
2025-06-07 19:30:10,510 [WARN] PackLoader:240 - Cannot read IP mode file for STMicroelectronics.X-CUBE-SUBG2.5.0.0
2025-06-07 19:30:10,532 [WARN] PackLoader:240 - Cannot read IP mode file for STMicroelectronics.X-CUBE-AZRTOS-H7RS.1.1.0
2025-06-07 19:30:10,538 [WARN] PackLoader:240 - Cannot read IP mode file for Cesanta.I-CUBE-Mongoose.7.13.0
2025-06-07 19:30:10,548 [WARN] PackLoader:240 - Cannot read IP mode file for STMicroelectronics.X-CUBE-AZRTOS-G4.2.0.0
2025-06-07 19:30:10,553 [WARN] PackLoader:240 - Cannot read IP mode file for wolfSSL.I-CUBE-wolfSSH.1.4.20
2025-06-07 19:30:10,558 [WARN] PackLoader:240 - Cannot read IP mode file for STMicroelectronics.X-CUBE-NFC7.2.0.0
2025-06-07 19:30:10,587 [WARN] PackLoader:240 - Cannot read IP mode file for STMicroelectronics.X-CUBE-IPS.3.1.0
2025-06-07 19:30:10,595 [WARN] PackLoader:240 - Cannot read IP mode file for STMicroelectronics.X-CUBE-ALS.1.0.2
2025-06-07 19:30:10,600 [WARN] PackLoader:240 - Cannot read IP mode file for portGmbH.I-Cube-SoM-uGOAL.1.1.0
2025-06-07 19:30:10,608 [WARN] PackLoader:240 - Cannot read IP mode file for STMicroelectronics.X-CUBE-TOF1.3.4.3
2025-06-07 19:30:10,615 [INFO] ThirdParty:978 - Integrity check success = true
2025-06-07 19:30:10,615 [INFO] IntegrityCheckThread:100 - exiting critical section [integrity check]
2025-06-07 19:30:10,615 [INFO] IntegrityCheckThread:103 - End integrity checks thread
2025-06-07 19:30:10,727 [ERROR] LogOutputStream:75 - [STDERR_REDIRECT] [Fatal Error] :1:1: Premature end of file.
2025-06-07 19:30:10,727 [ERROR] LogOutputStream:75 - [STDERR_REDIRECT] 
2025-06-07 19:30:11,728 [ERROR] LogOutputStream:75 - [STDERR_REDIRECT] [Fatal Error] :1:1: Premature end of file.
2025-06-07 19:30:11,728 [ERROR] LogOutputStream:75 - [STDERR_REDIRECT] 
2025-06-07 19:30:12,728 [ERROR] LogOutputStream:75 - [STDERR_REDIRECT] [Fatal Error] :1:1: Premature end of file.
2025-06-07 19:30:12,728 [ERROR] LogOutputStream:75 - [STDERR_REDIRECT] 
2025-06-07 19:30:13,731 [ERROR] LogOutputStream:75 - [STDERR_REDIRECT] [Fatal Error] :1:1: Premature end of file.
2025-06-07 19:30:13,731 [ERROR] LogOutputStream:75 - [STDERR_REDIRECT] 
2025-06-07 19:30:14,728 [ERROR] LogOutputStream:75 - [STDERR_REDIRECT] [Fatal Error] :1:1: Premature end of file.
2025-06-07 19:30:14,728 [ERROR] LogOutputStream:75 - [STDERR_REDIRECT] 
2025-06-07 19:30:15,728 [ERROR] LogOutputStream:75 - [STDERR_REDIRECT] [Fatal Error] :1:1: Premature end of file.
2025-06-07 19:30:15,729 [ERROR] LogOutputStream:75 - [STDERR_REDIRECT] 
2025-06-07 19:30:16,727 [ERROR] LogOutputStream:75 - [STDERR_REDIRECT] [Fatal Error] :1:1: Premature end of file.
2025-06-07 19:30:16,727 [ERROR] LogOutputStream:75 - [STDERR_REDIRECT] 
2025-06-07 19:30:17,726 [ERROR] LogOutputStream:75 - [STDERR_REDIRECT] [Fatal Error] :1:1: Premature end of file.
2025-06-07 19:30:17,728 [ERROR] LogOutputStream:75 - [STDERR_REDIRECT] 
2025-06-07 19:30:18,726 [ERROR] LogOutputStream:75 - [STDERR_REDIRECT] [Fatal Error] :1:1: Premature end of file.
2025-06-07 19:30:18,726 [ERROR] LogOutputStream:75 - [STDERR_REDIRECT] 
2025-06-07 19:30:19,727 [ERROR] LogOutputStream:75 - [STDERR_REDIRECT] [Fatal Error] :1:1: Premature end of file.
2025-06-07 19:30:19,728 [ERROR] LogOutputStream:75 - [STDERR_REDIRECT] 
2025-06-07 19:30:20,727 [ERROR] LogOutputStream:75 - [STDERR_REDIRECT] [Fatal Error] :1:1: Premature end of file.
2025-06-07 19:30:20,727 [ERROR] LogOutputStream:75 - [STDERR_REDIRECT] 
2025-06-07 19:30:21,729 [ERROR] LogOutputStream:75 - [STDERR_REDIRECT] [Fatal Error] :1:1: Premature end of file.
2025-06-07 19:30:21,729 [ERROR] LogOutputStream:75 - [STDERR_REDIRECT] 
2025-06-07 19:30:22,729 [ERROR] LogOutputStream:75 - [STDERR_REDIRECT] [Fatal Error] :1:1: Premature end of file.
2025-06-07 19:30:22,729 [ERROR] LogOutputStream:75 - [STDERR_REDIRECT] 
2025-06-07 19:30:23,728 [ERROR] LogOutputStream:75 - [STDERR_REDIRECT] [Fatal Error] :1:1: Premature end of file.
2025-06-07 19:30:23,729 [ERROR] LogOutputStream:75 - [STDERR_REDIRECT] 
2025-06-07 19:30:24,727 [ERROR] LogOutputStream:75 - [STDERR_REDIRECT] [Fatal Error] :1:1: Premature end of file.
2025-06-07 19:30:24,727 [ERROR] LogOutputStream:75 - [STDERR_REDIRECT] 
2025-06-07 19:30:25,728 [ERROR] LogOutputStream:75 - [STDERR_REDIRECT] [Fatal Error] :1:1: Premature end of file.
2025-06-07 19:30:25,728 [ERROR] LogOutputStream:75 - [STDERR_REDIRECT] 
2025-06-07 19:30:26,729 [ERROR] LogOutputStream:75 - [STDERR_REDIRECT] [Fatal Error] :1:1: Premature end of file.
2025-06-07 19:30:26,729 [ERROR] LogOutputStream:75 - [STDERR_REDIRECT] 
2025-06-07 19:30:27,728 [ERROR] LogOutputStream:75 - [STDERR_REDIRECT] [Fatal Error] :1:1: Premature end of file.
2025-06-07 19:30:27,728 [ERROR] LogOutputStream:75 - [STDERR_REDIRECT] 
2025-06-07 19:30:28,732 [ERROR] LogOutputStream:75 - [STDERR_REDIRECT] [Fatal Error] :1:1: Premature end of file.
2025-06-07 19:30:28,732 [ERROR] LogOutputStream:75 - [STDERR_REDIRECT] 
2025-06-07 19:30:29,727 [ERROR] LogOutputStream:75 - [STDERR_REDIRECT] [Fatal Error] :1:1: Premature end of file.
2025-06-07 19:30:29,727 [ERROR] LogOutputStream:75 - [STDERR_REDIRECT] 
2025-06-07 19:30:30,727 [ERROR] LogOutputStream:75 - [STDERR_REDIRECT] [Fatal Error] :1:1: Premature end of file.
2025-06-07 19:30:30,727 [ERROR] LogOutputStream:75 - [STDERR_REDIRECT] 
2025-06-07 19:30:31,727 [ERROR] LogOutputStream:75 - [STDERR_REDIRECT] [Fatal Error] :1:1: Premature end of file.
2025-06-07 19:30:31,727 [ERROR] LogOutputStream:75 - [STDERR_REDIRECT] 
2025-06-07 19:30:32,728 [ERROR] LogOutputStream:75 - [STDERR_REDIRECT] [Fatal Error] :1:1: Premature end of file.
2025-06-07 19:30:32,729 [ERROR] LogOutputStream:75 - [STDERR_REDIRECT] 
2025-06-07 19:30:33,727 [ERROR] LogOutputStream:75 - [STDERR_REDIRECT] [Fatal Error] :1:1: Premature end of file.
2025-06-07 19:30:33,727 [ERROR] LogOutputStream:75 - [STDERR_REDIRECT] 
2025-06-07 19:30:34,729 [ERROR] LogOutputStream:75 - [STDERR_REDIRECT] [Fatal Error] :1:1: Premature end of file.
2025-06-07 19:30:34,729 [ERROR] LogOutputStream:75 - [STDERR_REDIRECT] 
2025-06-07 19:30:35,728 [ERROR] LogOutputStream:75 - [STDERR_REDIRECT] [Fatal Error] :1:1: Premature end of file.
2025-06-07 19:30:35,728 [ERROR] LogOutputStream:75 - [STDERR_REDIRECT] 
2025-06-07 19:30:36,728 [ERROR] LogOutputStream:75 - [STDERR_REDIRECT] [Fatal Error] :1:1: Premature end of file.
2025-06-07 19:30:36,728 [ERROR] LogOutputStream:75 - [STDERR_REDIRECT] 
2025-06-07 19:30:37,729 [ERROR] LogOutputStream:75 - [STDERR_REDIRECT] [Fatal Error] :1:1: Premature end of file.
2025-06-07 19:30:37,729 [ERROR] LogOutputStream:75 - [STDERR_REDIRECT] 
2025-06-07 19:30:38,727 [ERROR] LogOutputStream:75 - [STDERR_REDIRECT] [Fatal Error] :1:1: Premature end of file.
2025-06-07 19:30:38,727 [ERROR] LogOutputStream:75 - [STDERR_REDIRECT] 
2025-06-07 19:30:39,727 [ERROR] LogOutputStream:75 - [STDERR_REDIRECT] [Fatal Error] :1:1: Premature end of file.
2025-06-07 19:30:39,727 [ERROR] LogOutputStream:75 - [STDERR_REDIRECT] 
2025-06-07 19:30:40,729 [ERROR] LogOutputStream:75 - [STDERR_REDIRECT] [Fatal Error] :1:1: Premature end of file.
2025-06-07 19:30:40,729 [ERROR] LogOutputStream:75 - [STDERR_REDIRECT] 
2025-06-07 19:30:41,727 [ERROR] LogOutputStream:75 - [STDERR_REDIRECT] [Fatal Error] :1:1: Premature end of file.
2025-06-07 19:30:41,727 [ERROR] LogOutputStream:75 - [STDERR_REDIRECT] 
2025-06-07 19:30:42,730 [ERROR] LogOutputStream:75 - [STDERR_REDIRECT] [Fatal Error] :1:1: Premature end of file.
2025-06-07 19:30:42,730 [ERROR] LogOutputStream:75 - [STDERR_REDIRECT] 
2025-06-07 19:30:43,727 [ERROR] LogOutputStream:75 - [STDERR_REDIRECT] [Fatal Error] :1:1: Premature end of file.
2025-06-07 19:30:43,728 [ERROR] LogOutputStream:75 - [STDERR_REDIRECT] 
2025-06-07 19:30:44,729 [ERROR] LogOutputStream:75 - [STDERR_REDIRECT] [Fatal Error] :1:1: Premature end of file.
2025-06-07 19:30:44,729 [ERROR] LogOutputStream:75 - [STDERR_REDIRECT] 
2025-06-07 19:30:45,728 [ERROR] LogOutputStream:75 - [STDERR_REDIRECT] [Fatal Error] :1:1: Premature end of file.
2025-06-07 19:30:45,728 [ERROR] LogOutputStream:75 - [STDERR_REDIRECT] 
2025-06-07 19:30:46,727 [ERROR] LogOutputStream:75 - [STDERR_REDIRECT] [Fatal Error] :1:1: Premature end of file.
2025-06-07 19:30:46,728 [ERROR] LogOutputStream:75 - [STDERR_REDIRECT] 
2025-06-07 19:30:47,728 [ERROR] LogOutputStream:75 - [STDERR_REDIRECT] [Fatal Error] :1:1: Premature end of file.
2025-06-07 19:30:47,728 [ERROR] LogOutputStream:75 - [STDERR_REDIRECT] 
2025-06-07 19:30:48,022 [ERROR] ConfigurationRetriever:142 - IOException on connection: sw-center.st.com
2025-06-07 19:30:48,022 [ERROR] ConfigurationRetriever:142 - IOException on connection: sw-center.st.com
2025-06-07 19:30:48,023 [ERROR] ConfigurationRetriever:142 - IOException on connection: sw-center.st.com
2025-06-07 19:31:03,515 [INFO] Activator:176 - 


2025-06-07 19:31:03,515 [INFO] Activator:177 - !SESSION log4j initialized
2025-06-07 19:31:06,469 [INFO] LogOutputStream:77 - [STDOUT_REDIRECT] 
2025-06-07 19:31:06,769 [ERROR] ConfigurationRetriever:142 - IOException on connection: sw-center.st.com
2025-06-07 19:31:06,770 [ERROR] ConfigurationRetriever:142 - IOException on connection: sw-center.st.com
2025-06-07 19:31:06,771 [ERROR] ConfigurationRetriever:142 - IOException on connection: sw-center.st.com
2025-06-07 19:31:08,445 [INFO] ApplicationProperties:184 - Using Application install path: C:\ST\STM32CubeIDE_1.18.1\STM32CubeIDE\plugins\com.st.stm32cube.common.mx_6.14.1.202504091515
2025-06-07 19:31:08,462 [INFO] DbMcusXml:78 - Set database path to: C:\ST\STM32CubeIDE_1.18.1\STM32CubeIDE\plugins\com.st.stm32cube.common.mx_6.14.1.202504091515\\db\/mcu/
2025-06-07 19:31:08,463 [INFO] ApiDb:274 - Set plugin database path to: C:\ST\STM32CubeIDE_1.18.1\STM32CubeIDE\plugins\com.st.stm32cube.common.mx_6.14.1.202504091515\\db\/plugins/boardmanager/
2025-06-07 19:31:08,463 [WARN] ApiDb:259 - Overriding images path with different value:  => C:\ST\STM32CubeIDE_1.18.1\STM32CubeIDE\plugins\com.st.stm32cube.common.mx_6.14.1.202504091515\\db\/plugins/mcufinder/images/
2025-06-07 19:31:08,470 [INFO] ApiDb:250 - Set database path to: C:\Users\harri\.stmcufinder\plugins\mcufinder//mcu/
2025-06-07 19:31:08,471 [INFO] DbMcusAds:125 - Set database path to: C:\Users\harri\.stmcufinder\plugins\mcufinder//mcu/
2025-06-07 19:31:08,473 [INFO] CrossReferenceDbSqlite:203 - Set database path to: C:\Users\harri\.stmcufinder\plugins\mcufinder//mcu/cs/
2025-06-07 19:31:08,590 [INFO] RulesReader:64 - Compatibility file has been processed (302 Rules)
2025-06-07 19:31:08,657 [INFO] DbMcusXml:78 - Set database path to: C:\ST\STM32CubeIDE_1.18.1\STM32CubeIDE\plugins\com.st.stm32cube.common.mx_6.14.1.202504091515\\db\/mcu/
2025-06-07 19:31:08,657 [INFO] ApiDb:274 - Set plugin database path to: C:\ST\STM32CubeIDE_1.18.1\STM32CubeIDE\plugins\com.st.stm32cube.common.mx_6.14.1.202504091515\\db\/plugins/boardmanager/
2025-06-07 19:31:08,657 [INFO] ApiDb:261 - Set plugin images path to: C:\ST\STM32CubeIDE_1.18.1\STM32CubeIDE\plugins\com.st.stm32cube.common.mx_6.14.1.202504091515\\db\/plugins/mcufinder/images/
2025-06-07 19:31:08,657 [WARN] DbFile:41 - Overriding database path with different value: C:\Users\harri\.stmcufinder\plugins\mcufinder/ => C:\Users\harri\.stmcufinder\plugins\mcufinder
2025-06-07 19:31:08,658 [INFO] ApiDb:250 - Set database path to: C:\Users\harri\.stmcufinder\plugins\mcufinder//mcu/
2025-06-07 19:31:08,658 [WARN] DbFile:41 - Overriding database path with different value: C:\Users\harri\.stmcufinder\plugins\mcufinder/ => C:\Users\harri\.stmcufinder\plugins\mcufinder
2025-06-07 19:31:08,658 [INFO] DbMcusAds:125 - Set database path to: C:\Users\harri\.stmcufinder\plugins\mcufinder//mcu/
2025-06-07 19:31:08,658 [WARN] DbFile:41 - Overriding database path with different value: C:\Users\harri\.stmcufinder\plugins\mcufinder/ => C:\Users\harri\.stmcufinder\plugins\mcufinder
2025-06-07 19:31:08,658 [WARN] DbFile:41 - Overriding database path with different value: C:\Users\harri\.stmcufinder\plugins\mcufinder/ => C:\Users\harri\.stmcufinder\plugins\mcufinder
2025-06-07 19:31:08,658 [INFO] CrossReferenceDbSqlite:203 - Set database path to: C:\Users\harri\.stmcufinder\plugins\mcufinder//mcu/cs/
2025-06-07 19:31:08,719 [INFO] MainPanel:272 - HeapMemory: 268435456
2025-06-07 19:31:08,786 [INFO] DbMcusXml:78 - Set database path to: C:\ST\STM32CubeIDE_1.18.1\STM32CubeIDE\plugins\com.st.stm32cube.common.mx_6.14.1.202504091515\\db\/mcu/
2025-06-07 19:31:08,786 [INFO] ApiDb:274 - Set plugin database path to: C:\ST\STM32CubeIDE_1.18.1\STM32CubeIDE\plugins\com.st.stm32cube.common.mx_6.14.1.202504091515\\db\/plugins/boardmanager/
2025-06-07 19:31:08,786 [INFO] ApiDb:261 - Set plugin images path to: C:\ST\STM32CubeIDE_1.18.1\STM32CubeIDE\plugins\com.st.stm32cube.common.mx_6.14.1.202504091515\\db\/plugins/mcufinder/images/
2025-06-07 19:31:08,786 [WARN] DbFile:41 - Overriding database path with different value: C:\Users\harri\.stmcufinder\plugins\mcufinder/ => C:\Users\harri\.stmcufinder\plugins\mcufinder
2025-06-07 19:31:08,786 [INFO] ApiDb:250 - Set database path to: C:\Users\harri\.stmcufinder\plugins\mcufinder//mcu/
2025-06-07 19:31:08,786 [WARN] DbFile:41 - Overriding database path with different value: C:\Users\harri\.stmcufinder\plugins\mcufinder/ => C:\Users\harri\.stmcufinder\plugins\mcufinder
2025-06-07 19:31:08,787 [INFO] DbMcusAds:125 - Set database path to: C:\Users\harri\.stmcufinder\plugins\mcufinder//mcu/
2025-06-07 19:31:08,787 [WARN] DbFile:41 - Overriding database path with different value: C:\Users\harri\.stmcufinder\plugins\mcufinder/ => C:\Users\harri\.stmcufinder\plugins\mcufinder
2025-06-07 19:31:08,787 [WARN] DbFile:41 - Overriding database path with different value: C:\Users\harri\.stmcufinder\plugins\mcufinder/ => C:\Users\harri\.stmcufinder\plugins\mcufinder
2025-06-07 19:31:08,787 [INFO] CrossReferenceDbSqlite:203 - Set database path to: C:\Users\harri\.stmcufinder\plugins\mcufinder//mcu/cs/
2025-06-07 19:31:08,801 [INFO] ApplicationProperties:184 - Using Application install path: C:\ST\STM32CubeIDE_1.18.1\STM32CubeIDE\plugins\com.st.stm32cube.common.mx_6.14.1.202504091515
2025-06-07 19:31:08,802 [INFO] PluginManage:196 - Search for loadable plugins [exclusion list=, ]
2025-06-07 19:31:08,803 [INFO] PluginManage:310 - Check plugin analytics
2025-06-07 19:31:08,965 [INFO] AnalyticsPlugin:253 - Accepted Software Licenses: 
2025-06-07 19:31:08,966 [INFO] AnalyticsPlugin:255 - Accepted CMSIS Pack Licenses: 
2025-06-07 19:31:08,966 [INFO] AnalyticsPlugin:257 - Accepted Firmware Licenses: FW.F4.1.28.0
2025-06-07 19:31:08,969 [ERROR] ConfigurationRetriever:142 - IOException on connection: sw-center.st.com
2025-06-07 19:31:08,969 [INFO] PluginManage:359 - Loaded plugin analytics (category:tool,tabindex:-1)
2025-06-07 19:31:08,969 [INFO] PluginManage:310 - Check plugin cadmodel
2025-06-07 19:31:08,969 [ERROR] ConfigurationRetriever:142 - IOException on connection: sw-center.st.com
2025-06-07 19:31:08,970 [ERROR] ConfigurationRetriever:142 - IOException on connection: sw-center.st.com
2025-06-07 19:31:08,973 [INFO] CADModel:105 - Init CAD model plugin
2025-06-07 19:31:08,973 [INFO] PluginManage:359 - Loaded plugin cadmodel (category:power,tabindex:5)
2025-06-07 19:31:08,973 [INFO] PluginManage:310 - Check plugin clock
2025-06-07 19:31:08,982 [INFO] PluginManage:359 - Loaded plugin clock (category:base,tabindex:2)
2025-06-07 19:31:08,982 [INFO] PluginManage:310 - Check plugin ddr
2025-06-07 19:31:08,984 [INFO] PluginManage:359 - Loaded plugin ddr (category:tool,tabindex:6)
2025-06-07 19:31:08,984 [INFO] PluginManage:310 - Check plugin filemanager
2025-06-07 19:31:09,103 [INFO] PluginManage:359 - Loaded plugin filemanager (category:base,tabindex:10)
2025-06-07 19:31:09,103 [INFO] PluginManage:310 - Check plugin ipmanager
2025-06-07 19:31:09,110 [INFO] PluginManage:359 - Loaded plugin ipmanager (category:base,tabindex:5)
2025-06-07 19:31:09,110 [INFO] PluginManage:310 - Check plugin lpbam
2025-06-07 19:31:09,117 [INFO] PluginManage:359 - Loaded plugin lpbam (category:base,tabindex:0)
2025-06-07 19:31:09,117 [INFO] PluginManage:310 - Check plugin memorymap
2025-06-07 19:31:09,127 [INFO] PluginManage:359 - Loaded plugin memorymap (category:base,tabindex:4)
2025-06-07 19:31:09,127 [INFO] PluginManage:310 - Check plugin pinoutandconfiguration
2025-06-07 19:31:09,133 [INFO] PluginManage:359 - Loaded plugin pinoutandconfiguration (category:base,tabindex:1)
2025-06-07 19:31:09,133 [INFO] PluginManage:310 - Check plugin pinoutconfig
2025-06-07 19:31:09,205 [WARN] SupportedApi:132 - Cannot load RTOS API schema: s4s-elt-must-match.1: The content of 'definitions' must match (annotation?, (simpleType | complexType)?, (unique | key | keyref)*)). A problem was found starting at: attribute.
2025-06-07 19:31:09,325 [INFO] PluginManage:359 - Loaded plugin pinoutconfig (category:base,tabindex:0)
2025-06-07 19:31:09,325 [INFO] PluginManage:310 - Check plugin power
2025-06-07 19:31:09,332 [INFO] PluginManage:359 - Loaded plugin power (category:power,tabindex:4)
2025-06-07 19:31:09,333 [INFO] PluginManage:310 - Check plugin projectmanager
2025-06-07 19:31:09,346 [INFO] PluginManage:359 - Loaded plugin projectmanager (category:projectmanager,tabindex:4)
2025-06-07 19:31:09,346 [INFO] PluginManage:310 - Check plugin rif
2025-06-07 19:31:09,351 [INFO] PluginManage:359 - Loaded plugin rif (category:base,tabindex:3)
2025-06-07 19:31:09,351 [INFO] PluginManage:310 - Check plugin thirdparty
2025-06-07 19:31:09,455 [WARN] IntegrityCheckThread:84 - waiting for thirdparty lock release [integrity check]
2025-06-07 19:31:09,456 [INFO] IntegrityCheckThread:86 - entering critical section [integrity check]
2025-06-07 19:31:09,456 [INFO] PluginManage:359 - Loaded plugin thirdparty (category:base,tabindex:-1)
2025-06-07 19:31:09,456 [INFO] ThirdPartyUpdaterWithRetryManager:70 - Updater plugin not ready yet. [1/15]
2025-06-07 19:31:09,456 [INFO] PluginManage:310 - Check plugin tools
2025-06-07 19:31:09,458 [INFO] PluginManage:359 - Loaded plugin tools (category:base,tabindex:7)
2025-06-07 19:31:09,458 [INFO] PluginManage:310 - Check plugin tutovideos
2025-06-07 19:31:09,582 [INFO] PluginManage:359 - Loaded plugin tutovideos (category:base,tabindex:-1)
2025-06-07 19:31:09,582 [INFO] PluginManage:310 - Check plugin updater
2025-06-07 19:31:09,604 [INFO] PluginManage:359 - Loaded plugin updater (category:base,tabindex:12)
2025-06-07 19:31:09,604 [INFO] PluginManage:310 - Check plugin userauth
2025-06-07 19:31:09,608 [INFO] UserAuth:118 - Init User Auth plugin
2025-06-07 19:31:09,609 [INFO] PluginManage:359 - Loaded plugin userauth (category:base,tabindex:14)
2025-06-07 19:31:09,609 [INFO] PluginManage:283 - PluginManage : Loaded plugins [18]
2025-06-07 19:31:09,789 [INFO] PinOutPanel:1589 - setPackage(No Configuration,No Configuration)
2025-06-07 19:31:09,862 [INFO] CADModel:165 - CPN selected for project level
2025-06-07 19:31:09,863 [INFO] CADModel:114 - Register for checkConnection events
2025-06-07 19:31:09,874 [INFO] IPUIPlugin:80 - create IPUIPlugin
2025-06-07 19:31:09,874 [INFO] PluginManager:220 - loadIPPluginJar : add adc
2025-06-07 19:31:09,878 [INFO] IPUIPlugin:80 - create IPUIPlugin
2025-06-07 19:31:09,878 [INFO] PluginManager:220 - loadIPPluginJar : add aes
2025-06-07 19:31:09,880 [INFO] IPUIPlugin:80 - create IPUIPlugin
2025-06-07 19:31:09,880 [INFO] PluginManager:220 - loadIPPluginJar : add can
2025-06-07 19:31:09,881 [INFO] IPUIPlugin:80 - create IPUIPlugin
2025-06-07 19:31:09,881 [INFO] PluginManager:220 - loadIPPluginJar : add comp
2025-06-07 19:31:09,883 [INFO] IPUIPlugin:80 - create IPUIPlugin
2025-06-07 19:31:09,884 [INFO] PluginManager:220 - loadIPPluginJar : add cryp
2025-06-07 19:31:09,886 [INFO] IPUIPlugin:80 - create IPUIPlugin
2025-06-07 19:31:09,886 [INFO] PluginManager:220 - loadIPPluginJar : add ddr_ctrl_phy
2025-06-07 19:31:09,888 [INFO] IPUIPlugin:80 - create IPUIPlugin
2025-06-07 19:31:09,888 [INFO] PluginManager:220 - loadIPPluginJar : add dfsdm
2025-06-07 19:31:09,892 [INFO] IPUIPlugin:80 - create IPUIPlugin
2025-06-07 19:31:09,892 [INFO] PluginManager:220 - loadIPPluginJar : add dma
2025-06-07 19:31:09,894 [INFO] IPUIPlugin:80 - create IPUIPlugin
2025-06-07 19:31:09,894 [INFO] PluginManager:220 - loadIPPluginJar : add dma3
2025-06-07 19:31:09,896 [INFO] IPUIPlugin:80 - create IPUIPlugin
2025-06-07 19:31:09,896 [INFO] PluginManager:220 - loadIPPluginJar : add extmemmanager
2025-06-07 19:31:09,898 [INFO] IPUIPlugin:80 - create IPUIPlugin
2025-06-07 19:31:09,898 [INFO] PluginManager:220 - loadIPPluginJar : add fatfs
2025-06-07 19:31:09,901 [INFO] IPUIPlugin:80 - create IPUIPlugin
2025-06-07 19:31:09,901 [INFO] PluginManager:220 - loadIPPluginJar : add fmc
2025-06-07 19:31:09,904 [INFO] IPUIPlugin:80 - create IPUIPlugin
2025-06-07 19:31:09,904 [INFO] PluginManager:220 - loadIPPluginJar : add freertos
2025-06-07 19:31:09,905 [INFO] IPUIPlugin:80 - create IPUIPlugin
2025-06-07 19:31:09,905 [INFO] PluginManager:220 - loadIPPluginJar : add genericplugin
2025-06-07 19:31:09,906 [INFO] IPUIPlugin:80 - create IPUIPlugin
2025-06-07 19:31:09,906 [INFO] PluginManager:220 - loadIPPluginJar : add gfxmmu
2025-06-07 19:31:09,909 [INFO] IPUIPlugin:80 - create IPUIPlugin
2025-06-07 19:31:09,910 [INFO] PluginManager:220 - loadIPPluginJar : add gic
2025-06-07 19:31:09,912 [INFO] IPUIPlugin:80 - create IPUIPlugin
2025-06-07 19:31:09,912 [INFO] PluginManager:220 - loadIPPluginJar : add gpio
2025-06-07 19:31:09,914 [INFO] IPUIPlugin:80 - create IPUIPlugin
2025-06-07 19:31:09,914 [INFO] PluginManager:220 - loadIPPluginJar : add gtzc
2025-06-07 19:31:09,915 [INFO] IPUIPlugin:80 - create IPUIPlugin
2025-06-07 19:31:09,916 [INFO] PluginManager:220 - loadIPPluginJar : add hash
2025-06-07 19:31:09,917 [INFO] IPUIPlugin:80 - create IPUIPlugin
2025-06-07 19:31:09,918 [INFO] PluginManager:220 - loadIPPluginJar : add i2c
2025-06-07 19:31:09,919 [INFO] IPUIPlugin:80 - create IPUIPlugin
2025-06-07 19:31:09,919 [INFO] PluginManager:220 - loadIPPluginJar : add i2s
2025-06-07 19:31:09,921 [INFO] IPUIPlugin:80 - create IPUIPlugin
2025-06-07 19:31:09,921 [INFO] PluginManager:220 - loadIPPluginJar : add i3c
2025-06-07 19:31:09,923 [INFO] IPUIPlugin:80 - create IPUIPlugin
2025-06-07 19:31:09,923 [INFO] PluginManager:220 - loadIPPluginJar : add ipddr
2025-06-07 19:31:09,928 [INFO] IPUIPlugin:80 - create IPUIPlugin
2025-06-07 19:31:09,928 [INFO] PluginManager:220 - loadIPPluginJar : add linkedlist
2025-06-07 19:31:09,930 [INFO] IPUIPlugin:80 - create IPUIPlugin
2025-06-07 19:31:09,930 [INFO] PluginManager:220 - loadIPPluginJar : add lorawan
2025-06-07 19:31:09,931 [INFO] IPUIPlugin:80 - create IPUIPlugin
2025-06-07 19:31:09,931 [INFO] PluginManager:220 - loadIPPluginJar : add ltdc
2025-06-07 19:31:09,935 [INFO] IPUIPlugin:80 - create IPUIPlugin
2025-06-07 19:31:09,936 [INFO] PluginManager:220 - loadIPPluginJar : add mdma
2025-06-07 19:31:09,939 [INFO] IPUIPlugin:80 - create IPUIPlugin
2025-06-07 19:31:09,939 [INFO] PluginManager:220 - loadIPPluginJar : add nvic
2025-06-07 19:31:09,941 [INFO] IPUIPlugin:80 - create IPUIPlugin
2025-06-07 19:31:09,942 [INFO] PluginManager:220 - loadIPPluginJar : add opamp
2025-06-07 19:31:09,944 [INFO] IPUIPlugin:80 - create IPUIPlugin
2025-06-07 19:31:09,944 [INFO] PluginManager:220 - loadIPPluginJar : add openamp
2025-06-07 19:31:09,947 [INFO] IPUIPlugin:80 - create IPUIPlugin
2025-06-07 19:31:09,947 [INFO] PluginManager:220 - loadIPPluginJar : add pdm2pcm
2025-06-07 19:31:09,952 [INFO] IPUIPlugin:80 - create IPUIPlugin
2025-06-07 19:31:09,955 [INFO] PluginManager:220 - loadIPPluginJar : add plateformsettings
2025-06-07 19:31:09,956 [INFO] IPUIPlugin:80 - create IPUIPlugin
2025-06-07 19:31:09,957 [INFO] PluginManager:220 - loadIPPluginJar : add quadspi
2025-06-07 19:31:09,959 [INFO] IPUIPlugin:80 - create IPUIPlugin
2025-06-07 19:31:09,960 [INFO] PluginManager:220 - loadIPPluginJar : add radio
2025-06-07 19:31:09,962 [INFO] IPUIPlugin:80 - create IPUIPlugin
2025-06-07 19:31:09,963 [INFO] PluginManager:220 - loadIPPluginJar : add resmgrutility
2025-06-07 19:31:09,967 [INFO] IPUIPlugin:80 - create IPUIPlugin
2025-06-07 19:31:09,968 [INFO] PluginManager:220 - loadIPPluginJar : add sai
2025-06-07 19:31:09,970 [INFO] IPUIPlugin:80 - create IPUIPlugin
2025-06-07 19:31:09,970 [INFO] PluginManager:220 - loadIPPluginJar : add spi
2025-06-07 19:31:09,977 [INFO] IPUIPlugin:80 - create IPUIPlugin
2025-06-07 19:31:09,978 [INFO] PluginManager:220 - loadIPPluginJar : add stm32_wpan
2025-06-07 19:31:09,980 [INFO] IPUIPlugin:80 - create IPUIPlugin
2025-06-07 19:31:09,980 [INFO] PluginManager:220 - loadIPPluginJar : add tim
2025-06-07 19:31:09,983 [INFO] IPUIPlugin:80 - create IPUIPlugin
2025-06-07 19:31:09,983 [INFO] PluginManager:220 - loadIPPluginJar : add touchsensing
2025-06-07 19:31:09,986 [INFO] IPUIPlugin:80 - create IPUIPlugin
2025-06-07 19:31:09,986 [INFO] PluginManager:220 - loadIPPluginJar : add tracer_emb
2025-06-07 19:31:09,988 [INFO] IPUIPlugin:80 - create IPUIPlugin
2025-06-07 19:31:09,989 [INFO] PluginManager:220 - loadIPPluginJar : add ts
2025-06-07 19:31:09,990 [INFO] IPUIPlugin:80 - create IPUIPlugin
2025-06-07 19:31:09,990 [INFO] PluginManager:220 - loadIPPluginJar : add tsc
2025-06-07 19:31:09,992 [INFO] IPUIPlugin:80 - create IPUIPlugin
2025-06-07 19:31:09,992 [INFO] PluginManager:220 - loadIPPluginJar : add ucpd
2025-06-07 19:31:09,995 [INFO] IPUIPlugin:80 - create IPUIPlugin
2025-06-07 19:31:09,995 [INFO] PluginManager:220 - loadIPPluginJar : add usart
2025-06-07 19:31:09,999 [INFO] IPUIPlugin:80 - create IPUIPlugin
2025-06-07 19:31:09,999 [INFO] PluginManager:220 - loadIPPluginJar : add usbx
2025-06-07 19:31:10,125 [FATAL] Updater:351 - Updater called before beeing initialized
2025-06-07 19:31:10,146 [INFO] RulesReader:64 - Compatibility file has been processed (302 Rules)
2025-06-07 19:31:10,155 [INFO] RulesReader:64 - Compatibility file has been processed (302 Rules)
2025-06-07 19:31:10,162 [INFO] CADModel:165 - CPN selected for project level
2025-06-07 19:31:10,162 [INFO] CADModel:114 - Register for checkConnection events
2025-06-07 19:31:10,163 [FATAL] Updater:351 - Updater called before beeing initialized
2025-06-07 19:31:10,163 [ERROR] CADModel:125 - Updater not yet initialized, retry later 
2025-06-07 19:31:10,278 [FATAL] Updater:351 - Updater called before beeing initialized
2025-06-07 19:31:10,280 [INFO] CADModel:165 - CPN selected for project level
2025-06-07 19:31:10,280 [INFO] CADModel:114 - Register for checkConnection events
2025-06-07 19:31:10,280 [FATAL] Updater:351 - Updater called before beeing initialized
2025-06-07 19:31:10,280 [ERROR] CADModel:125 - Updater not yet initialized, retry later 
2025-06-07 19:31:10,282 [FATAL] Updater:351 - Updater called before beeing initialized
2025-06-07 19:31:10,371 [FATAL] Updater:351 - Updater called before beeing initialized
2025-06-07 19:31:10,374 [INFO] DbMcusAds:53 - JSON generation date=Wed May 07 14:37:55 IST 2025 (1746608875484)
2025-06-07 19:31:10,375 [FATAL] Updater:351 - Updater called before beeing initialized
2025-06-07 19:31:10,406 [WARN] DetailPanel:346 - Failed to get advertising image, set to default
2025-06-07 19:31:10,638 [FATAL] Updater:351 - Updater called before beeing initialized
2025-06-07 19:31:10,641 [FATAL] Updater:351 - Updater called before beeing initialized
2025-06-07 19:31:10,641 [FATAL] Updater:351 - Updater called before beeing initialized
2025-06-07 19:31:10,641 [WARN] DetailPanel:346 - Failed to get advertising image, set to default
2025-06-07 19:31:10,642 [FATAL] Updater:351 - Updater called before beeing initialized
2025-06-07 19:31:10,681 [ERROR] Updater:1198 - MainUpdater not yet initialized. External WinMGr cannot be set.
2025-06-07 19:31:10,682 [INFO] Updater:1134 - Updater Version found : 6.14.1
2025-06-07 19:31:10,694 [INFO] ApplicationProperties:184 - Using Application install path: C:\ST\STM32CubeIDE_1.18.1\STM32CubeIDE\plugins\com.st.stm32cube.common.mx_6.14.1.202504091515
2025-06-07 19:31:12,265 [ERROR] LogOutputStream:75 - [STDERR_REDIRECT] Jun 07, 2025 7:31:12 PM java.util.prefs.WindowsPreferences <init>
2025-06-07 19:31:12,265 [ERROR] LogOutputStream:75 - [STDERR_REDIRECT] WARNING: Could not open/create prefs root node Software\JavaSoft\Prefs at root 0xffffffff80000002. Windows RegCreateKeyEx(...) returned error code 5.
2025-06-07 19:31:12,265 [ERROR] LogOutputStream:75 - [STDERR_REDIRECT] 
2025-06-07 19:31:12,469 [INFO] ThirdPartyUpdaterWithRetryManager:70 - Updater plugin not ready yet. [2/15]
2025-06-07 19:31:12,478 [INFO] MainUpdater:2872 - connection check result : 22
2025-06-07 19:31:12,479 [INFO] MainUpdater:289 - Updater Check For Update Now.
2025-06-07 19:31:12,479 [INFO] MicroXplorer:498 - Change Database Version : DB.6.0.141
2025-06-07 19:31:12,487 [INFO] McuFinderGlobals:63 - Set McuFinder mode to 2 (CubeIDE integrated)
2025-06-07 19:31:12,487 [INFO] UserAuth:484 - Internet connection configuration mode: 2
2025-06-07 19:31:12,494 [INFO] UserAuth:484 - Internet connection configuration mode: 2
2025-06-07 19:31:12,603 [ERROR] LogOutputStream:75 - [STDERR_REDIRECT] [Fatal Error] :1:1: Premature end of file.
2025-06-07 19:31:12,603 [ERROR] LogOutputStream:75 - [STDERR_REDIRECT] 
2025-06-07 19:31:12,686 [INFO] CheckServerUpdateThread:120 - End of CheckServer Thread
2025-06-07 19:31:13,559 [ERROR] LogOutputStream:75 - [STDERR_REDIRECT] [Fatal Error] :1:1: Premature end of file.
2025-06-07 19:31:13,559 [ERROR] LogOutputStream:75 - [STDERR_REDIRECT] 
2025-06-07 19:31:14,563 [ERROR] LogOutputStream:75 - [STDERR_REDIRECT] [Fatal Error] :1:1: Premature end of file.
2025-06-07 19:31:14,563 [ERROR] LogOutputStream:75 - [STDERR_REDIRECT] 
2025-06-07 19:31:15,563 [ERROR] LogOutputStream:75 - [STDERR_REDIRECT] [Fatal Error] :1:1: Premature end of file.
2025-06-07 19:31:15,563 [ERROR] LogOutputStream:75 - [STDERR_REDIRECT] 
2025-06-07 19:31:15,636 [WARN] PackLoader:240 - Cannot read IP mode file for STMicroelectronics.FP-SNS-MOTENVWB1.1.4.0
2025-06-07 19:31:15,643 [WARN] PackLoader:240 - Cannot read IP mode file for STMicroelectronics.FP-ATR-ASTRA1.2.0.2
2025-06-07 19:31:15,649 [WARN] PackLoader:240 - Cannot read IP mode file for STMicroelectronics.X-CUBE-SMBUS.2.1.0
2025-06-07 19:31:15,653 [WARN] PackLoader:240 - Cannot read IP mode file for STMicroelectronics.X-CUBE-ST60.1.0.0
2025-06-07 19:31:15,677 [WARN] PackLoader:240 - Cannot read IP mode file for STMicroelectronics.X-CUBE-AZRTOS-F7.1.1.0
2025-06-07 19:31:15,699 [WARN] PackLoader:240 - Cannot read IP mode file for Infineon.AIROC-Wi-Fi-Bluetooth-STM32.1.7.0
2025-06-07 19:31:15,709 [WARN] PackLoader:240 - Cannot read IP mode file for STMicroelectronics.X-CUBE-DISPLAY.3.0.0
2025-06-07 19:31:15,719 [WARN] PackLoader:240 - Cannot read IP mode file for STMicroelectronics.X-CUBE-NFC10.1.0.0
2025-06-07 19:31:15,728 [WARN] PackLoader:240 - Cannot read IP mode file for STMicroelectronics.X-CUBE-BLEMGR.4.0.0
2025-06-07 19:31:15,735 [WARN] PackLoader:240 - Cannot read IP mode file for emotas.I-CUBE-CANOPEN.1.3.0
2025-06-07 19:31:15,738 [WARN] ConditionMgr:438 - getConditionDescription Invalid condition id : Cortex-A Device cause : null
2025-06-07 19:31:15,748 [WARN] ConditionMgr:1044 - genDependencies : Invalid condition id : Cortex-A Device cause : null
2025-06-07 19:31:15,749 [WARN] ConditionMgr:1044 - genDependencies : Invalid condition id : Cortex-A Device cause : null
2025-06-07 19:31:15,749 [WARN] ConditionMgr:1044 - genDependencies : Invalid condition id : Cortex-A Device cause : null
2025-06-07 19:31:15,752 [WARN] PackLoader:240 - Cannot read IP mode file for STMicroelectronics.X-CUBE-AI.10.0.0
2025-06-07 19:31:15,756 [WARN] PackLoader:240 - Cannot read IP mode file for STMicroelectronics.FP-SNS-SMARTAG2.1.2.0
2025-06-07 19:31:15,760 [WARN] PackLoader:240 - Cannot read IP mode file for STMicroelectronics.FP-SNS-FLIGHT1.5.1.0
2025-06-07 19:31:15,766 [INFO] LogOutputStream:77 - [STDOUT_REDIRECT] 1 : Invalid condition id : UX_CORESTACK_Condition cause : null
2025-06-07 19:31:15,767 [INFO] LogOutputStream:77 - [STDOUT_REDIRECT] 1 : Invalid condition id : UX_CORESTACK_Condition cause : null
2025-06-07 19:31:15,767 [INFO] LogOutputStream:77 - [STDOUT_REDIRECT] 1 : Invalid condition id : UX_CORESTACK_Condition cause : null
2025-06-07 19:31:15,768 [INFO] LogOutputStream:77 - [STDOUT_REDIRECT] 1 : Invalid condition id : UX_CORESTACK_Condition cause : null
2025-06-07 19:31:15,769 [INFO] LogOutputStream:77 - [STDOUT_REDIRECT] 1 : Invalid condition id : UX_CORESTACK_Condition cause : null
2025-06-07 19:31:15,771 [WARN] PackLoader:240 - Cannot read IP mode file for STMicroelectronics.X-CUBE-AZRTOS-WL.2.0.0
2025-06-07 19:31:15,775 [WARN] PackLoader:240 - Cannot read IP mode file for STMicroelectronics.FP-SNS-MOTENV1.5.0.0
2025-06-07 19:31:15,783 [WARN] PackLoader:240 - Cannot read IP mode file for WES.I-CUBE-Cesium.1.3.0
2025-06-07 19:31:15,787 [WARN] PackLoader:240 - Cannot read IP mode file for STMicroelectronics.X-CUBE-BLE2.3.3.0
2025-06-07 19:31:15,791 [WARN] PackLoader:240 - Cannot read IP mode file for STMicroelectronics.X-CUBE-NFC9.1.0.0
2025-06-07 19:31:15,796 [WARN] PackLoader:240 - Cannot read IP mode file for wolfSSL.I-CUBE-wolfSSL.5.8.0
2025-06-07 19:31:15,800 [WARN] PackLoader:240 - Cannot read IP mode file for STMicroelectronics.X-CUBE-BLE1.7.1.0
2025-06-07 19:31:15,803 [WARN] PackLoader:240 - Cannot read IP mode file for wolfSSL.I-CUBE-wolfMQTT.1.19.2
2025-06-07 19:31:15,805 [WARN] PackLoader:240 - Cannot read IP mode file for STMicroelectronics.X-CUBE-AI.10.1.0
2025-06-07 19:31:15,852 [WARN] PackLoader:240 - Cannot read IP mode file for STMicroelectronics.X-CUBE-MEMS1.11.2.0
2025-06-07 19:31:15,953 [WARN] PackLoader:240 - Cannot read IP mode file for STMicroelectronics.X-CUBE-AZRTOS-G0.1.1.0
2025-06-07 19:31:15,959 [WARN] PackLoader:240 - Cannot read IP mode file for STMicroelectronics.X-CUBE-SAFEA1.1.2.2
2025-06-07 19:31:15,963 [WARN] PackLoader:240 - Cannot read IP mode file for STMicroelectronics.X-CUBE-NFC4.3.0.0
2025-06-07 19:31:15,970 [WARN] PackLoader:240 - Cannot read IP mode file for EmbeddedOffice.I-CUBE-FS-RTOS.1.0.1
2025-06-07 19:31:15,974 [WARN] PackLoader:240 - Cannot read IP mode file for STMicroelectronics.X-CUBE-WB05N.2.0.0
2025-06-07 19:31:15,978 [WARN] PackLoader:240 - Cannot read IP mode file for wolfSSL.I-CUBE-wolfTPM.3.8.0
2025-06-07 19:31:15,981 [WARN] PackLoader:240 - Cannot read IP mode file for STMicroelectronics.X-CUBE-TCPP.4.2.0
2025-06-07 19:31:15,987 [WARN] PackLoader:240 - Cannot read IP mode file for RealThread.X-CUBE-RT-Thread_Nano.4.1.1
2025-06-07 19:31:15,990 [WARN] PackLoader:240 - Cannot read IP mode file for STMicroelectronics.FP-ATR-SIGFOX1.3.2.0
2025-06-07 19:31:15,994 [WARN] PackLoader:240 - Cannot read IP mode file for STMicroelectronics.X-CUBE-EEPRMA1.5.1.0
2025-06-07 19:31:16,000 [WARN] PackLoader:240 - Cannot read IP mode file for ITTIA_DB.I-CUBE-ITTIADB.8.9.0
2025-06-07 19:31:16,004 [WARN] PackLoader:240 - Cannot read IP mode file for STMicroelectronics.X-CUBE-ST67W61.1.0.0
2025-06-07 19:31:16,033 [WARN] PackLoader:240 - Cannot read IP mode file for SEGGER.I-CUBE-embOS.1.3.1
2025-06-07 19:31:16,062 [WARN] PackLoader:240 - Cannot read IP mode file for STMicroelectronics.X-CUBE-ALGOBUILD.1.4.0
2025-06-07 19:31:16,073 [WARN] PackLoader:240 - Cannot read IP mode file for STMicroelectronics.X-CUBE-AZRTOS-F4.1.1.0
2025-06-07 19:31:16,078 [WARN] PackLoader:240 - Cannot read IP mode file for Avnet-IotConnect.X-CUBE-IoTC-DA16k-PMOD.1.0.0
2025-06-07 19:31:16,081 [WARN] PackLoader:240 - Cannot read IP mode file for STMicroelectronics.X-CUBE-ISPU.2.1.0
2025-06-07 19:31:16,091 [WARN] PackLoader:240 - Cannot read IP mode file for STMicroelectronics.X-CUBE-AZRTOS-L5.2.0.0
2025-06-07 19:31:16,099 [WARN] PackLoader:240 - Cannot read IP mode file for STMicroelectronics.X-CUBE-NFC6.3.1.0
2025-06-07 19:31:16,106 [WARN] PackLoader:240 - Cannot read IP mode file for STMicroelectronics.X-CUBE-FREERTOS.1.3.1
2025-06-07 19:31:16,111 [WARN] PackLoader:240 - Cannot read IP mode file for STMicroelectronics.X-CUBE-DPower.1.3.0
2025-06-07 19:31:16,122 [WARN] ConditionMgr:438 - getConditionDescription Invalid condition id : LAN8742 Phy interface Condition cause : null
2025-06-07 19:31:16,122 [WARN] PackLoader:240 - Cannot read IP mode file for STMicroelectronics.X-CUBE-AZRTOS-L4.2.0.0
2025-06-07 19:31:16,123 [WARN] ConditionMgr:1044 - genDependencies : Invalid condition id : LAN8742 Phy interface Condition cause : null
2025-06-07 19:31:16,123 [WARN] ConditionMgr:1044 - genDependencies : Invalid condition id : LAN8742 Phy interface Condition cause : null
2025-06-07 19:31:16,123 [WARN] ConditionMgr:1044 - genDependencies : Invalid condition id : LAN8742 Phy interface Condition cause : null
2025-06-07 19:31:16,129 [WARN] PackLoader:240 - Cannot read IP mode file for STMicroelectronics.X-CUBE-SFXS2LP1.4.0.0
2025-06-07 19:31:16,141 [WARN] PackLoader:240 - Cannot read IP mode file for STMicroelectronics.X-CUBE-AZRTOS-H7.3.3.0
2025-06-07 19:31:16,150 [WARN] ConditionMgr:438 - getConditionDescription Invalid condition id : UX DEVICE CLASS RTOS Condition cause : null
2025-06-07 19:31:16,150 [WARN] ConditionMgr:438 - getConditionDescription Invalid condition id : UX DEVICE CLASS RTOS Condition cause : null
2025-06-07 19:31:16,152 [WARN] PackLoader:240 - Cannot read IP mode file for STMicroelectronics.X-CUBE-AZRTOS-WB.2.0.0
2025-06-07 19:31:16,152 [WARN] ConditionMgr:1044 - genDependencies : Invalid condition id : UX DEVICE CLASS RTOS Condition cause : null
2025-06-07 19:31:16,152 [WARN] ConditionMgr:1044 - genDependencies : Invalid condition id : UX DEVICE CLASS RTOS Condition cause : null
2025-06-07 19:31:16,152 [WARN] ConditionMgr:1044 - genDependencies : Invalid condition id : UX DEVICE CLASS RTOS Condition cause : null
2025-06-07 19:31:16,153 [WARN] ConditionMgr:1044 - genDependencies : Invalid condition id : UX DEVICE CLASS RTOS Condition cause : null
2025-06-07 19:31:16,153 [WARN] ConditionMgr:1044 - genDependencies : Invalid condition id : UX DEVICE CLASS RTOS Condition cause : null
2025-06-07 19:31:16,157 [WARN] PackLoader:240 - Cannot read IP mode file for STMicroelectronics.X-CUBE-GNSS1.7.0.1
2025-06-07 19:31:16,160 [WARN] PackLoader:240 - Cannot read IP mode file for STMicroelectronics.X-CUBE-TOUCHGFX.4.25.0
2025-06-07 19:31:16,164 [WARN] PackLoader:240 - Cannot read IP mode file for STMicroelectronics.FP-SNS-STBOX1.2.0.0
2025-06-07 19:31:16,172 [WARN] PackLoader:240 - Cannot read IP mode file for STMicroelectronics.X-CUBE-SUBG2.5.0.0
2025-06-07 19:31:16,190 [WARN] PackLoader:240 - Cannot read IP mode file for STMicroelectronics.X-CUBE-AZRTOS-H7RS.1.1.0
2025-06-07 19:31:16,198 [WARN] PackLoader:240 - Cannot read IP mode file for Cesanta.I-CUBE-Mongoose.7.13.0
2025-06-07 19:31:16,210 [WARN] PackLoader:240 - Cannot read IP mode file for STMicroelectronics.X-CUBE-AZRTOS-G4.2.0.0
2025-06-07 19:31:16,216 [WARN] PackLoader:240 - Cannot read IP mode file for wolfSSL.I-CUBE-wolfSSH.1.4.20
2025-06-07 19:31:16,221 [WARN] PackLoader:240 - Cannot read IP mode file for STMicroelectronics.X-CUBE-NFC7.2.0.0
2025-06-07 19:31:16,234 [WARN] PackLoader:240 - Cannot read IP mode file for STMicroelectronics.X-CUBE-IPS.3.1.0
2025-06-07 19:31:16,244 [WARN] PackLoader:240 - Cannot read IP mode file for STMicroelectronics.X-CUBE-ALS.1.0.2
2025-06-07 19:31:16,250 [WARN] PackLoader:240 - Cannot read IP mode file for portGmbH.I-Cube-SoM-uGOAL.1.1.0
2025-06-07 19:31:16,263 [WARN] PackLoader:240 - Cannot read IP mode file for STMicroelectronics.X-CUBE-TOF1.3.4.3
2025-06-07 19:31:16,293 [INFO] ThirdParty:978 - Integrity check success = true
2025-06-07 19:31:16,293 [INFO] IntegrityCheckThread:100 - exiting critical section [integrity check]
2025-06-07 19:31:16,293 [INFO] IntegrityCheckThread:103 - End integrity checks thread
2025-06-07 19:31:16,559 [ERROR] LogOutputStream:75 - [STDERR_REDIRECT] [Fatal Error] :1:1: Premature end of file.
2025-06-07 19:31:16,559 [ERROR] LogOutputStream:75 - [STDERR_REDIRECT] 
2025-06-07 19:31:17,560 [ERROR] LogOutputStream:75 - [STDERR_REDIRECT] [Fatal Error] :1:1: Premature end of file.
2025-06-07 19:31:17,560 [ERROR] LogOutputStream:75 - [STDERR_REDIRECT] 
2025-06-07 19:31:18,560 [ERROR] LogOutputStream:75 - [STDERR_REDIRECT] [Fatal Error] :1:1: Premature end of file.
2025-06-07 19:31:18,561 [ERROR] LogOutputStream:75 - [STDERR_REDIRECT] 
2025-06-07 19:31:19,560 [ERROR] LogOutputStream:75 - [STDERR_REDIRECT] [Fatal Error] :1:1: Premature end of file.
2025-06-07 19:31:19,561 [ERROR] LogOutputStream:75 - [STDERR_REDIRECT] 
2025-06-07 19:31:20,561 [ERROR] LogOutputStream:75 - [STDERR_REDIRECT] [Fatal Error] :1:1: Premature end of file.
2025-06-07 19:31:20,561 [ERROR] LogOutputStream:75 - [STDERR_REDIRECT] 
2025-06-07 19:31:21,560 [ERROR] LogOutputStream:75 - [STDERR_REDIRECT] [Fatal Error] :1:1: Premature end of file.
2025-06-07 19:31:21,561 [ERROR] LogOutputStream:75 - [STDERR_REDIRECT] 
2025-06-07 19:31:22,559 [ERROR] LogOutputStream:75 - [STDERR_REDIRECT] [Fatal Error] :1:1: Premature end of file.
2025-06-07 19:31:22,560 [ERROR] LogOutputStream:75 - [STDERR_REDIRECT] 
2025-06-07 19:31:23,562 [ERROR] LogOutputStream:75 - [STDERR_REDIRECT] [Fatal Error] :1:1: Premature end of file.
2025-06-07 19:31:23,562 [ERROR] LogOutputStream:75 - [STDERR_REDIRECT] 
2025-06-07 19:31:24,559 [ERROR] LogOutputStream:75 - [STDERR_REDIRECT] [Fatal Error] :1:1: Premature end of file.
2025-06-07 19:31:24,561 [ERROR] LogOutputStream:75 - [STDERR_REDIRECT] 
2025-06-07 19:31:25,560 [ERROR] LogOutputStream:75 - [STDERR_REDIRECT] [Fatal Error] :1:1: Premature end of file.
2025-06-07 19:31:25,560 [ERROR] LogOutputStream:75 - [STDERR_REDIRECT] 
2025-06-07 19:31:26,489 [ERROR] ConfigurationRetriever:142 - IOException on connection: sw-center.st.com
2025-06-07 19:31:26,489 [ERROR] ConfigurationRetriever:142 - IOException on connection: sw-center.st.com
2025-06-07 19:31:26,489 [ERROR] ConfigurationRetriever:142 - IOException on connection: sw-center.st.com
2025-06-07 19:31:26,565 [ERROR] LogOutputStream:75 - [STDERR_REDIRECT] [Fatal Error] :1:1: Premature end of file.
2025-06-07 19:31:26,565 [ERROR] LogOutputStream:75 - [STDERR_REDIRECT] 
2025-06-07 19:31:27,166 [ERROR] LogOutputStream:75 - [STDERR_REDIRECT] 
