2025-06-21 10:46:25,537 [INFO] Activator:176 - 


2025-06-21 10:46:25,540 [INFO] Activator:177 - !SESSION log4j initialized
2025-06-21 10:46:29,380 [INFO] LogOutputStream:77 - [STDOUT_REDIRECT] 
2025-06-21 10:46:35,928 [INFO] ApplicationProperties:184 - Using Application install path: C:\ST\STM32CubeIDE_1.18.1\STM32CubeIDE\plugins\com.st.stm32cube.common.mx_6.14.1.202504091515
2025-06-21 10:46:35,940 [INFO] DbMcusXml:78 - Set database path to: C:\ST\STM32CubeIDE_1.18.1\STM32CubeIDE\plugins\com.st.stm32cube.common.mx_6.14.1.202504091515\\db\/mcu/
2025-06-21 10:46:35,941 [INFO] ApiDb:274 - Set plugin database path to: C:\ST\STM32CubeIDE_1.18.1\STM32CubeIDE\plugins\com.st.stm32cube.common.mx_6.14.1.202504091515\\db\/plugins/boardmanager/
2025-06-21 10:46:35,941 [WARN] ApiDb:259 - Overriding images path with different value:  => C:\ST\STM32CubeIDE_1.18.1\STM32CubeIDE\plugins\com.st.stm32cube.common.mx_6.14.1.202504091515\\db\/plugins/mcufinder/images/
2025-06-21 10:46:35,945 [INFO] ApiDb:250 - Set database path to: C:\Users\harri\.stmcufinder\plugins\mcufinder//mcu/
2025-06-21 10:46:35,946 [INFO] DbMcusAds:125 - Set database path to: C:\Users\harri\.stmcufinder\plugins\mcufinder//mcu/
2025-06-21 10:46:35,948 [INFO] CrossReferenceDbSqlite:203 - Set database path to: C:\Users\harri\.stmcufinder\plugins\mcufinder//mcu/cs/
2025-06-21 10:46:36,067 [INFO] RulesReader:64 - Compatibility file has been processed (302 Rules)
2025-06-21 10:46:36,131 [INFO] DbMcusXml:78 - Set database path to: C:\ST\STM32CubeIDE_1.18.1\STM32CubeIDE\plugins\com.st.stm32cube.common.mx_6.14.1.202504091515\\db\/mcu/
2025-06-21 10:46:36,132 [INFO] ApiDb:274 - Set plugin database path to: C:\ST\STM32CubeIDE_1.18.1\STM32CubeIDE\plugins\com.st.stm32cube.common.mx_6.14.1.202504091515\\db\/plugins/boardmanager/
2025-06-21 10:46:36,132 [INFO] ApiDb:261 - Set plugin images path to: C:\ST\STM32CubeIDE_1.18.1\STM32CubeIDE\plugins\com.st.stm32cube.common.mx_6.14.1.202504091515\\db\/plugins/mcufinder/images/
2025-06-21 10:46:36,132 [WARN] DbFile:41 - Overriding database path with different value: C:\Users\harri\.stmcufinder\plugins\mcufinder/ => C:\Users\harri\.stmcufinder\plugins\mcufinder
2025-06-21 10:46:36,132 [INFO] ApiDb:250 - Set database path to: C:\Users\harri\.stmcufinder\plugins\mcufinder//mcu/
2025-06-21 10:46:36,132 [WARN] DbFile:41 - Overriding database path with different value: C:\Users\harri\.stmcufinder\plugins\mcufinder/ => C:\Users\harri\.stmcufinder\plugins\mcufinder
2025-06-21 10:46:36,132 [INFO] DbMcusAds:125 - Set database path to: C:\Users\harri\.stmcufinder\plugins\mcufinder//mcu/
2025-06-21 10:46:36,132 [WARN] DbFile:41 - Overriding database path with different value: C:\Users\harri\.stmcufinder\plugins\mcufinder/ => C:\Users\harri\.stmcufinder\plugins\mcufinder
2025-06-21 10:46:36,132 [WARN] DbFile:41 - Overriding database path with different value: C:\Users\harri\.stmcufinder\plugins\mcufinder/ => C:\Users\harri\.stmcufinder\plugins\mcufinder
2025-06-21 10:46:36,132 [INFO] CrossReferenceDbSqlite:203 - Set database path to: C:\Users\harri\.stmcufinder\plugins\mcufinder//mcu/cs/
2025-06-21 10:46:36,195 [INFO] MainPanel:272 - HeapMemory: 268435456
2025-06-21 10:46:36,263 [INFO] DbMcusXml:78 - Set database path to: C:\ST\STM32CubeIDE_1.18.1\STM32CubeIDE\plugins\com.st.stm32cube.common.mx_6.14.1.202504091515\\db\/mcu/
2025-06-21 10:46:36,263 [INFO] ApiDb:274 - Set plugin database path to: C:\ST\STM32CubeIDE_1.18.1\STM32CubeIDE\plugins\com.st.stm32cube.common.mx_6.14.1.202504091515\\db\/plugins/boardmanager/
2025-06-21 10:46:36,263 [INFO] ApiDb:261 - Set plugin images path to: C:\ST\STM32CubeIDE_1.18.1\STM32CubeIDE\plugins\com.st.stm32cube.common.mx_6.14.1.202504091515\\db\/plugins/mcufinder/images/
2025-06-21 10:46:36,264 [WARN] DbFile:41 - Overriding database path with different value: C:\Users\harri\.stmcufinder\plugins\mcufinder/ => C:\Users\harri\.stmcufinder\plugins\mcufinder
2025-06-21 10:46:36,264 [INFO] ApiDb:250 - Set database path to: C:\Users\harri\.stmcufinder\plugins\mcufinder//mcu/
2025-06-21 10:46:36,264 [WARN] DbFile:41 - Overriding database path with different value: C:\Users\harri\.stmcufinder\plugins\mcufinder/ => C:\Users\harri\.stmcufinder\plugins\mcufinder
2025-06-21 10:46:36,264 [INFO] DbMcusAds:125 - Set database path to: C:\Users\harri\.stmcufinder\plugins\mcufinder//mcu/
2025-06-21 10:46:36,264 [WARN] DbFile:41 - Overriding database path with different value: C:\Users\harri\.stmcufinder\plugins\mcufinder/ => C:\Users\harri\.stmcufinder\plugins\mcufinder
2025-06-21 10:46:36,264 [WARN] DbFile:41 - Overriding database path with different value: C:\Users\harri\.stmcufinder\plugins\mcufinder/ => C:\Users\harri\.stmcufinder\plugins\mcufinder
2025-06-21 10:46:36,264 [INFO] CrossReferenceDbSqlite:203 - Set database path to: C:\Users\harri\.stmcufinder\plugins\mcufinder//mcu/cs/
2025-06-21 10:46:36,280 [INFO] ApplicationProperties:184 - Using Application install path: C:\ST\STM32CubeIDE_1.18.1\STM32CubeIDE\plugins\com.st.stm32cube.common.mx_6.14.1.202504091515
2025-06-21 10:46:36,281 [INFO] PluginManage:196 - Search for loadable plugins [exclusion list=, ]
2025-06-21 10:46:36,282 [INFO] PluginManage:310 - Check plugin analytics
2025-06-21 10:46:41,383 [INFO] AnalyticsPlugin:253 - Accepted Software Licenses: 
2025-06-21 10:46:41,383 [INFO] AnalyticsPlugin:255 - Accepted CMSIS Pack Licenses: 
2025-06-21 10:46:41,384 [INFO] AnalyticsPlugin:257 - Accepted Firmware Licenses: FW.F4.1.28.0
2025-06-21 10:46:41,386 [INFO] PluginManage:359 - Loaded plugin analytics (category:tool,tabindex:-1)
2025-06-21 10:46:41,386 [INFO] PluginManage:310 - Check plugin cadmodel
2025-06-21 10:46:41,389 [INFO] CADModel:105 - Init CAD model plugin
2025-06-21 10:46:41,389 [INFO] PluginManage:359 - Loaded plugin cadmodel (category:power,tabindex:5)
2025-06-21 10:46:41,389 [INFO] PluginManage:310 - Check plugin clock
2025-06-21 10:46:41,396 [INFO] PluginManage:359 - Loaded plugin clock (category:base,tabindex:2)
2025-06-21 10:46:41,396 [INFO] PluginManage:310 - Check plugin ddr
2025-06-21 10:46:41,397 [INFO] PluginManage:359 - Loaded plugin ddr (category:tool,tabindex:6)
2025-06-21 10:46:41,397 [INFO] PluginManage:310 - Check plugin filemanager
2025-06-21 10:46:41,518 [INFO] PluginManage:359 - Loaded plugin filemanager (category:base,tabindex:10)
2025-06-21 10:46:41,518 [INFO] PluginManage:310 - Check plugin ipmanager
2025-06-21 10:46:41,525 [INFO] PluginManage:359 - Loaded plugin ipmanager (category:base,tabindex:5)
2025-06-21 10:46:41,525 [INFO] PluginManage:310 - Check plugin lpbam
2025-06-21 10:46:41,534 [INFO] PluginManage:359 - Loaded plugin lpbam (category:base,tabindex:0)
2025-06-21 10:46:41,534 [INFO] PluginManage:310 - Check plugin memorymap
2025-06-21 10:46:41,545 [INFO] PluginManage:359 - Loaded plugin memorymap (category:base,tabindex:4)
2025-06-21 10:46:41,546 [INFO] PluginManage:310 - Check plugin pinoutandconfiguration
2025-06-21 10:46:41,554 [INFO] PluginManage:359 - Loaded plugin pinoutandconfiguration (category:base,tabindex:1)
2025-06-21 10:46:41,555 [INFO] PluginManage:310 - Check plugin pinoutconfig
2025-06-21 10:46:41,647 [WARN] SupportedApi:132 - Cannot load RTOS API schema: s4s-elt-must-match.1: The content of 'definitions' must match (annotation?, (simpleType | complexType)?, (unique | key | keyref)*)). A problem was found starting at: attribute.
2025-06-21 10:46:41,765 [INFO] PluginManage:359 - Loaded plugin pinoutconfig (category:base,tabindex:0)
2025-06-21 10:46:41,765 [INFO] PluginManage:310 - Check plugin power
2025-06-21 10:46:41,774 [INFO] PluginManage:359 - Loaded plugin power (category:power,tabindex:4)
2025-06-21 10:46:41,774 [INFO] PluginManage:310 - Check plugin projectmanager
2025-06-21 10:46:41,792 [INFO] PluginManage:359 - Loaded plugin projectmanager (category:projectmanager,tabindex:4)
2025-06-21 10:46:41,792 [INFO] PluginManage:310 - Check plugin rif
2025-06-21 10:46:41,797 [INFO] PluginManage:359 - Loaded plugin rif (category:base,tabindex:3)
2025-06-21 10:46:41,797 [INFO] PluginManage:310 - Check plugin thirdparty
2025-06-21 10:46:41,903 [WARN] IntegrityCheckThread:84 - waiting for thirdparty lock release [integrity check]
2025-06-21 10:46:41,903 [INFO] PluginManage:359 - Loaded plugin thirdparty (category:base,tabindex:-1)
2025-06-21 10:46:41,903 [INFO] IntegrityCheckThread:86 - entering critical section [integrity check]
2025-06-21 10:46:41,903 [INFO] PluginManage:310 - Check plugin tools
2025-06-21 10:46:41,903 [INFO] ThirdPartyUpdaterWithRetryManager:70 - Updater plugin not ready yet. [1/15]
2025-06-21 10:46:41,906 [INFO] PluginManage:359 - Loaded plugin tools (category:base,tabindex:7)
2025-06-21 10:46:41,906 [INFO] PluginManage:310 - Check plugin tutovideos
2025-06-21 10:46:42,044 [INFO] PluginManage:359 - Loaded plugin tutovideos (category:base,tabindex:-1)
2025-06-21 10:46:42,045 [INFO] PluginManage:310 - Check plugin updater
2025-06-21 10:46:42,064 [INFO] PluginManage:359 - Loaded plugin updater (category:base,tabindex:12)
2025-06-21 10:46:42,065 [INFO] PluginManage:310 - Check plugin userauth
2025-06-21 10:46:42,068 [INFO] UserAuth:118 - Init User Auth plugin
2025-06-21 10:46:42,068 [INFO] PluginManage:359 - Loaded plugin userauth (category:base,tabindex:14)
2025-06-21 10:46:42,069 [INFO] PluginManage:283 - PluginManage : Loaded plugins [18]
2025-06-21 10:46:42,227 [INFO] PinOutPanel:1589 - setPackage(No Configuration,No Configuration)
2025-06-21 10:46:42,303 [INFO] CADModel:165 - CPN selected for project level
2025-06-21 10:46:42,303 [INFO] CADModel:114 - Register for checkConnection events
2025-06-21 10:46:42,321 [INFO] IPUIPlugin:80 - create IPUIPlugin
2025-06-21 10:46:42,321 [INFO] PluginManager:220 - loadIPPluginJar : add adc
2025-06-21 10:46:42,324 [INFO] IPUIPlugin:80 - create IPUIPlugin
2025-06-21 10:46:42,324 [INFO] PluginManager:220 - loadIPPluginJar : add aes
2025-06-21 10:46:42,327 [INFO] IPUIPlugin:80 - create IPUIPlugin
2025-06-21 10:46:42,327 [INFO] PluginManager:220 - loadIPPluginJar : add can
2025-06-21 10:46:42,329 [INFO] IPUIPlugin:80 - create IPUIPlugin
2025-06-21 10:46:42,329 [INFO] PluginManager:220 - loadIPPluginJar : add comp
2025-06-21 10:46:42,331 [INFO] IPUIPlugin:80 - create IPUIPlugin
2025-06-21 10:46:42,331 [INFO] PluginManager:220 - loadIPPluginJar : add cryp
2025-06-21 10:46:42,333 [INFO] IPUIPlugin:80 - create IPUIPlugin
2025-06-21 10:46:42,333 [INFO] PluginManager:220 - loadIPPluginJar : add ddr_ctrl_phy
2025-06-21 10:46:42,336 [INFO] IPUIPlugin:80 - create IPUIPlugin
2025-06-21 10:46:42,336 [INFO] PluginManager:220 - loadIPPluginJar : add dfsdm
2025-06-21 10:46:42,340 [INFO] IPUIPlugin:80 - create IPUIPlugin
2025-06-21 10:46:42,341 [INFO] PluginManager:220 - loadIPPluginJar : add dma
2025-06-21 10:46:42,343 [INFO] IPUIPlugin:80 - create IPUIPlugin
2025-06-21 10:46:42,343 [INFO] PluginManager:220 - loadIPPluginJar : add dma3
2025-06-21 10:46:42,345 [INFO] IPUIPlugin:80 - create IPUIPlugin
2025-06-21 10:46:42,345 [INFO] PluginManager:220 - loadIPPluginJar : add extmemmanager
2025-06-21 10:46:42,349 [INFO] IPUIPlugin:80 - create IPUIPlugin
2025-06-21 10:46:42,349 [INFO] PluginManager:220 - loadIPPluginJar : add fatfs
2025-06-21 10:46:42,354 [INFO] IPUIPlugin:80 - create IPUIPlugin
2025-06-21 10:46:42,354 [INFO] PluginManager:220 - loadIPPluginJar : add fmc
2025-06-21 10:46:42,358 [INFO] IPUIPlugin:80 - create IPUIPlugin
2025-06-21 10:46:42,358 [INFO] PluginManager:220 - loadIPPluginJar : add freertos
2025-06-21 10:46:42,359 [INFO] IPUIPlugin:80 - create IPUIPlugin
2025-06-21 10:46:42,359 [INFO] PluginManager:220 - loadIPPluginJar : add genericplugin
2025-06-21 10:46:42,361 [INFO] IPUIPlugin:80 - create IPUIPlugin
2025-06-21 10:46:42,361 [INFO] PluginManager:220 - loadIPPluginJar : add gfxmmu
2025-06-21 10:46:42,366 [INFO] IPUIPlugin:80 - create IPUIPlugin
2025-06-21 10:46:42,366 [INFO] PluginManager:220 - loadIPPluginJar : add gic
2025-06-21 10:46:42,370 [INFO] IPUIPlugin:80 - create IPUIPlugin
2025-06-21 10:46:42,371 [INFO] PluginManager:220 - loadIPPluginJar : add gpio
2025-06-21 10:46:42,373 [INFO] IPUIPlugin:80 - create IPUIPlugin
2025-06-21 10:46:42,373 [INFO] PluginManager:220 - loadIPPluginJar : add gtzc
2025-06-21 10:46:42,375 [INFO] IPUIPlugin:80 - create IPUIPlugin
2025-06-21 10:46:42,375 [INFO] PluginManager:220 - loadIPPluginJar : add hash
2025-06-21 10:46:42,379 [INFO] IPUIPlugin:80 - create IPUIPlugin
2025-06-21 10:46:42,379 [INFO] PluginManager:220 - loadIPPluginJar : add i2c
2025-06-21 10:46:42,381 [INFO] IPUIPlugin:80 - create IPUIPlugin
2025-06-21 10:46:42,381 [INFO] PluginManager:220 - loadIPPluginJar : add i2s
2025-06-21 10:46:42,384 [INFO] IPUIPlugin:80 - create IPUIPlugin
2025-06-21 10:46:42,384 [INFO] PluginManager:220 - loadIPPluginJar : add i3c
2025-06-21 10:46:42,387 [INFO] IPUIPlugin:80 - create IPUIPlugin
2025-06-21 10:46:42,388 [INFO] PluginManager:220 - loadIPPluginJar : add ipddr
2025-06-21 10:46:42,393 [INFO] IPUIPlugin:80 - create IPUIPlugin
2025-06-21 10:46:42,393 [INFO] PluginManager:220 - loadIPPluginJar : add linkedlist
2025-06-21 10:46:42,396 [INFO] IPUIPlugin:80 - create IPUIPlugin
2025-06-21 10:46:42,396 [INFO] PluginManager:220 - loadIPPluginJar : add lorawan
2025-06-21 10:46:42,397 [INFO] IPUIPlugin:80 - create IPUIPlugin
2025-06-21 10:46:42,397 [INFO] PluginManager:220 - loadIPPluginJar : add ltdc
2025-06-21 10:46:42,402 [INFO] IPUIPlugin:80 - create IPUIPlugin
2025-06-21 10:46:42,402 [INFO] PluginManager:220 - loadIPPluginJar : add mdma
2025-06-21 10:46:42,405 [INFO] IPUIPlugin:80 - create IPUIPlugin
2025-06-21 10:46:42,405 [INFO] PluginManager:220 - loadIPPluginJar : add nvic
2025-06-21 10:46:42,407 [INFO] IPUIPlugin:80 - create IPUIPlugin
2025-06-21 10:46:42,408 [INFO] PluginManager:220 - loadIPPluginJar : add opamp
2025-06-21 10:46:42,411 [INFO] IPUIPlugin:80 - create IPUIPlugin
2025-06-21 10:46:42,411 [INFO] PluginManager:220 - loadIPPluginJar : add openamp
2025-06-21 10:46:42,415 [INFO] IPUIPlugin:80 - create IPUIPlugin
2025-06-21 10:46:42,415 [INFO] PluginManager:220 - loadIPPluginJar : add pdm2pcm
2025-06-21 10:46:42,420 [INFO] IPUIPlugin:80 - create IPUIPlugin
2025-06-21 10:46:42,423 [INFO] PluginManager:220 - loadIPPluginJar : add plateformsettings
2025-06-21 10:46:42,425 [INFO] IPUIPlugin:80 - create IPUIPlugin
2025-06-21 10:46:42,425 [INFO] PluginManager:220 - loadIPPluginJar : add quadspi
2025-06-21 10:46:42,427 [INFO] IPUIPlugin:80 - create IPUIPlugin
2025-06-21 10:46:42,427 [INFO] PluginManager:220 - loadIPPluginJar : add radio
2025-06-21 10:46:42,431 [INFO] IPUIPlugin:80 - create IPUIPlugin
2025-06-21 10:46:42,431 [INFO] PluginManager:220 - loadIPPluginJar : add resmgrutility
2025-06-21 10:46:42,434 [INFO] IPUIPlugin:80 - create IPUIPlugin
2025-06-21 10:46:42,434 [INFO] PluginManager:220 - loadIPPluginJar : add sai
2025-06-21 10:46:42,436 [INFO] IPUIPlugin:80 - create IPUIPlugin
2025-06-21 10:46:42,436 [INFO] PluginManager:220 - loadIPPluginJar : add spi
2025-06-21 10:46:42,441 [INFO] IPUIPlugin:80 - create IPUIPlugin
2025-06-21 10:46:42,441 [INFO] PluginManager:220 - loadIPPluginJar : add stm32_wpan
2025-06-21 10:46:42,443 [INFO] IPUIPlugin:80 - create IPUIPlugin
2025-06-21 10:46:42,443 [INFO] PluginManager:220 - loadIPPluginJar : add tim
2025-06-21 10:46:42,446 [INFO] IPUIPlugin:80 - create IPUIPlugin
2025-06-21 10:46:42,447 [INFO] PluginManager:220 - loadIPPluginJar : add touchsensing
2025-06-21 10:46:42,449 [INFO] IPUIPlugin:80 - create IPUIPlugin
2025-06-21 10:46:42,449 [INFO] PluginManager:220 - loadIPPluginJar : add tracer_emb
2025-06-21 10:46:42,451 [INFO] IPUIPlugin:80 - create IPUIPlugin
2025-06-21 10:46:42,451 [INFO] PluginManager:220 - loadIPPluginJar : add ts
2025-06-21 10:46:42,453 [INFO] IPUIPlugin:80 - create IPUIPlugin
2025-06-21 10:46:42,454 [INFO] PluginManager:220 - loadIPPluginJar : add tsc
2025-06-21 10:46:42,456 [INFO] IPUIPlugin:80 - create IPUIPlugin
2025-06-21 10:46:42,456 [INFO] PluginManager:220 - loadIPPluginJar : add ucpd
2025-06-21 10:46:42,458 [INFO] IPUIPlugin:80 - create IPUIPlugin
2025-06-21 10:46:42,458 [INFO] PluginManager:220 - loadIPPluginJar : add usart
2025-06-21 10:46:42,462 [INFO] IPUIPlugin:80 - create IPUIPlugin
2025-06-21 10:46:42,462 [INFO] PluginManager:220 - loadIPPluginJar : add usbx
2025-06-21 10:46:42,583 [FATAL] Updater:351 - Updater called before beeing initialized
2025-06-21 10:46:42,610 [INFO] RulesReader:64 - Compatibility file has been processed (302 Rules)
2025-06-21 10:46:42,622 [INFO] RulesReader:64 - Compatibility file has been processed (302 Rules)
2025-06-21 10:46:42,629 [INFO] CADModel:165 - CPN selected for project level
2025-06-21 10:46:42,630 [INFO] CADModel:114 - Register for checkConnection events
2025-06-21 10:46:42,630 [FATAL] Updater:351 - Updater called before beeing initialized
2025-06-21 10:46:42,630 [ERROR] CADModel:125 - Updater not yet initialized, retry later 
2025-06-21 10:46:42,766 [FATAL] Updater:351 - Updater called before beeing initialized
2025-06-21 10:46:42,768 [INFO] CADModel:165 - CPN selected for project level
2025-06-21 10:46:42,768 [INFO] CADModel:114 - Register for checkConnection events
2025-06-21 10:46:42,768 [FATAL] Updater:351 - Updater called before beeing initialized
2025-06-21 10:46:42,768 [ERROR] CADModel:125 - Updater not yet initialized, retry later 
2025-06-21 10:46:42,772 [FATAL] Updater:351 - Updater called before beeing initialized
2025-06-21 10:46:42,885 [FATAL] Updater:351 - Updater called before beeing initialized
2025-06-21 10:46:42,890 [INFO] DbMcusAds:53 - JSON generation date=Wed May 07 14:37:55 IST 2025 (1746608875484)
2025-06-21 10:46:42,891 [FATAL] Updater:351 - Updater called before beeing initialized
2025-06-21 10:46:42,949 [WARN] DetailPanel:346 - Failed to get advertising image, set to default
2025-06-21 10:46:43,328 [FATAL] Updater:351 - Updater called before beeing initialized
2025-06-21 10:46:43,330 [FATAL] Updater:351 - Updater called before beeing initialized
2025-06-21 10:46:43,330 [FATAL] Updater:351 - Updater called before beeing initialized
2025-06-21 10:46:43,330 [WARN] DetailPanel:346 - Failed to get advertising image, set to default
2025-06-21 10:46:43,331 [FATAL] Updater:351 - Updater called before beeing initialized
2025-06-21 10:46:43,387 [ERROR] Updater:1198 - MainUpdater not yet initialized. External WinMGr cannot be set.
