2025-06-21 10:27:07,984 [INFO] Activator:176 - 


2025-06-21 10:27:07,989 [INFO] Activator:177 - !SESSION log4j initialized
2025-06-21 10:27:14,039 [INFO] LogOutputStream:77 - [STDOUT_REDIRECT] 
2025-06-21 10:27:19,933 [INFO] ApplicationProperties:184 - Using Application install path: C:\ST\STM32CubeIDE_1.18.1\STM32CubeIDE\plugins\com.st.stm32cube.common.mx_6.14.1.202504091515
2025-06-21 10:27:19,953 [INFO] DbMcusXml:78 - Set database path to: C:\ST\STM32CubeIDE_1.18.1\STM32CubeIDE\plugins\com.st.stm32cube.common.mx_6.14.1.202504091515\\db\/mcu/
2025-06-21 10:27:19,953 [INFO] ApiDb:274 - Set plugin database path to: C:\ST\STM32CubeIDE_1.18.1\STM32CubeIDE\plugins\com.st.stm32cube.common.mx_6.14.1.202504091515\\db\/plugins/boardmanager/
2025-06-21 10:27:19,954 [WARN] ApiDb:259 - Overriding images path with different value:  => C:\ST\STM32CubeIDE_1.18.1\STM32CubeIDE\plugins\com.st.stm32cube.common.mx_6.14.1.202504091515\\db\/plugins/mcufinder/images/
2025-06-21 10:27:19,965 [INFO] ApiDb:250 - Set database path to: C:\Users\harri\.stmcufinder\plugins\mcufinder//mcu/
2025-06-21 10:27:19,967 [INFO] DbMcusAds:125 - Set database path to: C:\Users\harri\.stmcufinder\plugins\mcufinder//mcu/
2025-06-21 10:27:19,969 [INFO] CrossReferenceDbSqlite:203 - Set database path to: C:\Users\harri\.stmcufinder\plugins\mcufinder//mcu/cs/
2025-06-21 10:27:20,093 [INFO] RulesReader:64 - Compatibility file has been processed (302 Rules)
2025-06-21 10:27:20,202 [INFO] DbMcusXml:78 - Set database path to: C:\ST\STM32CubeIDE_1.18.1\STM32CubeIDE\plugins\com.st.stm32cube.common.mx_6.14.1.202504091515\\db\/mcu/
2025-06-21 10:27:20,202 [INFO] ApiDb:274 - Set plugin database path to: C:\ST\STM32CubeIDE_1.18.1\STM32CubeIDE\plugins\com.st.stm32cube.common.mx_6.14.1.202504091515\\db\/plugins/boardmanager/
2025-06-21 10:27:20,202 [INFO] ApiDb:261 - Set plugin images path to: C:\ST\STM32CubeIDE_1.18.1\STM32CubeIDE\plugins\com.st.stm32cube.common.mx_6.14.1.202504091515\\db\/plugins/mcufinder/images/
2025-06-21 10:27:20,202 [WARN] DbFile:41 - Overriding database path with different value: C:\Users\harri\.stmcufinder\plugins\mcufinder/ => C:\Users\harri\.stmcufinder\plugins\mcufinder
2025-06-21 10:27:20,202 [INFO] ApiDb:250 - Set database path to: C:\Users\harri\.stmcufinder\plugins\mcufinder//mcu/
2025-06-21 10:27:20,202 [WARN] DbFile:41 - Overriding database path with different value: C:\Users\harri\.stmcufinder\plugins\mcufinder/ => C:\Users\harri\.stmcufinder\plugins\mcufinder
2025-06-21 10:27:20,202 [INFO] DbMcusAds:125 - Set database path to: C:\Users\harri\.stmcufinder\plugins\mcufinder//mcu/
2025-06-21 10:27:20,202 [WARN] DbFile:41 - Overriding database path with different value: C:\Users\harri\.stmcufinder\plugins\mcufinder/ => C:\Users\harri\.stmcufinder\plugins\mcufinder
2025-06-21 10:27:20,203 [WARN] DbFile:41 - Overriding database path with different value: C:\Users\harri\.stmcufinder\plugins\mcufinder/ => C:\Users\harri\.stmcufinder\plugins\mcufinder
2025-06-21 10:27:20,203 [INFO] CrossReferenceDbSqlite:203 - Set database path to: C:\Users\harri\.stmcufinder\plugins\mcufinder//mcu/cs/
2025-06-21 10:27:20,279 [INFO] MainPanel:272 - HeapMemory: 268435456
2025-06-21 10:27:20,390 [INFO] DbMcusXml:78 - Set database path to: C:\ST\STM32CubeIDE_1.18.1\STM32CubeIDE\plugins\com.st.stm32cube.common.mx_6.14.1.202504091515\\db\/mcu/
2025-06-21 10:27:20,390 [INFO] ApiDb:274 - Set plugin database path to: C:\ST\STM32CubeIDE_1.18.1\STM32CubeIDE\plugins\com.st.stm32cube.common.mx_6.14.1.202504091515\\db\/plugins/boardmanager/
2025-06-21 10:27:20,390 [INFO] ApiDb:261 - Set plugin images path to: C:\ST\STM32CubeIDE_1.18.1\STM32CubeIDE\plugins\com.st.stm32cube.common.mx_6.14.1.202504091515\\db\/plugins/mcufinder/images/
2025-06-21 10:27:20,390 [WARN] DbFile:41 - Overriding database path with different value: C:\Users\harri\.stmcufinder\plugins\mcufinder/ => C:\Users\harri\.stmcufinder\plugins\mcufinder
2025-06-21 10:27:20,392 [INFO] ApiDb:250 - Set database path to: C:\Users\harri\.stmcufinder\plugins\mcufinder//mcu/
2025-06-21 10:27:20,392 [WARN] DbFile:41 - Overriding database path with different value: C:\Users\harri\.stmcufinder\plugins\mcufinder/ => C:\Users\harri\.stmcufinder\plugins\mcufinder
2025-06-21 10:27:20,392 [INFO] DbMcusAds:125 - Set database path to: C:\Users\harri\.stmcufinder\plugins\mcufinder//mcu/
2025-06-21 10:27:20,392 [WARN] DbFile:41 - Overriding database path with different value: C:\Users\harri\.stmcufinder\plugins\mcufinder/ => C:\Users\harri\.stmcufinder\plugins\mcufinder
2025-06-21 10:27:20,392 [WARN] DbFile:41 - Overriding database path with different value: C:\Users\harri\.stmcufinder\plugins\mcufinder/ => C:\Users\harri\.stmcufinder\plugins\mcufinder
2025-06-21 10:27:20,392 [INFO] CrossReferenceDbSqlite:203 - Set database path to: C:\Users\harri\.stmcufinder\plugins\mcufinder//mcu/cs/
2025-06-21 10:27:20,415 [INFO] ApplicationProperties:184 - Using Application install path: C:\ST\STM32CubeIDE_1.18.1\STM32CubeIDE\plugins\com.st.stm32cube.common.mx_6.14.1.202504091515
2025-06-21 10:27:20,417 [INFO] PluginManage:196 - Search for loadable plugins [exclusion list=, ]
2025-06-21 10:27:20,419 [INFO] PluginManage:310 - Check plugin analytics
2025-06-21 10:27:25,603 [INFO] AnalyticsPlugin:253 - Accepted Software Licenses: 
2025-06-21 10:27:25,604 [INFO] AnalyticsPlugin:255 - Accepted CMSIS Pack Licenses: 
2025-06-21 10:27:25,604 [INFO] AnalyticsPlugin:257 - Accepted Firmware Licenses: FW.F4.1.28.0
2025-06-21 10:27:25,607 [INFO] PluginManage:359 - Loaded plugin analytics (category:tool,tabindex:-1)
2025-06-21 10:27:25,607 [INFO] PluginManage:310 - Check plugin cadmodel
2025-06-21 10:27:25,614 [INFO] CADModel:105 - Init CAD model plugin
2025-06-21 10:27:25,614 [INFO] PluginManage:359 - Loaded plugin cadmodel (category:power,tabindex:5)
2025-06-21 10:27:25,614 [INFO] PluginManage:310 - Check plugin clock
2025-06-21 10:27:25,627 [INFO] PluginManage:359 - Loaded plugin clock (category:base,tabindex:2)
2025-06-21 10:27:25,627 [INFO] PluginManage:310 - Check plugin ddr
2025-06-21 10:27:25,630 [INFO] PluginManage:359 - Loaded plugin ddr (category:tool,tabindex:6)
2025-06-21 10:27:25,630 [INFO] PluginManage:310 - Check plugin filemanager
2025-06-21 10:27:25,804 [INFO] PluginManage:359 - Loaded plugin filemanager (category:base,tabindex:10)
2025-06-21 10:27:25,804 [INFO] PluginManage:310 - Check plugin ipmanager
2025-06-21 10:27:25,814 [INFO] PluginManage:359 - Loaded plugin ipmanager (category:base,tabindex:5)
2025-06-21 10:27:25,815 [INFO] PluginManage:310 - Check plugin lpbam
2025-06-21 10:27:25,824 [INFO] PluginManage:359 - Loaded plugin lpbam (category:base,tabindex:0)
2025-06-21 10:27:25,825 [INFO] PluginManage:310 - Check plugin memorymap
2025-06-21 10:27:25,846 [INFO] PluginManage:359 - Loaded plugin memorymap (category:base,tabindex:4)
2025-06-21 10:27:25,846 [INFO] PluginManage:310 - Check plugin pinoutandconfiguration
2025-06-21 10:27:25,858 [INFO] PluginManage:359 - Loaded plugin pinoutandconfiguration (category:base,tabindex:1)
2025-06-21 10:27:25,860 [INFO] PluginManage:310 - Check plugin pinoutconfig
2025-06-21 10:27:25,960 [WARN] SupportedApi:132 - Cannot load RTOS API schema: s4s-elt-must-match.1: The content of 'definitions' must match (annotation?, (simpleType | complexType)?, (unique | key | keyref)*)). A problem was found starting at: attribute.
2025-06-21 10:27:26,114 [INFO] PluginManage:359 - Loaded plugin pinoutconfig (category:base,tabindex:0)
2025-06-21 10:27:26,114 [INFO] PluginManage:310 - Check plugin power
2025-06-21 10:27:26,124 [INFO] PluginManage:359 - Loaded plugin power (category:power,tabindex:4)
2025-06-21 10:27:26,124 [INFO] PluginManage:310 - Check plugin projectmanager
2025-06-21 10:27:26,142 [INFO] PluginManage:359 - Loaded plugin projectmanager (category:projectmanager,tabindex:4)
2025-06-21 10:27:26,142 [INFO] PluginManage:310 - Check plugin rif
2025-06-21 10:27:26,152 [INFO] PluginManage:359 - Loaded plugin rif (category:base,tabindex:3)
2025-06-21 10:27:26,153 [INFO] PluginManage:310 - Check plugin thirdparty
2025-06-21 10:27:26,327 [INFO] PluginManage:359 - Loaded plugin thirdparty (category:base,tabindex:-1)
2025-06-21 10:27:26,327 [WARN] IntegrityCheckThread:84 - waiting for thirdparty lock release [integrity check]
2025-06-21 10:27:26,328 [INFO] PluginManage:310 - Check plugin tools
2025-06-21 10:27:26,328 [INFO] IntegrityCheckThread:86 - entering critical section [integrity check]
2025-06-21 10:27:26,328 [INFO] ThirdPartyUpdaterWithRetryManager:70 - Updater plugin not ready yet. [1/15]
2025-06-21 10:27:26,332 [INFO] PluginManage:359 - Loaded plugin tools (category:base,tabindex:7)
2025-06-21 10:27:26,332 [INFO] PluginManage:310 - Check plugin tutovideos
2025-06-21 10:27:26,527 [INFO] PluginManage:359 - Loaded plugin tutovideos (category:base,tabindex:-1)
2025-06-21 10:27:26,527 [INFO] PluginManage:310 - Check plugin updater
2025-06-21 10:27:26,547 [INFO] PluginManage:359 - Loaded plugin updater (category:base,tabindex:12)
2025-06-21 10:27:26,547 [INFO] PluginManage:310 - Check plugin userauth
2025-06-21 10:27:26,551 [INFO] UserAuth:118 - Init User Auth plugin
2025-06-21 10:27:26,552 [INFO] PluginManage:359 - Loaded plugin userauth (category:base,tabindex:14)
2025-06-21 10:27:26,553 [INFO] PluginManage:283 - PluginManage : Loaded plugins [18]
2025-06-21 10:27:26,768 [INFO] PinOutPanel:1589 - setPackage(No Configuration,No Configuration)
2025-06-21 10:27:26,858 [INFO] CADModel:165 - CPN selected for project level
2025-06-21 10:27:26,858 [INFO] CADModel:114 - Register for checkConnection events
2025-06-21 10:27:26,880 [INFO] IPUIPlugin:80 - create IPUIPlugin
2025-06-21 10:27:26,880 [INFO] PluginManager:220 - loadIPPluginJar : add adc
2025-06-21 10:27:26,883 [INFO] IPUIPlugin:80 - create IPUIPlugin
2025-06-21 10:27:26,883 [INFO] PluginManager:220 - loadIPPluginJar : add aes
2025-06-21 10:27:26,888 [INFO] IPUIPlugin:80 - create IPUIPlugin
2025-06-21 10:27:26,888 [INFO] PluginManager:220 - loadIPPluginJar : add can
2025-06-21 10:27:26,891 [INFO] IPUIPlugin:80 - create IPUIPlugin
2025-06-21 10:27:26,891 [INFO] PluginManager:220 - loadIPPluginJar : add comp
2025-06-21 10:27:26,895 [INFO] IPUIPlugin:80 - create IPUIPlugin
2025-06-21 10:27:26,895 [INFO] PluginManager:220 - loadIPPluginJar : add cryp
2025-06-21 10:27:26,899 [INFO] IPUIPlugin:80 - create IPUIPlugin
2025-06-21 10:27:26,899 [INFO] PluginManager:220 - loadIPPluginJar : add ddr_ctrl_phy
2025-06-21 10:27:26,901 [INFO] IPUIPlugin:80 - create IPUIPlugin
2025-06-21 10:27:26,901 [INFO] PluginManager:220 - loadIPPluginJar : add dfsdm
2025-06-21 10:27:26,907 [INFO] IPUIPlugin:80 - create IPUIPlugin
2025-06-21 10:27:26,908 [INFO] PluginManager:220 - loadIPPluginJar : add dma
2025-06-21 10:27:26,911 [INFO] IPUIPlugin:80 - create IPUIPlugin
2025-06-21 10:27:26,911 [INFO] PluginManager:220 - loadIPPluginJar : add dma3
2025-06-21 10:27:26,914 [INFO] IPUIPlugin:80 - create IPUIPlugin
2025-06-21 10:27:26,914 [INFO] PluginManager:220 - loadIPPluginJar : add extmemmanager
2025-06-21 10:27:26,917 [INFO] IPUIPlugin:80 - create IPUIPlugin
2025-06-21 10:27:26,917 [INFO] PluginManager:220 - loadIPPluginJar : add fatfs
2025-06-21 10:27:26,921 [INFO] IPUIPlugin:80 - create IPUIPlugin
2025-06-21 10:27:26,921 [INFO] PluginManager:220 - loadIPPluginJar : add fmc
2025-06-21 10:27:26,927 [INFO] IPUIPlugin:80 - create IPUIPlugin
2025-06-21 10:27:26,927 [INFO] PluginManager:220 - loadIPPluginJar : add freertos
2025-06-21 10:27:26,929 [INFO] IPUIPlugin:80 - create IPUIPlugin
2025-06-21 10:27:26,929 [INFO] PluginManager:220 - loadIPPluginJar : add genericplugin
2025-06-21 10:27:26,932 [INFO] IPUIPlugin:80 - create IPUIPlugin
2025-06-21 10:27:26,932 [INFO] PluginManager:220 - loadIPPluginJar : add gfxmmu
2025-06-21 10:27:26,939 [INFO] IPUIPlugin:80 - create IPUIPlugin
2025-06-21 10:27:26,939 [INFO] PluginManager:220 - loadIPPluginJar : add gic
2025-06-21 10:27:26,944 [INFO] IPUIPlugin:80 - create IPUIPlugin
2025-06-21 10:27:26,944 [INFO] PluginManager:220 - loadIPPluginJar : add gpio
2025-06-21 10:27:26,947 [INFO] IPUIPlugin:80 - create IPUIPlugin
2025-06-21 10:27:26,947 [INFO] PluginManager:220 - loadIPPluginJar : add gtzc
2025-06-21 10:27:26,951 [INFO] IPUIPlugin:80 - create IPUIPlugin
2025-06-21 10:27:26,951 [INFO] PluginManager:220 - loadIPPluginJar : add hash
2025-06-21 10:27:26,955 [INFO] IPUIPlugin:80 - create IPUIPlugin
2025-06-21 10:27:26,955 [INFO] PluginManager:220 - loadIPPluginJar : add i2c
2025-06-21 10:27:26,957 [INFO] IPUIPlugin:80 - create IPUIPlugin
2025-06-21 10:27:26,957 [INFO] PluginManager:220 - loadIPPluginJar : add i2s
2025-06-21 10:27:26,961 [INFO] IPUIPlugin:80 - create IPUIPlugin
2025-06-21 10:27:26,961 [INFO] PluginManager:220 - loadIPPluginJar : add i3c
2025-06-21 10:27:26,965 [INFO] IPUIPlugin:80 - create IPUIPlugin
2025-06-21 10:27:26,965 [INFO] PluginManager:220 - loadIPPluginJar : add ipddr
2025-06-21 10:27:26,973 [INFO] IPUIPlugin:80 - create IPUIPlugin
2025-06-21 10:27:26,973 [INFO] PluginManager:220 - loadIPPluginJar : add linkedlist
2025-06-21 10:27:26,976 [INFO] IPUIPlugin:80 - create IPUIPlugin
2025-06-21 10:27:26,976 [INFO] PluginManager:220 - loadIPPluginJar : add lorawan
2025-06-21 10:27:26,979 [INFO] IPUIPlugin:80 - create IPUIPlugin
2025-06-21 10:27:26,979 [INFO] PluginManager:220 - loadIPPluginJar : add ltdc
2025-06-21 10:27:26,985 [INFO] IPUIPlugin:80 - create IPUIPlugin
2025-06-21 10:27:26,985 [INFO] PluginManager:220 - loadIPPluginJar : add mdma
2025-06-21 10:27:26,988 [INFO] IPUIPlugin:80 - create IPUIPlugin
2025-06-21 10:27:26,988 [INFO] PluginManager:220 - loadIPPluginJar : add nvic
2025-06-21 10:27:26,991 [INFO] IPUIPlugin:80 - create IPUIPlugin
2025-06-21 10:27:26,991 [INFO] PluginManager:220 - loadIPPluginJar : add opamp
2025-06-21 10:27:26,995 [INFO] IPUIPlugin:80 - create IPUIPlugin
2025-06-21 10:27:26,995 [INFO] PluginManager:220 - loadIPPluginJar : add openamp
2025-06-21 10:27:26,998 [INFO] IPUIPlugin:80 - create IPUIPlugin
2025-06-21 10:27:26,998 [INFO] PluginManager:220 - loadIPPluginJar : add pdm2pcm
2025-06-21 10:27:27,004 [INFO] IPUIPlugin:80 - create IPUIPlugin
2025-06-21 10:27:27,006 [INFO] PluginManager:220 - loadIPPluginJar : add plateformsettings
2025-06-21 10:27:27,009 [INFO] IPUIPlugin:80 - create IPUIPlugin
2025-06-21 10:27:27,011 [INFO] PluginManager:220 - loadIPPluginJar : add quadspi
2025-06-21 10:27:27,013 [INFO] IPUIPlugin:80 - create IPUIPlugin
2025-06-21 10:27:27,014 [INFO] PluginManager:220 - loadIPPluginJar : add radio
2025-06-21 10:27:27,019 [INFO] IPUIPlugin:80 - create IPUIPlugin
2025-06-21 10:27:27,019 [INFO] PluginManager:220 - loadIPPluginJar : add resmgrutility
2025-06-21 10:27:27,021 [INFO] IPUIPlugin:80 - create IPUIPlugin
2025-06-21 10:27:27,021 [INFO] PluginManager:220 - loadIPPluginJar : add sai
2025-06-21 10:27:27,024 [INFO] IPUIPlugin:80 - create IPUIPlugin
2025-06-21 10:27:27,024 [INFO] PluginManager:220 - loadIPPluginJar : add spi
2025-06-21 10:27:27,030 [INFO] IPUIPlugin:80 - create IPUIPlugin
2025-06-21 10:27:27,030 [INFO] PluginManager:220 - loadIPPluginJar : add stm32_wpan
2025-06-21 10:27:27,032 [INFO] IPUIPlugin:80 - create IPUIPlugin
2025-06-21 10:27:27,032 [INFO] PluginManager:220 - loadIPPluginJar : add tim
2025-06-21 10:27:27,036 [INFO] IPUIPlugin:80 - create IPUIPlugin
2025-06-21 10:27:27,036 [INFO] PluginManager:220 - loadIPPluginJar : add touchsensing
2025-06-21 10:27:27,039 [INFO] IPUIPlugin:80 - create IPUIPlugin
2025-06-21 10:27:27,039 [INFO] PluginManager:220 - loadIPPluginJar : add tracer_emb
2025-06-21 10:27:27,041 [INFO] IPUIPlugin:80 - create IPUIPlugin
2025-06-21 10:27:27,041 [INFO] PluginManager:220 - loadIPPluginJar : add ts
2025-06-21 10:27:27,043 [INFO] IPUIPlugin:80 - create IPUIPlugin
2025-06-21 10:27:27,043 [INFO] PluginManager:220 - loadIPPluginJar : add tsc
2025-06-21 10:27:27,046 [INFO] IPUIPlugin:80 - create IPUIPlugin
2025-06-21 10:27:27,046 [INFO] PluginManager:220 - loadIPPluginJar : add ucpd
2025-06-21 10:27:27,050 [INFO] IPUIPlugin:80 - create IPUIPlugin
2025-06-21 10:27:27,050 [INFO] PluginManager:220 - loadIPPluginJar : add usart
2025-06-21 10:27:27,054 [INFO] IPUIPlugin:80 - create IPUIPlugin
2025-06-21 10:27:27,054 [INFO] PluginManager:220 - loadIPPluginJar : add usbx
2025-06-21 10:27:27,181 [FATAL] Updater:351 - Updater called before beeing initialized
2025-06-21 10:27:27,209 [INFO] RulesReader:64 - Compatibility file has been processed (302 Rules)
2025-06-21 10:27:27,220 [INFO] RulesReader:64 - Compatibility file has been processed (302 Rules)
2025-06-21 10:27:27,229 [INFO] CADModel:165 - CPN selected for project level
2025-06-21 10:27:27,229 [INFO] CADModel:114 - Register for checkConnection events
2025-06-21 10:27:27,229 [FATAL] Updater:351 - Updater called before beeing initialized
2025-06-21 10:27:27,229 [ERROR] CADModel:125 - Updater not yet initialized, retry later 
2025-06-21 10:27:27,375 [FATAL] Updater:351 - Updater called before beeing initialized
2025-06-21 10:27:27,376 [INFO] CADModel:165 - CPN selected for project level
2025-06-21 10:27:27,376 [INFO] CADModel:114 - Register for checkConnection events
2025-06-21 10:27:27,376 [FATAL] Updater:351 - Updater called before beeing initialized
2025-06-21 10:27:27,376 [ERROR] CADModel:125 - Updater not yet initialized, retry later 
2025-06-21 10:27:27,381 [FATAL] Updater:351 - Updater called before beeing initialized
2025-06-21 10:27:27,473 [FATAL] Updater:351 - Updater called before beeing initialized
2025-06-21 10:27:27,476 [INFO] DbMcusAds:53 - JSON generation date=Wed May 07 14:37:55 IST 2025 (1746608875484)
2025-06-21 10:27:27,476 [FATAL] Updater:351 - Updater called before beeing initialized
2025-06-21 10:27:27,511 [WARN] DetailPanel:346 - Failed to get advertising image, set to default
2025-06-21 10:27:27,770 [FATAL] Updater:351 - Updater called before beeing initialized
2025-06-21 10:27:27,772 [FATAL] Updater:351 - Updater called before beeing initialized
2025-06-21 10:27:27,772 [FATAL] Updater:351 - Updater called before beeing initialized
2025-06-21 10:27:27,772 [WARN] DetailPanel:346 - Failed to get advertising image, set to default
2025-06-21 10:27:27,773 [FATAL] Updater:351 - Updater called before beeing initialized
2025-06-21 10:27:27,822 [ERROR] Updater:1198 - MainUpdater not yet initialized. External WinMGr cannot be set.
2025-06-21 10:27:27,826 [INFO] Updater:1134 - Updater Version found : 6.14.1
2025-06-21 10:27:27,847 [INFO] ApplicationProperties:184 - Using Application install path: C:\ST\STM32CubeIDE_1.18.1\STM32CubeIDE\plugins\com.st.stm32cube.common.mx_6.14.1.202504091515
2025-06-21 10:27:29,329 [INFO] ThirdPartyUpdaterWithRetryManager:70 - Updater plugin not ready yet. [2/15]
2025-06-21 10:27:29,418 [ERROR] LogOutputStream:75 - [STDERR_REDIRECT] Jun 21, 2025 10:27:29 AM java.util.prefs.WindowsPreferences <init>
2025-06-21 10:27:29,419 [ERROR] LogOutputStream:75 - [STDERR_REDIRECT] WARNING: Could not open/create prefs root node Software\JavaSoft\Prefs at root 0xffffffff80000002. Windows RegCreateKeyEx(...) returned error code 5.
2025-06-21 10:27:29,420 [ERROR] LogOutputStream:75 - [STDERR_REDIRECT] 
2025-06-21 10:27:29,966 [INFO] MainUpdater:2872 - connection check result : 10
2025-06-21 10:27:29,967 [INFO] MainUpdater:3566 - Updater definition file requires update
2025-06-21 10:27:29,968 [INFO] MainUpdater:289 - Updater Check For Update Now.
2025-06-21 10:27:29,968 [INFO] MicroXplorer:498 - Change Database Version : DB.6.0.141
2025-06-21 10:27:29,971 [INFO] McuFinderGlobals:63 - Set McuFinder mode to 2 (CubeIDE integrated)
2025-06-21 10:27:29,972 [INFO] UserAuth:484 - Internet connection configuration mode: 1
2025-06-21 10:27:29,994 [INFO] JxBrowserEngine:152 - Initiate JxBrowser Engine with user profile folder
2025-06-21 10:27:30,045 [INFO] ServerAccessManage:473 - Download File updaters.zip
2025-06-21 10:27:30,268 [INFO] FileExtend:242 - Unzip File : updaters.zip
2025-06-21 10:27:30,268 [INFO] FileExtend:257 - Standard Zip Deflate
2025-06-21 10:27:30,740 [INFO] ServerAccessManage:473 - Download File PacksControlFlags.xml
2025-06-21 10:27:30,857 [INFO] ServerAccessManage:473 - Download File cubemx.pidx
2025-06-21 10:27:32,024 [INFO] WebApp:169 - Instantiating new browser for Auth
2025-06-21 10:27:32,246 [INFO] ServerAccessManage:473 - Download File STMicroelectronics.X-CUBE-MEMS1.pdsc
2025-06-21 10:27:32,331 [WARN] MainUpdater:1193 - Updater busy. Cannot search thirdparties
2025-06-21 10:27:32,331 [INFO] ThirdPartyUpdaterWithRetryManager:96 - Updater plugin is busy. [1/15]
2025-06-21 10:27:32,758 [INFO] WebApp:463 - Apply proxy settings
2025-06-21 10:27:32,759 [INFO] WebApp:548 - Chromium requires no authentication
2025-06-21 10:27:32,766 [INFO] WebApp:491 - Direct internet connection detected
2025-06-21 10:27:32,792 [INFO] WebApp:894 - Register for checkConnection events
2025-06-21 10:27:32,793 [INFO] WebApp:463 - Apply proxy settings
2025-06-21 10:27:32,793 [INFO] WebApp:548 - Chromium requires no authentication
2025-06-21 10:27:32,793 [INFO] WebApp:491 - Direct internet connection detected
2025-06-21 10:27:32,942 [INFO] WebApp:225 - Starting web application
2025-06-21 10:27:32,942 [INFO] WebApp:593 - Web application path used C:\ST\STM32CubeIDE_1.18.1\STM32CubeIDE\plugins\com.st.stm32cube.common.mx_6.14.1.202504091515\db\plugins\mcufinder\reactClient1\index.html
2025-06-21 10:27:33,088 [INFO] UserAuth:484 - Internet connection configuration mode: 1
2025-06-21 10:27:33,234 [ERROR] LogOutputStream:75 - [STDERR_REDIRECT] [Fatal Error] :1:1: Premature end of file.
2025-06-21 10:27:33,234 [ERROR] LogOutputStream:75 - [STDERR_REDIRECT] 
2025-06-21 10:27:33,467 [INFO] WebApp:191 - Connection restablished
2025-06-21 10:27:34,214 [ERROR] LogOutputStream:75 - [STDERR_REDIRECT] [Fatal Error] :1:1: Premature end of file.
2025-06-21 10:27:34,214 [ERROR] LogOutputStream:75 - [STDERR_REDIRECT] 
2025-06-21 10:27:35,282 [ERROR] LogOutputStream:75 - [STDERR_REDIRECT] [Fatal Error] :1:1: Premature end of file.
2025-06-21 10:27:35,282 [ERROR] LogOutputStream:75 - [STDERR_REDIRECT] 
2025-06-21 10:27:35,332 [WARN] MainUpdater:1193 - Updater busy. Cannot search thirdparties
2025-06-21 10:27:35,332 [INFO] ThirdPartyUpdaterWithRetryManager:96 - Updater plugin is busy. [2/15]
2025-06-21 10:27:36,198 [ERROR] LogOutputStream:75 - [STDERR_REDIRECT] [Fatal Error] :1:1: Premature end of file.
2025-06-21 10:27:36,198 [ERROR] LogOutputStream:75 - [STDERR_REDIRECT] 
2025-06-21 10:27:37,292 [ERROR] LogOutputStream:75 - [STDERR_REDIRECT] [Fatal Error] :1:1: Premature end of file.
2025-06-21 10:27:37,293 [ERROR] LogOutputStream:75 - [STDERR_REDIRECT] 
2025-06-21 10:27:38,280 [ERROR] LogOutputStream:75 - [STDERR_REDIRECT] [Fatal Error] :1:1: Premature end of file.
2025-06-21 10:27:38,281 [ERROR] LogOutputStream:75 - [STDERR_REDIRECT] 
2025-06-21 10:27:38,332 [WARN] MainUpdater:1193 - Updater busy. Cannot search thirdparties
2025-06-21 10:27:38,333 [INFO] ThirdPartyUpdaterWithRetryManager:96 - Updater plugin is busy. [3/15]
2025-06-21 10:27:39,243 [ERROR] LogOutputStream:75 - [STDERR_REDIRECT] [Fatal Error] :1:1: Premature end of file.
2025-06-21 10:27:39,244 [ERROR] LogOutputStream:75 - [STDERR_REDIRECT] 
2025-06-21 10:27:40,197 [ERROR] LogOutputStream:75 - [STDERR_REDIRECT] [Fatal Error] :1:1: Premature end of file.
2025-06-21 10:27:40,198 [ERROR] LogOutputStream:75 - [STDERR_REDIRECT] 
2025-06-21 10:27:41,288 [ERROR] LogOutputStream:75 - [STDERR_REDIRECT] [Fatal Error] :1:1: Premature end of file.
2025-06-21 10:27:41,289 [ERROR] LogOutputStream:75 - [STDERR_REDIRECT] 
2025-06-21 10:27:41,335 [WARN] MainUpdater:1193 - Updater busy. Cannot search thirdparties
2025-06-21 10:27:41,335 [INFO] ThirdPartyUpdaterWithRetryManager:96 - Updater plugin is busy. [4/15]
2025-06-21 10:27:42,195 [ERROR] LogOutputStream:75 - [STDERR_REDIRECT] [Fatal Error] :1:1: Premature end of file.
2025-06-21 10:27:42,195 [ERROR] LogOutputStream:75 - [STDERR_REDIRECT] 
2025-06-21 10:27:43,286 [ERROR] LogOutputStream:75 - [STDERR_REDIRECT] [Fatal Error] :1:1: Premature end of file.
2025-06-21 10:27:43,286 [ERROR] LogOutputStream:75 - [STDERR_REDIRECT] 
2025-06-21 10:27:44,196 [ERROR] LogOutputStream:75 - [STDERR_REDIRECT] [Fatal Error] :1:1: Premature end of file.
2025-06-21 10:27:44,196 [ERROR] LogOutputStream:75 - [STDERR_REDIRECT] 
2025-06-21 10:27:44,338 [WARN] MainUpdater:1193 - Updater busy. Cannot search thirdparties
2025-06-21 10:27:44,338 [INFO] ThirdPartyUpdaterWithRetryManager:96 - Updater plugin is busy. [5/15]
2025-06-21 10:27:45,211 [ERROR] LogOutputStream:75 - [STDERR_REDIRECT] [Fatal Error] :1:1: Premature end of file.
2025-06-21 10:27:45,211 [ERROR] LogOutputStream:75 - [STDERR_REDIRECT] 
2025-06-21 10:27:46,174 [INFO] ServerAccessManage:473 - Download File STMicroelectronics.X-CUBE-PM33A1.pdsc
2025-06-21 10:27:46,201 [ERROR] LogOutputStream:75 - [STDERR_REDIRECT] [Fatal Error] :1:1: Premature end of file.
2025-06-21 10:27:46,201 [ERROR] LogOutputStream:75 - [STDERR_REDIRECT] 
2025-06-21 10:27:46,800 [WARN] PackLoader:240 - Cannot read IP mode file for STMicroelectronics.X-CUBE-MEMS1.11.3.0
2025-06-21 10:27:46,851 [INFO] CheckServerUpdateThread:120 - End of CheckServer Thread
2025-06-21 10:27:46,965 [WARN] PackLoader:240 - Cannot read IP mode file for STMicroelectronics.X-CUBE-PM33A1.1.0.0
2025-06-21 10:27:46,966 [INFO] PopulateThirdPartyThread:66 - Ending populate Thread
2025-06-21 10:27:46,967 [INFO] ThirdParty:1030 - CMSIS Pack Vendor :STMicroelectronics X-CUBE-PM33A1 1.0.0
2025-06-21 10:27:46,967 [INFO] ThirdParty:1030 - CMSIS Pack Vendor :STMicroelectronics X-CUBE-MEMS1 11.3.0
2025-06-21 10:27:46,967 [INFO] LoadServerUpdatesThread:375 - End of LoadServerUpdate Thread
2025-06-21 10:27:47,200 [ERROR] LogOutputStream:75 - [STDERR_REDIRECT] [Fatal Error] :1:1: Premature end of file.
2025-06-21 10:27:47,200 [ERROR] LogOutputStream:75 - [STDERR_REDIRECT] 
2025-06-21 10:27:47,579 [WARN] PackLoader:240 - Cannot read IP mode file for STMicroelectronics.FP-SNS-MOTENVWB1.1.4.0
2025-06-21 10:27:47,583 [WARN] PackLoader:240 - Cannot read IP mode file for STMicroelectronics.FP-ATR-ASTRA1.2.0.2
2025-06-21 10:27:47,595 [WARN] PackLoader:240 - Cannot read IP mode file for STMicroelectronics.X-CUBE-SMBUS.2.1.0
2025-06-21 10:27:47,600 [WARN] PackLoader:240 - Cannot read IP mode file for STMicroelectronics.X-CUBE-ST60.1.0.0
2025-06-21 10:27:47,615 [WARN] PackLoader:240 - Cannot read IP mode file for STMicroelectronics.X-CUBE-AZRTOS-F7.1.1.0
2025-06-21 10:27:47,646 [WARN] PackLoader:240 - Cannot read IP mode file for Infineon.AIROC-Wi-Fi-Bluetooth-STM32.1.7.0
2025-06-21 10:27:47,655 [WARN] PackLoader:240 - Cannot read IP mode file for STMicroelectronics.X-CUBE-DISPLAY.3.0.0
2025-06-21 10:27:47,662 [WARN] PackLoader:240 - Cannot read IP mode file for STMicroelectronics.X-CUBE-NFC10.1.0.0
2025-06-21 10:27:47,670 [WARN] PackLoader:240 - Cannot read IP mode file for STMicroelectronics.X-CUBE-BLEMGR.4.0.0
2025-06-21 10:27:47,677 [WARN] PackLoader:240 - Cannot read IP mode file for emotas.I-CUBE-CANOPEN.1.3.0
2025-06-21 10:27:47,681 [WARN] ConditionMgr:438 - getConditionDescription Invalid condition id : Cortex-A Device cause : null
2025-06-21 10:27:47,689 [WARN] ConditionMgr:1044 - genDependencies : Invalid condition id : Cortex-A Device cause : null
2025-06-21 10:27:47,689 [WARN] ConditionMgr:1044 - genDependencies : Invalid condition id : Cortex-A Device cause : null
2025-06-21 10:27:47,689 [WARN] ConditionMgr:1044 - genDependencies : Invalid condition id : Cortex-A Device cause : null
2025-06-21 10:27:47,693 [WARN] PackLoader:240 - Cannot read IP mode file for STMicroelectronics.X-CUBE-AI.10.0.0
2025-06-21 10:27:47,697 [WARN] PackLoader:240 - Cannot read IP mode file for STMicroelectronics.FP-SNS-SMARTAG2.1.2.0
2025-06-21 10:27:47,702 [WARN] PackLoader:240 - Cannot read IP mode file for STMicroelectronics.FP-SNS-FLIGHT1.5.1.0
2025-06-21 10:27:47,714 [INFO] LogOutputStream:77 - [STDOUT_REDIRECT] 1 : Invalid condition id : UX_CORESTACK_Condition cause : null
2025-06-21 10:27:47,714 [INFO] LogOutputStream:77 - [STDOUT_REDIRECT] 1 : Invalid condition id : UX_CORESTACK_Condition cause : null
2025-06-21 10:27:47,715 [INFO] LogOutputStream:77 - [STDOUT_REDIRECT] 1 : Invalid condition id : UX_CORESTACK_Condition cause : null
2025-06-21 10:27:47,715 [INFO] LogOutputStream:77 - [STDOUT_REDIRECT] 1 : Invalid condition id : UX_CORESTACK_Condition cause : null
2025-06-21 10:27:47,716 [INFO] LogOutputStream:77 - [STDOUT_REDIRECT] 1 : Invalid condition id : UX_CORESTACK_Condition cause : null
2025-06-21 10:27:47,718 [WARN] PackLoader:240 - Cannot read IP mode file for STMicroelectronics.X-CUBE-AZRTOS-WL.2.0.0
2025-06-21 10:27:47,722 [WARN] PackLoader:240 - Cannot read IP mode file for STMicroelectronics.FP-SNS-MOTENV1.5.0.0
2025-06-21 10:27:47,728 [WARN] PackLoader:240 - Cannot read IP mode file for WES.I-CUBE-Cesium.1.3.0
2025-06-21 10:27:47,732 [WARN] PackLoader:240 - Cannot read IP mode file for STMicroelectronics.X-CUBE-BLE2.3.3.0
2025-06-21 10:27:47,736 [WARN] PackLoader:240 - Cannot read IP mode file for STMicroelectronics.X-CUBE-NFC9.1.0.0
2025-06-21 10:27:47,743 [WARN] PackLoader:240 - Cannot read IP mode file for wolfSSL.I-CUBE-wolfSSL.5.8.0
2025-06-21 10:27:47,746 [WARN] PackLoader:240 - Cannot read IP mode file for STMicroelectronics.X-CUBE-BLE1.7.1.0
2025-06-21 10:27:47,749 [WARN] PackLoader:240 - Cannot read IP mode file for wolfSSL.I-CUBE-wolfMQTT.1.19.2
2025-06-21 10:27:47,752 [WARN] PackLoader:240 - Cannot read IP mode file for STMicroelectronics.X-CUBE-AI.10.1.0
2025-06-21 10:27:47,784 [WARN] PackLoader:240 - Cannot read IP mode file for STMicroelectronics.X-CUBE-MEMS1.11.2.0
2025-06-21 10:27:47,896 [WARN] PackLoader:240 - Cannot read IP mode file for STMicroelectronics.X-CUBE-AZRTOS-G0.1.1.0
2025-06-21 10:27:47,905 [WARN] PackLoader:240 - Cannot read IP mode file for STMicroelectronics.X-CUBE-SAFEA1.1.2.2
2025-06-21 10:27:47,910 [WARN] PackLoader:240 - Cannot read IP mode file for STMicroelectronics.X-CUBE-NFC4.3.0.0
2025-06-21 10:27:47,918 [WARN] PackLoader:240 - Cannot read IP mode file for EmbeddedOffice.I-CUBE-FS-RTOS.1.0.1
2025-06-21 10:27:47,922 [WARN] PackLoader:240 - Cannot read IP mode file for STMicroelectronics.X-CUBE-WB05N.2.0.0
2025-06-21 10:27:47,931 [WARN] PackLoader:240 - Cannot read IP mode file for wolfSSL.I-CUBE-wolfTPM.3.8.0
2025-06-21 10:27:47,941 [WARN] PackLoader:240 - Cannot read IP mode file for STMicroelectronics.X-CUBE-TCPP.4.2.0
2025-06-21 10:27:47,946 [WARN] PackLoader:240 - Cannot read IP mode file for RealThread.X-CUBE-RT-Thread_Nano.4.1.1
2025-06-21 10:27:47,951 [WARN] PackLoader:240 - Cannot read IP mode file for STMicroelectronics.FP-ATR-SIGFOX1.3.2.0
2025-06-21 10:27:47,959 [WARN] PackLoader:240 - Cannot read IP mode file for STMicroelectronics.X-CUBE-EEPRMA1.5.1.0
2025-06-21 10:27:47,967 [WARN] PackLoader:240 - Cannot read IP mode file for ITTIA_DB.I-CUBE-ITTIADB.8.9.0
2025-06-21 10:27:47,974 [WARN] PackLoader:240 - Cannot read IP mode file for STMicroelectronics.X-CUBE-ST67W61.1.0.0
2025-06-21 10:27:48,002 [WARN] PackLoader:240 - Cannot read IP mode file for SEGGER.I-CUBE-embOS.1.3.1
2025-06-21 10:27:48,037 [WARN] PackLoader:240 - Cannot read IP mode file for STMicroelectronics.X-CUBE-ALGOBUILD.1.4.0
2025-06-21 10:27:48,072 [WARN] PackLoader:240 - Cannot read IP mode file for STMicroelectronics.X-CUBE-MEMS1.11.3.0
2025-06-21 10:27:48,194 [WARN] PackLoader:240 - Cannot read IP mode file for STMicroelectronics.X-CUBE-PM33A1.1.0.0
2025-06-21 10:27:48,214 [WARN] PackLoader:240 - Cannot read IP mode file for STMicroelectronics.X-CUBE-AZRTOS-F4.1.1.0
2025-06-21 10:27:48,221 [WARN] PackLoader:240 - Cannot read IP mode file for Avnet-IotConnect.X-CUBE-IoTC-DA16k-PMOD.1.0.0
2025-06-21 10:27:48,226 [WARN] PackLoader:240 - Cannot read IP mode file for STMicroelectronics.X-CUBE-ISPU.2.1.0
2025-06-21 10:27:48,238 [ERROR] LogOutputStream:75 - [STDERR_REDIRECT] [Fatal Error] :1:1: Premature end of file.
2025-06-21 10:27:48,238 [ERROR] LogOutputStream:75 - [STDERR_REDIRECT] 
2025-06-21 10:27:48,249 [WARN] PackLoader:240 - Cannot read IP mode file for STMicroelectronics.X-CUBE-AZRTOS-L5.2.0.0
2025-06-21 10:27:48,277 [WARN] PackLoader:240 - Cannot read IP mode file for STMicroelectronics.X-CUBE-NFC6.3.1.0
2025-06-21 10:27:48,291 [WARN] PackLoader:240 - Cannot read IP mode file for STMicroelectronics.X-CUBE-FREERTOS.1.3.1
2025-06-21 10:27:48,297 [WARN] PackLoader:240 - Cannot read IP mode file for STMicroelectronics.X-CUBE-DPower.1.3.0
2025-06-21 10:27:48,314 [WARN] ConditionMgr:438 - getConditionDescription Invalid condition id : LAN8742 Phy interface Condition cause : null
2025-06-21 10:27:48,315 [WARN] PackLoader:240 - Cannot read IP mode file for STMicroelectronics.X-CUBE-AZRTOS-L4.2.0.0
2025-06-21 10:27:48,316 [WARN] ConditionMgr:1044 - genDependencies : Invalid condition id : LAN8742 Phy interface Condition cause : null
2025-06-21 10:27:48,316 [WARN] ConditionMgr:1044 - genDependencies : Invalid condition id : LAN8742 Phy interface Condition cause : null
2025-06-21 10:27:48,316 [WARN] ConditionMgr:1044 - genDependencies : Invalid condition id : LAN8742 Phy interface Condition cause : null
2025-06-21 10:27:48,325 [WARN] PackLoader:240 - Cannot read IP mode file for STMicroelectronics.X-CUBE-SFXS2LP1.4.0.0
2025-06-21 10:27:48,347 [WARN] PackLoader:240 - Cannot read IP mode file for STMicroelectronics.X-CUBE-AZRTOS-H7.3.3.0
2025-06-21 10:27:48,361 [WARN] ConditionMgr:438 - getConditionDescription Invalid condition id : UX DEVICE CLASS RTOS Condition cause : null
2025-06-21 10:27:48,361 [WARN] ConditionMgr:438 - getConditionDescription Invalid condition id : UX DEVICE CLASS RTOS Condition cause : null
2025-06-21 10:27:48,365 [WARN] PackLoader:240 - Cannot read IP mode file for STMicroelectronics.X-CUBE-AZRTOS-WB.2.0.0
2025-06-21 10:27:48,365 [WARN] ConditionMgr:1044 - genDependencies : Invalid condition id : UX DEVICE CLASS RTOS Condition cause : null
2025-06-21 10:27:48,365 [WARN] ConditionMgr:1044 - genDependencies : Invalid condition id : UX DEVICE CLASS RTOS Condition cause : null
2025-06-21 10:27:48,366 [WARN] ConditionMgr:1044 - genDependencies : Invalid condition id : UX DEVICE CLASS RTOS Condition cause : null
2025-06-21 10:27:48,366 [WARN] ConditionMgr:1044 - genDependencies : Invalid condition id : UX DEVICE CLASS RTOS Condition cause : null
2025-06-21 10:27:48,366 [WARN] ConditionMgr:1044 - genDependencies : Invalid condition id : UX DEVICE CLASS RTOS Condition cause : null
2025-06-21 10:27:48,373 [WARN] PackLoader:240 - Cannot read IP mode file for STMicroelectronics.X-CUBE-GNSS1.7.0.1
2025-06-21 10:27:48,379 [WARN] PackLoader:240 - Cannot read IP mode file for STMicroelectronics.X-CUBE-TOUCHGFX.4.25.0
2025-06-21 10:27:48,386 [WARN] PackLoader:240 - Cannot read IP mode file for STMicroelectronics.FP-SNS-STBOX1.2.0.0
2025-06-21 10:27:48,399 [WARN] PackLoader:240 - Cannot read IP mode file for STMicroelectronics.X-CUBE-SUBG2.5.0.0
2025-06-21 10:27:48,426 [WARN] PackLoader:240 - Cannot read IP mode file for STMicroelectronics.X-CUBE-AZRTOS-H7RS.1.1.0
2025-06-21 10:27:48,433 [WARN] PackLoader:240 - Cannot read IP mode file for Cesanta.I-CUBE-Mongoose.7.13.0
2025-06-21 10:27:48,447 [WARN] PackLoader:240 - Cannot read IP mode file for STMicroelectronics.X-CUBE-AZRTOS-G4.2.0.0
2025-06-21 10:27:48,453 [WARN] PackLoader:240 - Cannot read IP mode file for wolfSSL.I-CUBE-wolfSSH.1.4.20
2025-06-21 10:27:48,459 [WARN] PackLoader:240 - Cannot read IP mode file for STMicroelectronics.X-CUBE-NFC7.2.0.0
2025-06-21 10:27:48,469 [WARN] PackLoader:240 - Cannot read IP mode file for STMicroelectronics.X-CUBE-IPS.3.1.0
2025-06-21 10:27:48,479 [WARN] PackLoader:240 - Cannot read IP mode file for STMicroelectronics.X-CUBE-ALS.1.0.2
2025-06-21 10:27:48,485 [WARN] PackLoader:240 - Cannot read IP mode file for portGmbH.I-Cube-SoM-uGOAL.1.1.0
2025-06-21 10:27:48,495 [WARN] PackLoader:240 - Cannot read IP mode file for STMicroelectronics.X-CUBE-TOF1.3.4.3
2025-06-21 10:27:48,503 [INFO] ThirdParty:978 - Integrity check success = true
2025-06-21 10:27:48,503 [INFO] IntegrityCheckThread:100 - exiting critical section [integrity check]
2025-06-21 10:27:48,503 [INFO] IntegrityCheckThread:103 - End integrity checks thread
2025-06-21 10:27:49,201 [ERROR] LogOutputStream:75 - [STDERR_REDIRECT] [Fatal Error] :1:1: Premature end of file.
2025-06-21 10:27:49,201 [ERROR] LogOutputStream:75 - [STDERR_REDIRECT] 
2025-06-21 10:27:50,198 [ERROR] LogOutputStream:75 - [STDERR_REDIRECT] [Fatal Error] :1:1: Premature end of file.
2025-06-21 10:27:50,198 [ERROR] LogOutputStream:75 - [STDERR_REDIRECT] 
2025-06-21 10:27:51,200 [ERROR] LogOutputStream:75 - [STDERR_REDIRECT] [Fatal Error] :1:1: Premature end of file.
2025-06-21 10:27:51,200 [ERROR] LogOutputStream:75 - [STDERR_REDIRECT] 
2025-06-21 10:27:52,206 [ERROR] LogOutputStream:75 - [STDERR_REDIRECT] [Fatal Error] :1:1: Premature end of file.
2025-06-21 10:27:52,206 [ERROR] LogOutputStream:75 - [STDERR_REDIRECT] 
2025-06-21 10:27:53,198 [ERROR] LogOutputStream:75 - [STDERR_REDIRECT] [Fatal Error] :1:1: Premature end of file.
2025-06-21 10:27:53,198 [ERROR] LogOutputStream:75 - [STDERR_REDIRECT] 
2025-06-21 10:27:54,195 [ERROR] LogOutputStream:75 - [STDERR_REDIRECT] [Fatal Error] :1:1: Premature end of file.
2025-06-21 10:27:54,195 [ERROR] LogOutputStream:75 - [STDERR_REDIRECT] 
2025-06-21 10:27:55,200 [ERROR] LogOutputStream:75 - [STDERR_REDIRECT] [Fatal Error] :1:1: Premature end of file.
2025-06-21 10:27:55,200 [ERROR] LogOutputStream:75 - [STDERR_REDIRECT] 
2025-06-21 10:27:56,272 [ERROR] LogOutputStream:75 - [STDERR_REDIRECT] [Fatal Error] :1:1: Premature end of file.
2025-06-21 10:27:56,272 [ERROR] LogOutputStream:75 - [STDERR_REDIRECT] 
2025-06-21 10:27:57,197 [ERROR] LogOutputStream:75 - [STDERR_REDIRECT] [Fatal Error] :1:1: Premature end of file.
2025-06-21 10:27:57,197 [ERROR] LogOutputStream:75 - [STDERR_REDIRECT] 
2025-06-21 10:27:58,266 [ERROR] LogOutputStream:75 - [STDERR_REDIRECT] [Fatal Error] :1:1: Premature end of file.
2025-06-21 10:27:58,267 [ERROR] LogOutputStream:75 - [STDERR_REDIRECT] 
2025-06-21 10:27:59,197 [ERROR] LogOutputStream:75 - [STDERR_REDIRECT] [Fatal Error] :1:1: Premature end of file.
2025-06-21 10:27:59,197 [ERROR] LogOutputStream:75 - [STDERR_REDIRECT] 
2025-06-21 10:28:00,199 [ERROR] LogOutputStream:75 - [STDERR_REDIRECT] [Fatal Error] :1:1: Premature end of file.
2025-06-21 10:28:00,199 [ERROR] LogOutputStream:75 - [STDERR_REDIRECT] 
2025-06-21 10:28:01,202 [ERROR] LogOutputStream:75 - [STDERR_REDIRECT] [Fatal Error] :1:1: Premature end of file.
2025-06-21 10:28:01,202 [ERROR] LogOutputStream:75 - [STDERR_REDIRECT] 
2025-06-21 10:28:02,205 [ERROR] LogOutputStream:75 - [STDERR_REDIRECT] [Fatal Error] :1:1: Premature end of file.
2025-06-21 10:28:02,205 [ERROR] LogOutputStream:75 - [STDERR_REDIRECT] 
2025-06-21 10:28:03,201 [ERROR] LogOutputStream:75 - [STDERR_REDIRECT] [Fatal Error] :1:1: Premature end of file.
2025-06-21 10:28:03,201 [ERROR] LogOutputStream:75 - [STDERR_REDIRECT] 
2025-06-21 10:28:04,221 [ERROR] LogOutputStream:75 - [STDERR_REDIRECT] [Fatal Error] :1:1: Premature end of file.
2025-06-21 10:28:04,221 [ERROR] LogOutputStream:75 - [STDERR_REDIRECT] 
2025-06-21 10:28:05,213 [ERROR] LogOutputStream:75 - [STDERR_REDIRECT] [Fatal Error] :1:1: Premature end of file.
2025-06-21 10:28:05,213 [ERROR] LogOutputStream:75 - [STDERR_REDIRECT] 
2025-06-21 10:28:06,213 [ERROR] LogOutputStream:75 - [STDERR_REDIRECT] [Fatal Error] :1:1: Premature end of file.
2025-06-21 10:28:06,213 [ERROR] LogOutputStream:75 - [STDERR_REDIRECT] 
2025-06-21 10:28:07,199 [ERROR] LogOutputStream:75 - [STDERR_REDIRECT] [Fatal Error] :1:1: Premature end of file.
2025-06-21 10:28:07,199 [ERROR] LogOutputStream:75 - [STDERR_REDIRECT] 
2025-06-21 10:28:08,198 [ERROR] LogOutputStream:75 - [STDERR_REDIRECT] [Fatal Error] :1:1: Premature end of file.
2025-06-21 10:28:08,198 [ERROR] LogOutputStream:75 - [STDERR_REDIRECT] 
2025-06-21 10:28:09,236 [ERROR] LogOutputStream:75 - [STDERR_REDIRECT] [Fatal Error] :1:1: Premature end of file.
2025-06-21 10:28:09,237 [ERROR] LogOutputStream:75 - [STDERR_REDIRECT] 
2025-06-21 10:28:10,227 [ERROR] LogOutputStream:75 - [STDERR_REDIRECT] [Fatal Error] :1:1: Premature end of file.
2025-06-21 10:28:10,228 [ERROR] LogOutputStream:75 - [STDERR_REDIRECT] 
2025-06-21 10:28:11,203 [ERROR] LogOutputStream:75 - [STDERR_REDIRECT] [Fatal Error] :1:1: Premature end of file.
2025-06-21 10:28:11,203 [ERROR] LogOutputStream:75 - [STDERR_REDIRECT] 
2025-06-21 10:28:12,198 [ERROR] LogOutputStream:75 - [STDERR_REDIRECT] [Fatal Error] :1:1: Premature end of file.
2025-06-21 10:28:12,198 [ERROR] LogOutputStream:75 - [STDERR_REDIRECT] 
2025-06-21 10:28:13,202 [ERROR] LogOutputStream:75 - [STDERR_REDIRECT] [Fatal Error] :1:1: Premature end of file.
2025-06-21 10:28:13,202 [ERROR] LogOutputStream:75 - [STDERR_REDIRECT] 
2025-06-21 10:28:14,198 [ERROR] LogOutputStream:75 - [STDERR_REDIRECT] [Fatal Error] :1:1: Premature end of file.
2025-06-21 10:28:14,200 [ERROR] LogOutputStream:75 - [STDERR_REDIRECT] 
2025-06-21 10:28:15,217 [ERROR] LogOutputStream:75 - [STDERR_REDIRECT] [Fatal Error] :1:1: Premature end of file.
2025-06-21 10:28:15,218 [ERROR] LogOutputStream:75 - [STDERR_REDIRECT] 
2025-06-21 10:28:16,198 [ERROR] LogOutputStream:75 - [STDERR_REDIRECT] [Fatal Error] :1:1: Premature end of file.
2025-06-21 10:28:16,198 [ERROR] LogOutputStream:75 - [STDERR_REDIRECT] 
2025-06-21 10:28:17,197 [ERROR] LogOutputStream:75 - [STDERR_REDIRECT] [Fatal Error] :1:1: Premature end of file.
2025-06-21 10:28:17,198 [ERROR] LogOutputStream:75 - [STDERR_REDIRECT] 
2025-06-21 10:28:18,197 [ERROR] LogOutputStream:75 - [STDERR_REDIRECT] [Fatal Error] :1:1: Premature end of file.
2025-06-21 10:28:18,197 [ERROR] LogOutputStream:75 - [STDERR_REDIRECT] 
2025-06-21 10:28:19,221 [ERROR] LogOutputStream:75 - [STDERR_REDIRECT] [Fatal Error] :1:1: Premature end of file.
2025-06-21 10:28:19,221 [ERROR] LogOutputStream:75 - [STDERR_REDIRECT] 
2025-06-21 10:28:20,198 [ERROR] LogOutputStream:75 - [STDERR_REDIRECT] [Fatal Error] :1:1: Premature end of file.
2025-06-21 10:28:20,198 [ERROR] LogOutputStream:75 - [STDERR_REDIRECT] 
2025-06-21 10:28:21,198 [ERROR] LogOutputStream:75 - [STDERR_REDIRECT] [Fatal Error] :1:1: Premature end of file.
2025-06-21 10:28:21,198 [ERROR] LogOutputStream:75 - [STDERR_REDIRECT] 
2025-06-21 10:28:22,201 [ERROR] LogOutputStream:75 - [STDERR_REDIRECT] [Fatal Error] :1:1: Premature end of file.
2025-06-21 10:28:22,201 [ERROR] LogOutputStream:75 - [STDERR_REDIRECT] 
2025-06-21 10:28:23,202 [ERROR] LogOutputStream:75 - [STDERR_REDIRECT] [Fatal Error] :1:1: Premature end of file.
2025-06-21 10:28:23,203 [ERROR] LogOutputStream:75 - [STDERR_REDIRECT] 
2025-06-21 10:28:24,200 [ERROR] LogOutputStream:75 - [STDERR_REDIRECT] [Fatal Error] :1:1: Premature end of file.
2025-06-21 10:28:24,200 [ERROR] LogOutputStream:75 - [STDERR_REDIRECT] 
2025-06-21 10:28:25,201 [ERROR] LogOutputStream:75 - [STDERR_REDIRECT] [Fatal Error] :1:1: Premature end of file.
2025-06-21 10:28:25,201 [ERROR] LogOutputStream:75 - [STDERR_REDIRECT] 
2025-06-21 10:28:26,196 [ERROR] LogOutputStream:75 - [STDERR_REDIRECT] [Fatal Error] :1:1: Premature end of file.
2025-06-21 10:28:26,196 [ERROR] LogOutputStream:75 - [STDERR_REDIRECT] 
2025-06-21 10:28:27,203 [ERROR] LogOutputStream:75 - [STDERR_REDIRECT] [Fatal Error] :1:1: Premature end of file.
2025-06-21 10:28:27,204 [ERROR] LogOutputStream:75 - [STDERR_REDIRECT] 
2025-06-21 10:28:28,198 [ERROR] LogOutputStream:75 - [STDERR_REDIRECT] [Fatal Error] :1:1: Premature end of file.
2025-06-21 10:28:28,200 [ERROR] LogOutputStream:75 - [STDERR_REDIRECT] 
2025-06-21 10:28:29,200 [ERROR] LogOutputStream:75 - [STDERR_REDIRECT] [Fatal Error] :1:1: Premature end of file.
2025-06-21 10:28:29,201 [ERROR] LogOutputStream:75 - [STDERR_REDIRECT] 
2025-06-21 10:28:30,202 [ERROR] LogOutputStream:75 - [STDERR_REDIRECT] [Fatal Error] :1:1: Premature end of file.
2025-06-21 10:28:30,203 [ERROR] LogOutputStream:75 - [STDERR_REDIRECT] 
2025-06-21 10:28:31,198 [ERROR] LogOutputStream:75 - [STDERR_REDIRECT] [Fatal Error] :1:1: Premature end of file.
2025-06-21 10:28:31,200 [ERROR] LogOutputStream:75 - [STDERR_REDIRECT] 
2025-06-21 10:28:32,196 [ERROR] LogOutputStream:75 - [STDERR_REDIRECT] [Fatal Error] :1:1: Premature end of file.
2025-06-21 10:28:32,196 [ERROR] LogOutputStream:75 - [STDERR_REDIRECT] 
2025-06-21 10:28:33,277 [ERROR] LogOutputStream:75 - [STDERR_REDIRECT] [Fatal Error] :1:1: Premature end of file.
2025-06-21 10:28:33,277 [ERROR] LogOutputStream:75 - [STDERR_REDIRECT] 
2025-06-21 10:28:34,201 [ERROR] LogOutputStream:75 - [STDERR_REDIRECT] [Fatal Error] :1:1: Premature end of file.
2025-06-21 10:28:34,201 [ERROR] LogOutputStream:75 - [STDERR_REDIRECT] 
2025-06-21 10:28:35,208 [ERROR] LogOutputStream:75 - [STDERR_REDIRECT] [Fatal Error] :1:1: Premature end of file.
2025-06-21 10:28:35,208 [ERROR] LogOutputStream:75 - [STDERR_REDIRECT] 
2025-06-21 10:28:36,230 [ERROR] LogOutputStream:75 - [STDERR_REDIRECT] [Fatal Error] :1:1: Premature end of file.
2025-06-21 10:28:36,230 [ERROR] LogOutputStream:75 - [STDERR_REDIRECT] 
2025-06-21 10:28:37,206 [ERROR] LogOutputStream:75 - [STDERR_REDIRECT] [Fatal Error] :1:1: Premature end of file.
2025-06-21 10:28:37,206 [ERROR] LogOutputStream:75 - [STDERR_REDIRECT] 
2025-06-21 10:28:38,197 [ERROR] LogOutputStream:75 - [STDERR_REDIRECT] [Fatal Error] :1:1: Premature end of file.
2025-06-21 10:28:38,197 [ERROR] LogOutputStream:75 - [STDERR_REDIRECT] 
2025-06-21 10:28:39,206 [ERROR] LogOutputStream:75 - [STDERR_REDIRECT] [Fatal Error] :1:1: Premature end of file.
2025-06-21 10:28:39,206 [ERROR] LogOutputStream:75 - [STDERR_REDIRECT] 
2025-06-21 10:28:40,198 [ERROR] LogOutputStream:75 - [STDERR_REDIRECT] [Fatal Error] :1:1: Premature end of file.
2025-06-21 10:28:40,198 [ERROR] LogOutputStream:75 - [STDERR_REDIRECT] 
2025-06-21 10:28:41,198 [ERROR] LogOutputStream:75 - [STDERR_REDIRECT] [Fatal Error] :1:1: Premature end of file.
2025-06-21 10:28:41,198 [ERROR] LogOutputStream:75 - [STDERR_REDIRECT] 
2025-06-21 10:28:42,199 [ERROR] LogOutputStream:75 - [STDERR_REDIRECT] [Fatal Error] :1:1: Premature end of file.
2025-06-21 10:28:42,199 [ERROR] LogOutputStream:75 - [STDERR_REDIRECT] 
2025-06-21 10:28:43,199 [ERROR] LogOutputStream:75 - [STDERR_REDIRECT] [Fatal Error] :1:1: Premature end of file.
2025-06-21 10:28:43,200 [ERROR] LogOutputStream:75 - [STDERR_REDIRECT] 
2025-06-21 10:28:44,282 [ERROR] LogOutputStream:75 - [STDERR_REDIRECT] [Fatal Error] :1:1: Premature end of file.
2025-06-21 10:28:44,282 [ERROR] LogOutputStream:75 - [STDERR_REDIRECT] 
2025-06-21 10:28:45,201 [ERROR] LogOutputStream:75 - [STDERR_REDIRECT] [Fatal Error] :1:1: Premature end of file.
2025-06-21 10:28:45,201 [ERROR] LogOutputStream:75 - [STDERR_REDIRECT] 
2025-06-21 10:28:46,216 [ERROR] LogOutputStream:75 - [STDERR_REDIRECT] [Fatal Error] :1:1: Premature end of file.
2025-06-21 10:28:46,216 [ERROR] LogOutputStream:75 - [STDERR_REDIRECT] 
2025-06-21 10:28:47,206 [ERROR] LogOutputStream:75 - [STDERR_REDIRECT] [Fatal Error] :1:1: Premature end of file.
2025-06-21 10:28:47,206 [ERROR] LogOutputStream:75 - [STDERR_REDIRECT] 
2025-06-21 10:28:48,204 [ERROR] LogOutputStream:75 - [STDERR_REDIRECT] [Fatal Error] :1:1: Premature end of file.
2025-06-21 10:28:48,204 [ERROR] LogOutputStream:75 - [STDERR_REDIRECT] 
2025-06-21 10:28:49,209 [ERROR] LogOutputStream:75 - [STDERR_REDIRECT] [Fatal Error] :1:1: Premature end of file.
2025-06-21 10:28:49,209 [ERROR] LogOutputStream:75 - [STDERR_REDIRECT] 
2025-06-21 10:28:50,280 [ERROR] LogOutputStream:75 - [STDERR_REDIRECT] [Fatal Error] :1:1: Premature end of file.
2025-06-21 10:28:50,280 [ERROR] LogOutputStream:75 - [STDERR_REDIRECT] 
2025-06-21 10:28:51,214 [ERROR] LogOutputStream:75 - [STDERR_REDIRECT] [Fatal Error] :1:1: Premature end of file.
2025-06-21 10:28:51,214 [ERROR] LogOutputStream:75 - [STDERR_REDIRECT] 
2025-06-21 10:28:52,248 [ERROR] LogOutputStream:75 - [STDERR_REDIRECT] [Fatal Error] :1:1: Premature end of file.
2025-06-21 10:28:52,250 [ERROR] LogOutputStream:75 - [STDERR_REDIRECT] 
2025-06-21 10:28:53,203 [ERROR] LogOutputStream:75 - [STDERR_REDIRECT] [Fatal Error] :1:1: Premature end of file.
2025-06-21 10:28:53,203 [ERROR] LogOutputStream:75 - [STDERR_REDIRECT] 
2025-06-21 10:28:54,204 [ERROR] LogOutputStream:75 - [STDERR_REDIRECT] [Fatal Error] :1:1: Premature end of file.
2025-06-21 10:28:54,204 [ERROR] LogOutputStream:75 - [STDERR_REDIRECT] 
2025-06-21 10:28:55,199 [ERROR] LogOutputStream:75 - [STDERR_REDIRECT] [Fatal Error] :1:1: Premature end of file.
2025-06-21 10:28:55,199 [ERROR] LogOutputStream:75 - [STDERR_REDIRECT] 
2025-06-21 10:28:56,266 [ERROR] LogOutputStream:75 - [STDERR_REDIRECT] [Fatal Error] :1:1: Premature end of file.
2025-06-21 10:28:56,267 [ERROR] LogOutputStream:75 - [STDERR_REDIRECT] 
2025-06-21 10:28:57,217 [ERROR] LogOutputStream:75 - [STDERR_REDIRECT] [Fatal Error] :1:1: Premature end of file.
2025-06-21 10:28:57,217 [ERROR] LogOutputStream:75 - [STDERR_REDIRECT] 
2025-06-21 10:28:58,219 [ERROR] LogOutputStream:75 - [STDERR_REDIRECT] [Fatal Error] :1:1: Premature end of file.
2025-06-21 10:28:58,220 [ERROR] LogOutputStream:75 - [STDERR_REDIRECT] 
2025-06-21 10:28:59,213 [ERROR] LogOutputStream:75 - [STDERR_REDIRECT] [Fatal Error] :1:1: Premature end of file.
2025-06-21 10:28:59,213 [ERROR] LogOutputStream:75 - [STDERR_REDIRECT] 
2025-06-21 10:29:00,199 [ERROR] LogOutputStream:75 - [STDERR_REDIRECT] [Fatal Error] :1:1: Premature end of file.
2025-06-21 10:29:00,201 [ERROR] LogOutputStream:75 - [STDERR_REDIRECT] 
2025-06-21 10:29:01,198 [ERROR] LogOutputStream:75 - [STDERR_REDIRECT] [Fatal Error] :1:1: Premature end of file.
2025-06-21 10:29:01,198 [ERROR] LogOutputStream:75 - [STDERR_REDIRECT] 
2025-06-21 10:29:02,228 [ERROR] LogOutputStream:75 - [STDERR_REDIRECT] [Fatal Error] :1:1: Premature end of file.
2025-06-21 10:29:02,228 [ERROR] LogOutputStream:75 - [STDERR_REDIRECT] 
2025-06-21 10:29:03,263 [ERROR] LogOutputStream:75 - [STDERR_REDIRECT] [Fatal Error] :1:1: Premature end of file.
2025-06-21 10:29:03,264 [ERROR] LogOutputStream:75 - [STDERR_REDIRECT] 
2025-06-21 10:29:04,200 [ERROR] LogOutputStream:75 - [STDERR_REDIRECT] [Fatal Error] :1:1: Premature end of file.
2025-06-21 10:29:04,200 [ERROR] LogOutputStream:75 - [STDERR_REDIRECT] 
2025-06-21 10:29:05,202 [ERROR] LogOutputStream:75 - [STDERR_REDIRECT] [Fatal Error] :1:1: Premature end of file.
2025-06-21 10:29:05,202 [ERROR] LogOutputStream:75 - [STDERR_REDIRECT] 
2025-06-21 10:29:06,208 [ERROR] LogOutputStream:75 - [STDERR_REDIRECT] [Fatal Error] :1:1: Premature end of file.
2025-06-21 10:29:06,208 [ERROR] LogOutputStream:75 - [STDERR_REDIRECT] 
2025-06-21 10:29:07,277 [ERROR] LogOutputStream:75 - [STDERR_REDIRECT] [Fatal Error] :1:1: Premature end of file.
2025-06-21 10:29:07,277 [ERROR] LogOutputStream:75 - [STDERR_REDIRECT] 
2025-06-21 10:29:08,271 [ERROR] LogOutputStream:75 - [STDERR_REDIRECT] [Fatal Error] :1:1: Premature end of file.
2025-06-21 10:29:08,271 [ERROR] LogOutputStream:75 - [STDERR_REDIRECT] 
2025-06-21 10:29:09,248 [ERROR] LogOutputStream:75 - [STDERR_REDIRECT] [Fatal Error] :1:1: Premature end of file.
2025-06-21 10:29:09,249 [ERROR] LogOutputStream:75 - [STDERR_REDIRECT] 
2025-06-21 10:29:10,195 [ERROR] LogOutputStream:75 - [STDERR_REDIRECT] [Fatal Error] :1:1: Premature end of file.
2025-06-21 10:29:10,196 [ERROR] LogOutputStream:75 - [STDERR_REDIRECT] 
2025-06-21 10:29:11,210 [ERROR] LogOutputStream:75 - [STDERR_REDIRECT] [Fatal Error] :1:1: Premature end of file.
2025-06-21 10:29:11,210 [ERROR] LogOutputStream:75 - [STDERR_REDIRECT] 
2025-06-21 10:29:12,244 [ERROR] LogOutputStream:75 - [STDERR_REDIRECT] [Fatal Error] :1:1: Premature end of file.
2025-06-21 10:29:12,244 [ERROR] LogOutputStream:75 - [STDERR_REDIRECT] 
2025-06-21 10:29:13,228 [ERROR] LogOutputStream:75 - [STDERR_REDIRECT] [Fatal Error] :1:1: Premature end of file.
2025-06-21 10:29:13,228 [ERROR] LogOutputStream:75 - [STDERR_REDIRECT] 
2025-06-21 10:29:14,271 [ERROR] LogOutputStream:75 - [STDERR_REDIRECT] [Fatal Error] :1:1: Premature end of file.
2025-06-21 10:29:14,272 [ERROR] LogOutputStream:75 - [STDERR_REDIRECT] 
2025-06-21 10:29:15,281 [ERROR] LogOutputStream:75 - [STDERR_REDIRECT] [Fatal Error] :1:1: Premature end of file.
2025-06-21 10:29:15,281 [ERROR] LogOutputStream:75 - [STDERR_REDIRECT] 
2025-06-21 10:29:16,196 [ERROR] LogOutputStream:75 - [STDERR_REDIRECT] [Fatal Error] :1:1: Premature end of file.
2025-06-21 10:29:16,196 [ERROR] LogOutputStream:75 - [STDERR_REDIRECT] 
2025-06-21 10:29:17,265 [ERROR] LogOutputStream:75 - [STDERR_REDIRECT] [Fatal Error] :1:1: Premature end of file.
2025-06-21 10:29:17,265 [ERROR] LogOutputStream:75 - [STDERR_REDIRECT] 
2025-06-21 10:29:18,281 [ERROR] LogOutputStream:75 - [STDERR_REDIRECT] [Fatal Error] :1:1: Premature end of file.
2025-06-21 10:29:18,281 [ERROR] LogOutputStream:75 - [STDERR_REDIRECT] 
2025-06-21 10:29:19,269 [ERROR] LogOutputStream:75 - [STDERR_REDIRECT] [Fatal Error] :1:1: Premature end of file.
2025-06-21 10:29:19,269 [ERROR] LogOutputStream:75 - [STDERR_REDIRECT] 
2025-06-21 10:29:20,229 [ERROR] LogOutputStream:75 - [STDERR_REDIRECT] [Fatal Error] :1:1: Premature end of file.
2025-06-21 10:29:20,229 [ERROR] LogOutputStream:75 - [STDERR_REDIRECT] 
2025-06-21 10:29:21,254 [ERROR] LogOutputStream:75 - [STDERR_REDIRECT] [Fatal Error] :1:1: Premature end of file.
2025-06-21 10:29:21,254 [ERROR] LogOutputStream:75 - [STDERR_REDIRECT] 
2025-06-21 10:29:22,197 [ERROR] LogOutputStream:75 - [STDERR_REDIRECT] [Fatal Error] :1:1: Premature end of file.
2025-06-21 10:29:22,197 [ERROR] LogOutputStream:75 - [STDERR_REDIRECT] 
2025-06-21 10:29:23,198 [ERROR] LogOutputStream:75 - [STDERR_REDIRECT] [Fatal Error] :1:1: Premature end of file.
2025-06-21 10:29:23,198 [ERROR] LogOutputStream:75 - [STDERR_REDIRECT] 
2025-06-21 10:29:24,292 [ERROR] LogOutputStream:75 - [STDERR_REDIRECT] [Fatal Error] :1:1: Premature end of file.
2025-06-21 10:29:24,293 [ERROR] LogOutputStream:75 - [STDERR_REDIRECT] 
2025-06-21 10:29:25,198 [ERROR] LogOutputStream:75 - [STDERR_REDIRECT] [Fatal Error] :1:1: Premature end of file.
2025-06-21 10:29:25,198 [ERROR] LogOutputStream:75 - [STDERR_REDIRECT] 
2025-06-21 10:29:26,200 [ERROR] LogOutputStream:75 - [STDERR_REDIRECT] [Fatal Error] :1:1: Premature end of file.
2025-06-21 10:29:26,200 [ERROR] LogOutputStream:75 - [STDERR_REDIRECT] 
2025-06-21 10:29:27,204 [ERROR] LogOutputStream:75 - [STDERR_REDIRECT] [Fatal Error] :1:1: Premature end of file.
2025-06-21 10:29:27,205 [ERROR] LogOutputStream:75 - [STDERR_REDIRECT] 
2025-06-21 10:29:28,222 [ERROR] LogOutputStream:75 - [STDERR_REDIRECT] [Fatal Error] :1:1: Premature end of file.
2025-06-21 10:29:28,222 [ERROR] LogOutputStream:75 - [STDERR_REDIRECT] 
2025-06-21 10:29:29,201 [ERROR] LogOutputStream:75 - [STDERR_REDIRECT] [Fatal Error] :1:1: Premature end of file.
2025-06-21 10:29:29,201 [ERROR] LogOutputStream:75 - [STDERR_REDIRECT] 
2025-06-21 10:29:30,199 [ERROR] LogOutputStream:75 - [STDERR_REDIRECT] [Fatal Error] :1:1: Premature end of file.
2025-06-21 10:29:30,199 [ERROR] LogOutputStream:75 - [STDERR_REDIRECT] 
2025-06-21 10:29:31,250 [ERROR] LogOutputStream:75 - [STDERR_REDIRECT] [Fatal Error] :1:1: Premature end of file.
2025-06-21 10:29:31,250 [ERROR] LogOutputStream:75 - [STDERR_REDIRECT] 
2025-06-21 10:29:32,198 [ERROR] LogOutputStream:75 - [STDERR_REDIRECT] [Fatal Error] :1:1: Premature end of file.
2025-06-21 10:29:32,198 [ERROR] LogOutputStream:75 - [STDERR_REDIRECT] 
2025-06-21 10:29:33,242 [ERROR] LogOutputStream:75 - [STDERR_REDIRECT] [Fatal Error] :1:1: Premature end of file.
2025-06-21 10:29:33,243 [ERROR] LogOutputStream:75 - [STDERR_REDIRECT] 
2025-06-21 10:29:34,201 [ERROR] LogOutputStream:75 - [STDERR_REDIRECT] [Fatal Error] :1:1: Premature end of file.
2025-06-21 10:29:34,202 [ERROR] LogOutputStream:75 - [STDERR_REDIRECT] 
2025-06-21 10:29:35,229 [ERROR] LogOutputStream:75 - [STDERR_REDIRECT] [Fatal Error] :1:1: Premature end of file.
2025-06-21 10:29:35,229 [ERROR] LogOutputStream:75 - [STDERR_REDIRECT] 
2025-06-21 10:29:36,264 [ERROR] LogOutputStream:75 - [STDERR_REDIRECT] [Fatal Error] :1:1: Premature end of file.
2025-06-21 10:29:36,264 [ERROR] LogOutputStream:75 - [STDERR_REDIRECT] 
2025-06-21 10:29:37,238 [ERROR] LogOutputStream:75 - [STDERR_REDIRECT] [Fatal Error] :1:1: Premature end of file.
2025-06-21 10:29:37,239 [ERROR] LogOutputStream:75 - [STDERR_REDIRECT] 
2025-06-21 10:29:38,196 [ERROR] LogOutputStream:75 - [STDERR_REDIRECT] [Fatal Error] :1:1: Premature end of file.
2025-06-21 10:29:38,196 [ERROR] LogOutputStream:75 - [STDERR_REDIRECT] 
2025-06-21 10:29:39,254 [ERROR] LogOutputStream:75 - [STDERR_REDIRECT] [Fatal Error] :1:1: Premature end of file.
2025-06-21 10:29:39,254 [ERROR] LogOutputStream:75 - [STDERR_REDIRECT] 
2025-06-21 10:29:40,267 [ERROR] LogOutputStream:75 - [STDERR_REDIRECT] [Fatal Error] :1:1: Premature end of file.
2025-06-21 10:29:40,268 [ERROR] LogOutputStream:75 - [STDERR_REDIRECT] 
2025-06-21 10:29:41,244 [ERROR] LogOutputStream:75 - [STDERR_REDIRECT] [Fatal Error] :1:1: Premature end of file.
2025-06-21 10:29:41,244 [ERROR] LogOutputStream:75 - [STDERR_REDIRECT] 
2025-06-21 10:29:42,216 [ERROR] LogOutputStream:75 - [STDERR_REDIRECT] [Fatal Error] :1:1: Premature end of file.
2025-06-21 10:29:42,216 [ERROR] LogOutputStream:75 - [STDERR_REDIRECT] 
2025-06-21 10:29:43,205 [ERROR] LogOutputStream:75 - [STDERR_REDIRECT] [Fatal Error] :1:1: Premature end of file.
2025-06-21 10:29:43,205 [ERROR] LogOutputStream:75 - [STDERR_REDIRECT] 
2025-06-21 10:29:44,199 [ERROR] LogOutputStream:75 - [STDERR_REDIRECT] [Fatal Error] :1:1: Premature end of file.
2025-06-21 10:29:44,199 [ERROR] LogOutputStream:75 - [STDERR_REDIRECT] 
2025-06-21 10:29:45,207 [ERROR] LogOutputStream:75 - [STDERR_REDIRECT] [Fatal Error] :1:1: Premature end of file.
2025-06-21 10:29:45,207 [ERROR] LogOutputStream:75 - [STDERR_REDIRECT] 
2025-06-21 10:29:46,268 [ERROR] LogOutputStream:75 - [STDERR_REDIRECT] [Fatal Error] :1:1: Premature end of file.
2025-06-21 10:29:46,268 [ERROR] LogOutputStream:75 - [STDERR_REDIRECT] 
2025-06-21 10:29:47,196 [ERROR] LogOutputStream:75 - [STDERR_REDIRECT] [Fatal Error] :1:1: Premature end of file.
2025-06-21 10:29:47,196 [ERROR] LogOutputStream:75 - [STDERR_REDIRECT] 
2025-06-21 10:29:48,253 [ERROR] LogOutputStream:75 - [STDERR_REDIRECT] [Fatal Error] :1:1: Premature end of file.
2025-06-21 10:29:48,253 [ERROR] LogOutputStream:75 - [STDERR_REDIRECT] 
2025-06-21 10:29:49,202 [ERROR] LogOutputStream:75 - [STDERR_REDIRECT] [Fatal Error] :1:1: Premature end of file.
2025-06-21 10:29:49,202 [ERROR] LogOutputStream:75 - [STDERR_REDIRECT] 
2025-06-21 10:29:50,198 [ERROR] LogOutputStream:75 - [STDERR_REDIRECT] [Fatal Error] :1:1: Premature end of file.
2025-06-21 10:29:50,198 [ERROR] LogOutputStream:75 - [STDERR_REDIRECT] 
2025-06-21 10:29:51,196 [ERROR] LogOutputStream:75 - [STDERR_REDIRECT] [Fatal Error] :1:1: Premature end of file.
2025-06-21 10:29:51,197 [ERROR] LogOutputStream:75 - [STDERR_REDIRECT] 
2025-06-21 10:29:52,233 [ERROR] LogOutputStream:75 - [STDERR_REDIRECT] [Fatal Error] :1:1: Premature end of file.
2025-06-21 10:29:52,233 [ERROR] LogOutputStream:75 - [STDERR_REDIRECT] 
2025-06-21 10:29:53,198 [ERROR] LogOutputStream:75 - [STDERR_REDIRECT] [Fatal Error] :1:1: Premature end of file.
2025-06-21 10:29:53,199 [ERROR] LogOutputStream:75 - [STDERR_REDIRECT] 
2025-06-21 10:29:54,196 [ERROR] LogOutputStream:75 - [STDERR_REDIRECT] [Fatal Error] :1:1: Premature end of file.
2025-06-21 10:29:54,197 [ERROR] LogOutputStream:75 - [STDERR_REDIRECT] 
2025-06-21 10:29:55,210 [ERROR] LogOutputStream:75 - [STDERR_REDIRECT] [Fatal Error] :1:1: Premature end of file.
2025-06-21 10:29:55,210 [ERROR] LogOutputStream:75 - [STDERR_REDIRECT] 
2025-06-21 10:29:56,199 [ERROR] LogOutputStream:75 - [STDERR_REDIRECT] [Fatal Error] :1:1: Premature end of file.
2025-06-21 10:29:56,199 [ERROR] LogOutputStream:75 - [STDERR_REDIRECT] 
2025-06-21 10:29:57,200 [ERROR] LogOutputStream:75 - [STDERR_REDIRECT] [Fatal Error] :1:1: Premature end of file.
2025-06-21 10:29:57,200 [ERROR] LogOutputStream:75 - [STDERR_REDIRECT] 
2025-06-21 10:29:58,265 [ERROR] LogOutputStream:75 - [STDERR_REDIRECT] [Fatal Error] :1:1: Premature end of file.
2025-06-21 10:29:58,265 [ERROR] LogOutputStream:75 - [STDERR_REDIRECT] 
2025-06-21 10:29:59,227 [ERROR] LogOutputStream:75 - [STDERR_REDIRECT] [Fatal Error] :1:1: Premature end of file.
2025-06-21 10:29:59,228 [ERROR] LogOutputStream:75 - [STDERR_REDIRECT] 
2025-06-21 10:30:00,197 [ERROR] LogOutputStream:75 - [STDERR_REDIRECT] [Fatal Error] :1:1: Premature end of file.
2025-06-21 10:30:00,197 [ERROR] LogOutputStream:75 - [STDERR_REDIRECT] 
2025-06-21 10:30:01,280 [ERROR] LogOutputStream:75 - [STDERR_REDIRECT] [Fatal Error] :1:1: Premature end of file.
2025-06-21 10:30:01,281 [ERROR] LogOutputStream:75 - [STDERR_REDIRECT] 
2025-06-21 10:30:02,239 [ERROR] LogOutputStream:75 - [STDERR_REDIRECT] [Fatal Error] :1:1: Premature end of file.
2025-06-21 10:30:02,239 [ERROR] LogOutputStream:75 - [STDERR_REDIRECT] 
2025-06-21 10:30:03,205 [ERROR] LogOutputStream:75 - [STDERR_REDIRECT] [Fatal Error] :1:1: Premature end of file.
2025-06-21 10:30:03,205 [ERROR] LogOutputStream:75 - [STDERR_REDIRECT] 
2025-06-21 10:30:04,273 [ERROR] LogOutputStream:75 - [STDERR_REDIRECT] [Fatal Error] :1:1: Premature end of file.
2025-06-21 10:30:04,274 [ERROR] LogOutputStream:75 - [STDERR_REDIRECT] 
2025-06-21 10:30:05,264 [ERROR] LogOutputStream:75 - [STDERR_REDIRECT] [Fatal Error] :1:1: Premature end of file.
2025-06-21 10:30:05,264 [ERROR] LogOutputStream:75 - [STDERR_REDIRECT] 
2025-06-21 10:30:06,217 [ERROR] LogOutputStream:75 - [STDERR_REDIRECT] [Fatal Error] :1:1: Premature end of file.
2025-06-21 10:30:06,217 [ERROR] LogOutputStream:75 - [STDERR_REDIRECT] 
2025-06-21 10:30:07,271 [ERROR] LogOutputStream:75 - [STDERR_REDIRECT] [Fatal Error] :1:1: Premature end of file.
2025-06-21 10:30:07,271 [ERROR] LogOutputStream:75 - [STDERR_REDIRECT] 
2025-06-21 10:30:08,225 [ERROR] LogOutputStream:75 - [STDERR_REDIRECT] [Fatal Error] :1:1: Premature end of file.
2025-06-21 10:30:08,225 [ERROR] LogOutputStream:75 - [STDERR_REDIRECT] 
2025-06-21 10:30:09,254 [ERROR] LogOutputStream:75 - [STDERR_REDIRECT] [Fatal Error] :1:1: Premature end of file.
2025-06-21 10:30:09,254 [ERROR] LogOutputStream:75 - [STDERR_REDIRECT] 
2025-06-21 10:30:10,232 [ERROR] LogOutputStream:75 - [STDERR_REDIRECT] [Fatal Error] :1:1: Premature end of file.
2025-06-21 10:30:10,232 [ERROR] LogOutputStream:75 - [STDERR_REDIRECT] 
2025-06-21 10:30:11,199 [ERROR] LogOutputStream:75 - [STDERR_REDIRECT] [Fatal Error] :1:1: Premature end of file.
2025-06-21 10:30:11,199 [ERROR] LogOutputStream:75 - [STDERR_REDIRECT] 
2025-06-21 10:30:12,279 [ERROR] LogOutputStream:75 - [STDERR_REDIRECT] [Fatal Error] :1:1: Premature end of file.
2025-06-21 10:30:12,279 [ERROR] LogOutputStream:75 - [STDERR_REDIRECT] 
2025-06-21 10:30:13,245 [ERROR] LogOutputStream:75 - [STDERR_REDIRECT] [Fatal Error] :1:1: Premature end of file.
2025-06-21 10:30:13,245 [ERROR] LogOutputStream:75 - [STDERR_REDIRECT] 
2025-06-21 10:30:14,196 [ERROR] LogOutputStream:75 - [STDERR_REDIRECT] [Fatal Error] :1:1: Premature end of file.
2025-06-21 10:30:14,196 [ERROR] LogOutputStream:75 - [STDERR_REDIRECT] 
2025-06-21 10:30:15,275 [ERROR] LogOutputStream:75 - [STDERR_REDIRECT] [Fatal Error] :1:1: Premature end of file.
2025-06-21 10:30:15,276 [ERROR] LogOutputStream:75 - [STDERR_REDIRECT] 
2025-06-21 10:30:16,218 [ERROR] LogOutputStream:75 - [STDERR_REDIRECT] [Fatal Error] :1:1: Premature end of file.
2025-06-21 10:30:16,218 [ERROR] LogOutputStream:75 - [STDERR_REDIRECT] 
2025-06-21 10:30:17,244 [ERROR] LogOutputStream:75 - [STDERR_REDIRECT] [Fatal Error] :1:1: Premature end of file.
2025-06-21 10:30:17,244 [ERROR] LogOutputStream:75 - [STDERR_REDIRECT] 
2025-06-21 10:30:18,273 [ERROR] LogOutputStream:75 - [STDERR_REDIRECT] [Fatal Error] :1:1: Premature end of file.
2025-06-21 10:30:18,273 [ERROR] LogOutputStream:75 - [STDERR_REDIRECT] 
2025-06-21 10:30:19,270 [ERROR] LogOutputStream:75 - [STDERR_REDIRECT] [Fatal Error] :1:1: Premature end of file.
2025-06-21 10:30:19,270 [ERROR] LogOutputStream:75 - [STDERR_REDIRECT] 
2025-06-21 10:30:20,238 [ERROR] LogOutputStream:75 - [STDERR_REDIRECT] [Fatal Error] :1:1: Premature end of file.
2025-06-21 10:30:20,239 [ERROR] LogOutputStream:75 - [STDERR_REDIRECT] 
2025-06-21 10:30:21,266 [ERROR] LogOutputStream:75 - [STDERR_REDIRECT] [Fatal Error] :1:1: Premature end of file.
2025-06-21 10:30:21,266 [ERROR] LogOutputStream:75 - [STDERR_REDIRECT] 
2025-06-21 10:30:22,210 [ERROR] LogOutputStream:75 - [STDERR_REDIRECT] [Fatal Error] :1:1: Premature end of file.
2025-06-21 10:30:22,210 [ERROR] LogOutputStream:75 - [STDERR_REDIRECT] 
2025-06-21 10:30:23,197 [ERROR] LogOutputStream:75 - [STDERR_REDIRECT] [Fatal Error] :1:1: Premature end of file.
2025-06-21 10:30:23,197 [ERROR] LogOutputStream:75 - [STDERR_REDIRECT] 
2025-06-21 10:30:24,277 [ERROR] LogOutputStream:75 - [STDERR_REDIRECT] [Fatal Error] :1:1: Premature end of file.
2025-06-21 10:30:24,277 [ERROR] LogOutputStream:75 - [STDERR_REDIRECT] 
2025-06-21 10:30:25,224 [ERROR] LogOutputStream:75 - [STDERR_REDIRECT] [Fatal Error] :1:1: Premature end of file.
2025-06-21 10:30:25,224 [ERROR] LogOutputStream:75 - [STDERR_REDIRECT] 
2025-06-21 10:30:26,260 [ERROR] LogOutputStream:75 - [STDERR_REDIRECT] [Fatal Error] :1:1: Premature end of file.
2025-06-21 10:30:26,260 [ERROR] LogOutputStream:75 - [STDERR_REDIRECT] 
2025-06-21 10:30:27,268 [ERROR] LogOutputStream:75 - [STDERR_REDIRECT] [Fatal Error] :1:1: Premature end of file.
2025-06-21 10:30:27,268 [ERROR] LogOutputStream:75 - [STDERR_REDIRECT] 
2025-06-21 10:30:28,271 [ERROR] LogOutputStream:75 - [STDERR_REDIRECT] [Fatal Error] :1:1: Premature end of file.
2025-06-21 10:30:28,271 [ERROR] LogOutputStream:75 - [STDERR_REDIRECT] 
2025-06-21 10:30:29,252 [ERROR] LogOutputStream:75 - [STDERR_REDIRECT] [Fatal Error] :1:1: Premature end of file.
2025-06-21 10:30:29,252 [ERROR] LogOutputStream:75 - [STDERR_REDIRECT] 
2025-06-21 10:30:30,233 [ERROR] LogOutputStream:75 - [STDERR_REDIRECT] [Fatal Error] :1:1: Premature end of file.
2025-06-21 10:30:30,233 [ERROR] LogOutputStream:75 - [STDERR_REDIRECT] 
2025-06-21 10:30:31,201 [ERROR] LogOutputStream:75 - [STDERR_REDIRECT] [Fatal Error] :1:1: Premature end of file.
2025-06-21 10:30:31,201 [ERROR] LogOutputStream:75 - [STDERR_REDIRECT] 
2025-06-21 10:30:32,248 [ERROR] LogOutputStream:75 - [STDERR_REDIRECT] [Fatal Error] :1:1: Premature end of file.
2025-06-21 10:30:32,248 [ERROR] LogOutputStream:75 - [STDERR_REDIRECT] 
2025-06-21 10:30:33,201 [ERROR] LogOutputStream:75 - [STDERR_REDIRECT] [Fatal Error] :1:1: Premature end of file.
2025-06-21 10:30:33,201 [ERROR] LogOutputStream:75 - [STDERR_REDIRECT] 
2025-06-21 10:30:34,250 [ERROR] LogOutputStream:75 - [STDERR_REDIRECT] [Fatal Error] :1:1: Premature end of file.
2025-06-21 10:30:34,250 [ERROR] LogOutputStream:75 - [STDERR_REDIRECT] 
2025-06-21 10:30:35,201 [ERROR] LogOutputStream:75 - [STDERR_REDIRECT] [Fatal Error] :1:1: Premature end of file.
2025-06-21 10:30:35,201 [ERROR] LogOutputStream:75 - [STDERR_REDIRECT] 
2025-06-21 10:30:36,249 [ERROR] LogOutputStream:75 - [STDERR_REDIRECT] [Fatal Error] :1:1: Premature end of file.
2025-06-21 10:30:36,249 [ERROR] LogOutputStream:75 - [STDERR_REDIRECT] 
2025-06-21 10:30:37,199 [ERROR] LogOutputStream:75 - [STDERR_REDIRECT] [Fatal Error] :1:1: Premature end of file.
2025-06-21 10:30:37,199 [ERROR] LogOutputStream:75 - [STDERR_REDIRECT] 
2025-06-21 10:30:38,196 [ERROR] LogOutputStream:75 - [STDERR_REDIRECT] [Fatal Error] :1:1: Premature end of file.
2025-06-21 10:30:38,196 [ERROR] LogOutputStream:75 - [STDERR_REDIRECT] 
2025-06-21 10:30:39,267 [ERROR] LogOutputStream:75 - [STDERR_REDIRECT] [Fatal Error] :1:1: Premature end of file.
2025-06-21 10:30:39,267 [ERROR] LogOutputStream:75 - [STDERR_REDIRECT] 
2025-06-21 10:30:40,245 [ERROR] LogOutputStream:75 - [STDERR_REDIRECT] [Fatal Error] :1:1: Premature end of file.
2025-06-21 10:30:40,245 [ERROR] LogOutputStream:75 - [STDERR_REDIRECT] 
2025-06-21 10:30:41,200 [ERROR] LogOutputStream:75 - [STDERR_REDIRECT] [Fatal Error] :1:1: Premature end of file.
2025-06-21 10:30:41,200 [ERROR] LogOutputStream:75 - [STDERR_REDIRECT] 
2025-06-21 10:30:42,201 [ERROR] LogOutputStream:75 - [STDERR_REDIRECT] [Fatal Error] :1:1: Premature end of file.
2025-06-21 10:30:42,201 [ERROR] LogOutputStream:75 - [STDERR_REDIRECT] 
2025-06-21 10:30:43,273 [ERROR] LogOutputStream:75 - [STDERR_REDIRECT] [Fatal Error] :1:1: Premature end of file.
2025-06-21 10:30:43,273 [ERROR] LogOutputStream:75 - [STDERR_REDIRECT] 
2025-06-21 10:30:44,240 [ERROR] LogOutputStream:75 - [STDERR_REDIRECT] [Fatal Error] :1:1: Premature end of file.
2025-06-21 10:30:44,240 [ERROR] LogOutputStream:75 - [STDERR_REDIRECT] 
2025-06-21 10:30:45,211 [ERROR] LogOutputStream:75 - [STDERR_REDIRECT] [Fatal Error] :1:1: Premature end of file.
2025-06-21 10:30:45,212 [ERROR] LogOutputStream:75 - [STDERR_REDIRECT] 
2025-06-21 10:30:46,211 [ERROR] LogOutputStream:75 - [STDERR_REDIRECT] [Fatal Error] :1:1: Premature end of file.
2025-06-21 10:30:46,211 [ERROR] LogOutputStream:75 - [STDERR_REDIRECT] 
2025-06-21 10:30:47,222 [ERROR] LogOutputStream:75 - [STDERR_REDIRECT] [Fatal Error] :1:1: Premature end of file.
2025-06-21 10:30:47,223 [ERROR] LogOutputStream:75 - [STDERR_REDIRECT] 
2025-06-21 10:30:48,197 [ERROR] LogOutputStream:75 - [STDERR_REDIRECT] [Fatal Error] :1:1: Premature end of file.
2025-06-21 10:30:48,197 [ERROR] LogOutputStream:75 - [STDERR_REDIRECT] 
2025-06-21 10:30:49,246 [ERROR] LogOutputStream:75 - [STDERR_REDIRECT] [Fatal Error] :1:1: Premature end of file.
2025-06-21 10:30:49,246 [ERROR] LogOutputStream:75 - [STDERR_REDIRECT] 
2025-06-21 10:30:50,207 [ERROR] LogOutputStream:75 - [STDERR_REDIRECT] [Fatal Error] :1:1: Premature end of file.
2025-06-21 10:30:50,207 [ERROR] LogOutputStream:75 - [STDERR_REDIRECT] 
2025-06-21 10:30:51,198 [ERROR] LogOutputStream:75 - [STDERR_REDIRECT] [Fatal Error] :1:1: Premature end of file.
2025-06-21 10:30:51,198 [ERROR] LogOutputStream:75 - [STDERR_REDIRECT] 
2025-06-21 10:30:52,198 [ERROR] LogOutputStream:75 - [STDERR_REDIRECT] [Fatal Error] :1:1: Premature end of file.
2025-06-21 10:30:52,199 [ERROR] LogOutputStream:75 - [STDERR_REDIRECT] 
2025-06-21 10:30:53,268 [ERROR] LogOutputStream:75 - [STDERR_REDIRECT] [Fatal Error] :1:1: Premature end of file.
2025-06-21 10:30:53,268 [ERROR] LogOutputStream:75 - [STDERR_REDIRECT] 
2025-06-21 10:30:54,265 [ERROR] LogOutputStream:75 - [STDERR_REDIRECT] [Fatal Error] :1:1: Premature end of file.
2025-06-21 10:30:54,265 [ERROR] LogOutputStream:75 - [STDERR_REDIRECT] 
2025-06-21 10:30:55,200 [ERROR] LogOutputStream:75 - [STDERR_REDIRECT] [Fatal Error] :1:1: Premature end of file.
2025-06-21 10:30:55,201 [ERROR] LogOutputStream:75 - [STDERR_REDIRECT] 
2025-06-21 10:30:56,201 [ERROR] LogOutputStream:75 - [STDERR_REDIRECT] [Fatal Error] :1:1: Premature end of file.
2025-06-21 10:30:56,201 [ERROR] LogOutputStream:75 - [STDERR_REDIRECT] 
2025-06-21 10:30:57,243 [ERROR] LogOutputStream:75 - [STDERR_REDIRECT] [Fatal Error] :1:1: Premature end of file.
2025-06-21 10:30:57,243 [ERROR] LogOutputStream:75 - [STDERR_REDIRECT] 
2025-06-21 10:30:58,263 [ERROR] LogOutputStream:75 - [STDERR_REDIRECT] [Fatal Error] :1:1: Premature end of file.
2025-06-21 10:30:58,263 [ERROR] LogOutputStream:75 - [STDERR_REDIRECT] 
2025-06-21 10:30:59,262 [ERROR] LogOutputStream:75 - [STDERR_REDIRECT] [Fatal Error] :1:1: Premature end of file.
2025-06-21 10:30:59,263 [ERROR] LogOutputStream:75 - [STDERR_REDIRECT] 
2025-06-21 10:31:00,264 [ERROR] LogOutputStream:75 - [STDERR_REDIRECT] [Fatal Error] :1:1: Premature end of file.
2025-06-21 10:31:00,264 [ERROR] LogOutputStream:75 - [STDERR_REDIRECT] 
2025-06-21 10:31:01,198 [ERROR] LogOutputStream:75 - [STDERR_REDIRECT] [Fatal Error] :1:1: Premature end of file.
2025-06-21 10:31:01,198 [ERROR] LogOutputStream:75 - [STDERR_REDIRECT] 
2025-06-21 10:31:02,203 [ERROR] LogOutputStream:75 - [STDERR_REDIRECT] [Fatal Error] :1:1: Premature end of file.
2025-06-21 10:31:02,204 [ERROR] LogOutputStream:75 - [STDERR_REDIRECT] 
2025-06-21 10:31:03,204 [ERROR] LogOutputStream:75 - [STDERR_REDIRECT] [Fatal Error] :1:1: Premature end of file.
2025-06-21 10:31:03,205 [ERROR] LogOutputStream:75 - [STDERR_REDIRECT] 
2025-06-21 10:31:04,199 [ERROR] LogOutputStream:75 - [STDERR_REDIRECT] [Fatal Error] :1:1: Premature end of file.
2025-06-21 10:31:04,199 [ERROR] LogOutputStream:75 - [STDERR_REDIRECT] 
2025-06-21 10:31:05,197 [ERROR] LogOutputStream:75 - [STDERR_REDIRECT] [Fatal Error] :1:1: Premature end of file.
2025-06-21 10:31:05,197 [ERROR] LogOutputStream:75 - [STDERR_REDIRECT] 
2025-06-21 10:31:06,270 [ERROR] LogOutputStream:75 - [STDERR_REDIRECT] [Fatal Error] :1:1: Premature end of file.
2025-06-21 10:31:06,270 [ERROR] LogOutputStream:75 - [STDERR_REDIRECT] 
2025-06-21 10:31:07,244 [ERROR] LogOutputStream:75 - [STDERR_REDIRECT] [Fatal Error] :1:1: Premature end of file.
2025-06-21 10:31:07,244 [ERROR] LogOutputStream:75 - [STDERR_REDIRECT] 
2025-06-21 10:31:08,200 [ERROR] LogOutputStream:75 - [STDERR_REDIRECT] [Fatal Error] :1:1: Premature end of file.
2025-06-21 10:31:08,200 [ERROR] LogOutputStream:75 - [STDERR_REDIRECT] 
2025-06-21 10:31:09,259 [ERROR] LogOutputStream:75 - [STDERR_REDIRECT] [Fatal Error] :1:1: Premature end of file.
2025-06-21 10:31:09,259 [ERROR] LogOutputStream:75 - [STDERR_REDIRECT] 
2025-06-21 10:31:10,251 [ERROR] LogOutputStream:75 - [STDERR_REDIRECT] [Fatal Error] :1:1: Premature end of file.
2025-06-21 10:31:10,251 [ERROR] LogOutputStream:75 - [STDERR_REDIRECT] 
2025-06-21 10:31:11,198 [ERROR] LogOutputStream:75 - [STDERR_REDIRECT] [Fatal Error] :1:1: Premature end of file.
2025-06-21 10:31:11,198 [ERROR] LogOutputStream:75 - [STDERR_REDIRECT] 
2025-06-21 10:31:12,251 [ERROR] LogOutputStream:75 - [STDERR_REDIRECT] [Fatal Error] :1:1: Premature end of file.
2025-06-21 10:31:12,251 [ERROR] LogOutputStream:75 - [STDERR_REDIRECT] 
2025-06-21 10:31:13,198 [ERROR] LogOutputStream:75 - [STDERR_REDIRECT] [Fatal Error] :1:1: Premature end of file.
2025-06-21 10:31:13,198 [ERROR] LogOutputStream:75 - [STDERR_REDIRECT] 
2025-06-21 10:31:14,199 [ERROR] LogOutputStream:75 - [STDERR_REDIRECT] [Fatal Error] :1:1: Premature end of file.
2025-06-21 10:31:14,199 [ERROR] LogOutputStream:75 - [STDERR_REDIRECT] 
2025-06-21 10:31:15,199 [ERROR] LogOutputStream:75 - [STDERR_REDIRECT] [Fatal Error] :1:1: Premature end of file.
2025-06-21 10:31:15,199 [ERROR] LogOutputStream:75 - [STDERR_REDIRECT] 
2025-06-21 10:31:16,197 [ERROR] LogOutputStream:75 - [STDERR_REDIRECT] [Fatal Error] :1:1: Premature end of file.
2025-06-21 10:31:16,197 [ERROR] LogOutputStream:75 - [STDERR_REDIRECT] 
2025-06-21 10:31:17,232 [ERROR] LogOutputStream:75 - [STDERR_REDIRECT] [Fatal Error] :1:1: Premature end of file.
2025-06-21 10:31:17,232 [ERROR] LogOutputStream:75 - [STDERR_REDIRECT] 
2025-06-21 10:31:18,246 [ERROR] LogOutputStream:75 - [STDERR_REDIRECT] [Fatal Error] :1:1: Premature end of file.
2025-06-21 10:31:18,246 [ERROR] LogOutputStream:75 - [STDERR_REDIRECT] 
2025-06-21 10:31:19,268 [ERROR] LogOutputStream:75 - [STDERR_REDIRECT] [Fatal Error] :1:1: Premature end of file.
2025-06-21 10:31:19,268 [ERROR] LogOutputStream:75 - [STDERR_REDIRECT] 
2025-06-21 10:31:20,269 [ERROR] LogOutputStream:75 - [STDERR_REDIRECT] [Fatal Error] :1:1: Premature end of file.
2025-06-21 10:31:20,269 [ERROR] LogOutputStream:75 - [STDERR_REDIRECT] 
2025-06-21 10:31:21,195 [ERROR] LogOutputStream:75 - [STDERR_REDIRECT] [Fatal Error] :1:1: Premature end of file.
2025-06-21 10:31:21,196 [ERROR] LogOutputStream:75 - [STDERR_REDIRECT] 
2025-06-21 10:31:22,198 [ERROR] LogOutputStream:75 - [STDERR_REDIRECT] [Fatal Error] :1:1: Premature end of file.
2025-06-21 10:31:22,199 [ERROR] LogOutputStream:75 - [STDERR_REDIRECT] 
2025-06-21 10:31:23,216 [ERROR] LogOutputStream:75 - [STDERR_REDIRECT] [Fatal Error] :1:1: Premature end of file.
2025-06-21 10:31:23,216 [ERROR] LogOutputStream:75 - [STDERR_REDIRECT] 
2025-06-21 10:31:24,202 [ERROR] LogOutputStream:75 - [STDERR_REDIRECT] [Fatal Error] :1:1: Premature end of file.
2025-06-21 10:31:24,202 [ERROR] LogOutputStream:75 - [STDERR_REDIRECT] 
2025-06-21 10:31:25,202 [ERROR] LogOutputStream:75 - [STDERR_REDIRECT] [Fatal Error] :1:1: Premature end of file.
2025-06-21 10:31:25,202 [ERROR] LogOutputStream:75 - [STDERR_REDIRECT] 
2025-06-21 10:31:26,204 [ERROR] LogOutputStream:75 - [STDERR_REDIRECT] [Fatal Error] :1:1: Premature end of file.
2025-06-21 10:31:26,261 [ERROR] LogOutputStream:75 - [STDERR_REDIRECT] 
2025-06-21 10:31:27,229 [ERROR] LogOutputStream:75 - [STDERR_REDIRECT] [Fatal Error] :1:1: Premature end of file.
2025-06-21 10:31:27,230 [ERROR] LogOutputStream:75 - [STDERR_REDIRECT] 
2025-06-21 10:31:28,206 [ERROR] LogOutputStream:75 - [STDERR_REDIRECT] [Fatal Error] :1:1: Premature end of file.
2025-06-21 10:31:28,206 [ERROR] LogOutputStream:75 - [STDERR_REDIRECT] 
2025-06-21 10:31:29,208 [ERROR] LogOutputStream:75 - [STDERR_REDIRECT] [Fatal Error] :1:1: Premature end of file.
2025-06-21 10:31:29,208 [ERROR] LogOutputStream:75 - [STDERR_REDIRECT] 
2025-06-21 10:31:30,196 [ERROR] LogOutputStream:75 - [STDERR_REDIRECT] [Fatal Error] :1:1: Premature end of file.
2025-06-21 10:31:30,196 [ERROR] LogOutputStream:75 - [STDERR_REDIRECT] 
2025-06-21 10:31:31,280 [ERROR] LogOutputStream:75 - [STDERR_REDIRECT] [Fatal Error] :1:1: Premature end of file.
2025-06-21 10:31:31,280 [ERROR] LogOutputStream:75 - [STDERR_REDIRECT] 
2025-06-21 10:31:32,245 [ERROR] LogOutputStream:75 - [STDERR_REDIRECT] [Fatal Error] :1:1: Premature end of file.
2025-06-21 10:31:32,246 [ERROR] LogOutputStream:75 - [STDERR_REDIRECT] 
2025-06-21 10:31:33,199 [ERROR] LogOutputStream:75 - [STDERR_REDIRECT] [Fatal Error] :1:1: Premature end of file.
2025-06-21 10:31:33,200 [ERROR] LogOutputStream:75 - [STDERR_REDIRECT] 
2025-06-21 10:31:34,197 [ERROR] LogOutputStream:75 - [STDERR_REDIRECT] [Fatal Error] :1:1: Premature end of file.
2025-06-21 10:31:34,198 [ERROR] LogOutputStream:75 - [STDERR_REDIRECT] 
2025-06-21 10:31:35,198 [ERROR] LogOutputStream:75 - [STDERR_REDIRECT] [Fatal Error] :1:1: Premature end of file.
2025-06-21 10:31:35,200 [ERROR] LogOutputStream:75 - [STDERR_REDIRECT] 
2025-06-21 10:31:36,196 [ERROR] LogOutputStream:75 - [STDERR_REDIRECT] [Fatal Error] :1:1: Premature end of file.
2025-06-21 10:31:36,196 [ERROR] LogOutputStream:75 - [STDERR_REDIRECT] 
2025-06-21 10:31:37,198 [ERROR] LogOutputStream:75 - [STDERR_REDIRECT] [Fatal Error] :1:1: Premature end of file.
2025-06-21 10:31:37,198 [ERROR] LogOutputStream:75 - [STDERR_REDIRECT] 
2025-06-21 10:31:38,199 [ERROR] LogOutputStream:75 - [STDERR_REDIRECT] [Fatal Error] :1:1: Premature end of file.
2025-06-21 10:31:38,199 [ERROR] LogOutputStream:75 - [STDERR_REDIRECT] 
2025-06-21 10:31:39,279 [ERROR] LogOutputStream:75 - [STDERR_REDIRECT] [Fatal Error] :1:1: Premature end of file.
2025-06-21 10:31:39,279 [ERROR] LogOutputStream:75 - [STDERR_REDIRECT] 
2025-06-21 10:31:40,270 [ERROR] LogOutputStream:75 - [STDERR_REDIRECT] [Fatal Error] :1:1: Premature end of file.
2025-06-21 10:31:40,270 [ERROR] LogOutputStream:75 - [STDERR_REDIRECT] 
2025-06-21 10:31:41,202 [ERROR] LogOutputStream:75 - [STDERR_REDIRECT] [Fatal Error] :1:1: Premature end of file.
2025-06-21 10:31:41,203 [ERROR] LogOutputStream:75 - [STDERR_REDIRECT] 
2025-06-21 10:31:42,198 [ERROR] LogOutputStream:75 - [STDERR_REDIRECT] [Fatal Error] :1:1: Premature end of file.
2025-06-21 10:31:42,198 [ERROR] LogOutputStream:75 - [STDERR_REDIRECT] 
2025-06-21 10:31:43,196 [ERROR] LogOutputStream:75 - [STDERR_REDIRECT] [Fatal Error] :1:1: Premature end of file.
2025-06-21 10:31:43,196 [ERROR] LogOutputStream:75 - [STDERR_REDIRECT] 
2025-06-21 10:31:44,197 [ERROR] LogOutputStream:75 - [STDERR_REDIRECT] [Fatal Error] :1:1: Premature end of file.
2025-06-21 10:31:44,197 [ERROR] LogOutputStream:75 - [STDERR_REDIRECT] 
2025-06-21 10:31:45,201 [ERROR] LogOutputStream:75 - [STDERR_REDIRECT] [Fatal Error] :1:1: Premature end of file.
2025-06-21 10:31:45,202 [ERROR] LogOutputStream:75 - [STDERR_REDIRECT] 
2025-06-21 10:31:46,200 [ERROR] LogOutputStream:75 - [STDERR_REDIRECT] [Fatal Error] :1:1: Premature end of file.
2025-06-21 10:31:46,200 [ERROR] LogOutputStream:75 - [STDERR_REDIRECT] 
2025-06-21 10:31:47,198 [ERROR] LogOutputStream:75 - [STDERR_REDIRECT] [Fatal Error] :1:1: Premature end of file.
2025-06-21 10:31:47,200 [ERROR] LogOutputStream:75 - [STDERR_REDIRECT] 
2025-06-21 10:31:48,196 [ERROR] LogOutputStream:75 - [STDERR_REDIRECT] [Fatal Error] :1:1: Premature end of file.
2025-06-21 10:31:48,196 [ERROR] LogOutputStream:75 - [STDERR_REDIRECT] 
2025-06-21 10:31:49,261 [ERROR] LogOutputStream:75 - [STDERR_REDIRECT] [Fatal Error] :1:1: Premature end of file.
2025-06-21 10:31:49,261 [ERROR] LogOutputStream:75 - [STDERR_REDIRECT] 
2025-06-21 10:31:50,259 [ERROR] LogOutputStream:75 - [STDERR_REDIRECT] [Fatal Error] :1:1: Premature end of file.
2025-06-21 10:31:50,259 [ERROR] LogOutputStream:75 - [STDERR_REDIRECT] 
2025-06-21 10:31:51,270 [ERROR] LogOutputStream:75 - [STDERR_REDIRECT] [Fatal Error] :1:1: Premature end of file.
2025-06-21 10:31:51,271 [ERROR] LogOutputStream:75 - [STDERR_REDIRECT] 
2025-06-21 10:31:52,196 [ERROR] LogOutputStream:75 - [STDERR_REDIRECT] [Fatal Error] :1:1: Premature end of file.
2025-06-21 10:31:52,197 [ERROR] LogOutputStream:75 - [STDERR_REDIRECT] 
2025-06-21 10:31:53,196 [ERROR] LogOutputStream:75 - [STDERR_REDIRECT] [Fatal Error] :1:1: Premature end of file.
2025-06-21 10:31:53,196 [ERROR] LogOutputStream:75 - [STDERR_REDIRECT] 
2025-06-21 10:31:54,197 [ERROR] LogOutputStream:75 - [STDERR_REDIRECT] [Fatal Error] :1:1: Premature end of file.
2025-06-21 10:31:54,197 [ERROR] LogOutputStream:75 - [STDERR_REDIRECT] 
2025-06-21 10:31:55,197 [ERROR] LogOutputStream:75 - [STDERR_REDIRECT] [Fatal Error] :1:1: Premature end of file.
2025-06-21 10:31:55,197 [ERROR] LogOutputStream:75 - [STDERR_REDIRECT] 
2025-06-21 10:31:56,274 [ERROR] LogOutputStream:75 - [STDERR_REDIRECT] [Fatal Error] :1:1: Premature end of file.
2025-06-21 10:31:56,275 [ERROR] LogOutputStream:75 - [STDERR_REDIRECT] 
2025-06-21 10:31:57,254 [ERROR] LogOutputStream:75 - [STDERR_REDIRECT] [Fatal Error] :1:1: Premature end of file.
2025-06-21 10:31:57,254 [ERROR] LogOutputStream:75 - [STDERR_REDIRECT] 
2025-06-21 10:31:58,284 [ERROR] LogOutputStream:75 - [STDERR_REDIRECT] [Fatal Error] :1:1: Premature end of file.
2025-06-21 10:31:58,285 [ERROR] LogOutputStream:75 - [STDERR_REDIRECT] 
2025-06-21 10:31:59,196 [ERROR] LogOutputStream:75 - [STDERR_REDIRECT] [Fatal Error] :1:1: Premature end of file.
2025-06-21 10:31:59,196 [ERROR] LogOutputStream:75 - [STDERR_REDIRECT] 
2025-06-21 10:32:00,198 [ERROR] LogOutputStream:75 - [STDERR_REDIRECT] [Fatal Error] :1:1: Premature end of file.
2025-06-21 10:32:00,198 [ERROR] LogOutputStream:75 - [STDERR_REDIRECT] 
2025-06-21 10:32:01,245 [ERROR] LogOutputStream:75 - [STDERR_REDIRECT] [Fatal Error] :1:1: Premature end of file.
2025-06-21 10:32:01,246 [ERROR] LogOutputStream:75 - [STDERR_REDIRECT] 
2025-06-21 10:32:02,197 [ERROR] LogOutputStream:75 - [STDERR_REDIRECT] [Fatal Error] :1:1: Premature end of file.
2025-06-21 10:32:02,197 [ERROR] LogOutputStream:75 - [STDERR_REDIRECT] 
2025-06-21 10:32:03,195 [ERROR] LogOutputStream:75 - [STDERR_REDIRECT] [Fatal Error] :1:1: Premature end of file.
2025-06-21 10:32:03,196 [ERROR] LogOutputStream:75 - [STDERR_REDIRECT] 
2025-06-21 10:32:04,243 [ERROR] LogOutputStream:75 - [STDERR_REDIRECT] [Fatal Error] :1:1: Premature end of file.
2025-06-21 10:32:04,244 [ERROR] LogOutputStream:75 - [STDERR_REDIRECT] 
2025-06-21 10:32:05,281 [ERROR] LogOutputStream:75 - [STDERR_REDIRECT] [Fatal Error] :1:1: Premature end of file.
2025-06-21 10:32:05,282 [ERROR] LogOutputStream:75 - [STDERR_REDIRECT] 
2025-06-21 10:32:06,208 [ERROR] LogOutputStream:75 - [STDERR_REDIRECT] [Fatal Error] :1:1: Premature end of file.
2025-06-21 10:32:06,208 [ERROR] LogOutputStream:75 - [STDERR_REDIRECT] 
2025-06-21 10:32:07,223 [ERROR] LogOutputStream:75 - [STDERR_REDIRECT] [Fatal Error] :1:1: Premature end of file.
2025-06-21 10:32:07,223 [ERROR] LogOutputStream:75 - [STDERR_REDIRECT] 
2025-06-21 10:32:08,198 [ERROR] LogOutputStream:75 - [STDERR_REDIRECT] [Fatal Error] :1:1: Premature end of file.
2025-06-21 10:32:08,198 [ERROR] LogOutputStream:75 - [STDERR_REDIRECT] 
2025-06-21 10:32:09,200 [ERROR] LogOutputStream:75 - [STDERR_REDIRECT] [Fatal Error] :1:1: Premature end of file.
2025-06-21 10:32:09,201 [ERROR] LogOutputStream:75 - [STDERR_REDIRECT] 
2025-06-21 10:32:10,202 [ERROR] LogOutputStream:75 - [STDERR_REDIRECT] [Fatal Error] :1:1: Premature end of file.
2025-06-21 10:32:10,202 [ERROR] LogOutputStream:75 - [STDERR_REDIRECT] 
2025-06-21 10:32:11,202 [ERROR] LogOutputStream:75 - [STDERR_REDIRECT] [Fatal Error] :1:1: Premature end of file.
2025-06-21 10:32:11,202 [ERROR] LogOutputStream:75 - [STDERR_REDIRECT] 
2025-06-21 10:32:12,197 [ERROR] LogOutputStream:75 - [STDERR_REDIRECT] [Fatal Error] :1:1: Premature end of file.
2025-06-21 10:32:12,197 [ERROR] LogOutputStream:75 - [STDERR_REDIRECT] 
2025-06-21 10:32:13,198 [ERROR] LogOutputStream:75 - [STDERR_REDIRECT] [Fatal Error] :1:1: Premature end of file.
2025-06-21 10:32:13,198 [ERROR] LogOutputStream:75 - [STDERR_REDIRECT] 
2025-06-21 10:32:14,202 [ERROR] LogOutputStream:75 - [STDERR_REDIRECT] [Fatal Error] :1:1: Premature end of file.
2025-06-21 10:32:14,202 [ERROR] LogOutputStream:75 - [STDERR_REDIRECT] 
2025-06-21 10:32:15,200 [ERROR] LogOutputStream:75 - [STDERR_REDIRECT] [Fatal Error] :1:1: Premature end of file.
2025-06-21 10:32:15,200 [ERROR] LogOutputStream:75 - [STDERR_REDIRECT] 
2025-06-21 10:32:16,199 [ERROR] LogOutputStream:75 - [STDERR_REDIRECT] [Fatal Error] :1:1: Premature end of file.
2025-06-21 10:32:16,199 [ERROR] LogOutputStream:75 - [STDERR_REDIRECT] 
2025-06-21 10:32:17,199 [ERROR] LogOutputStream:75 - [STDERR_REDIRECT] [Fatal Error] :1:1: Premature end of file.
2025-06-21 10:32:17,199 [ERROR] LogOutputStream:75 - [STDERR_REDIRECT] 
2025-06-21 10:32:18,201 [ERROR] LogOutputStream:75 - [STDERR_REDIRECT] [Fatal Error] :1:1: Premature end of file.
2025-06-21 10:32:18,201 [ERROR] LogOutputStream:75 - [STDERR_REDIRECT] 
2025-06-21 10:32:18,972 [ERROR] LogOutputStream:75 - [STDERR_REDIRECT] 
2025-06-21 10:32:18,972 [ERROR] LogOutputStream:75 - [STDERR_REDIRECT] 
