2025-05-27 09:40:15,931 [INFO] Activator:176 - 


2025-05-27 09:40:15,934 [INFO] Activator:177 - !SESSION log4j initialized
2025-05-27 09:40:18,405 [INFO] LogOutputStream:77 - [STDOUT_REDIRECT] 
2025-05-27 09:40:24,775 [INFO] ApplicationProperties:184 - Using Application install path: C:\ST\STM32CubeIDE_1.18.1\STM32CubeIDE\plugins\com.st.stm32cube.common.mx_6.14.1.202504091515
2025-05-27 09:40:24,790 [INFO] DbMcusXml:78 - Set database path to: C:\ST\STM32CubeIDE_1.18.1\STM32CubeIDE\plugins\com.st.stm32cube.common.mx_6.14.1.202504091515\\db\/mcu/
2025-05-27 09:40:24,791 [INFO] ApiDb:274 - Set plugin database path to: C:\ST\STM32CubeIDE_1.18.1\STM32CubeIDE\plugins\com.st.stm32cube.common.mx_6.14.1.202504091515\\db\/plugins/boardmanager/
2025-05-27 09:40:24,791 [WARN] ApiDb:259 - Overriding images path with different value:  => C:\ST\STM32CubeIDE_1.18.1\STM32CubeIDE\plugins\com.st.stm32cube.common.mx_6.14.1.202504091515\\db\/plugins/mcufinder/images/
2025-05-27 09:40:24,796 [INFO] ApiDb:250 - Set database path to: C:\Users\harri\.stmcufinder\plugins\mcufinder//mcu/
2025-05-27 09:40:24,798 [INFO] DbMcusAds:125 - Set database path to: C:\Users\harri\.stmcufinder\plugins\mcufinder//mcu/
2025-05-27 09:40:24,799 [INFO] CrossReferenceDbSqlite:203 - Set database path to: C:\Users\harri\.stmcufinder\plugins\mcufinder//mcu/cs/
2025-05-27 09:40:24,889 [INFO] RulesReader:64 - Compatibility file has been processed (302 Rules)
2025-05-27 09:40:24,943 [INFO] DbMcusXml:78 - Set database path to: C:\ST\STM32CubeIDE_1.18.1\STM32CubeIDE\plugins\com.st.stm32cube.common.mx_6.14.1.202504091515\\db\/mcu/
2025-05-27 09:40:24,943 [INFO] ApiDb:274 - Set plugin database path to: C:\ST\STM32CubeIDE_1.18.1\STM32CubeIDE\plugins\com.st.stm32cube.common.mx_6.14.1.202504091515\\db\/plugins/boardmanager/
2025-05-27 09:40:24,943 [INFO] ApiDb:261 - Set plugin images path to: C:\ST\STM32CubeIDE_1.18.1\STM32CubeIDE\plugins\com.st.stm32cube.common.mx_6.14.1.202504091515\\db\/plugins/mcufinder/images/
2025-05-27 09:40:24,943 [WARN] DbFile:41 - Overriding database path with different value: C:\Users\harri\.stmcufinder\plugins\mcufinder/ => C:\Users\harri\.stmcufinder\plugins\mcufinder
2025-05-27 09:40:24,943 [INFO] ApiDb:250 - Set database path to: C:\Users\harri\.stmcufinder\plugins\mcufinder//mcu/
2025-05-27 09:40:24,943 [WARN] DbFile:41 - Overriding database path with different value: C:\Users\harri\.stmcufinder\plugins\mcufinder/ => C:\Users\harri\.stmcufinder\plugins\mcufinder
2025-05-27 09:40:24,944 [INFO] DbMcusAds:125 - Set database path to: C:\Users\harri\.stmcufinder\plugins\mcufinder//mcu/
2025-05-27 09:40:24,944 [WARN] DbFile:41 - Overriding database path with different value: C:\Users\harri\.stmcufinder\plugins\mcufinder/ => C:\Users\harri\.stmcufinder\plugins\mcufinder
2025-05-27 09:40:24,944 [WARN] DbFile:41 - Overriding database path with different value: C:\Users\harri\.stmcufinder\plugins\mcufinder/ => C:\Users\harri\.stmcufinder\plugins\mcufinder
2025-05-27 09:40:24,944 [INFO] CrossReferenceDbSqlite:203 - Set database path to: C:\Users\harri\.stmcufinder\plugins\mcufinder//mcu/cs/
2025-05-27 09:40:24,994 [INFO] MainPanel:272 - HeapMemory: 268435456
2025-05-27 09:40:25,069 [INFO] DbMcusXml:78 - Set database path to: C:\ST\STM32CubeIDE_1.18.1\STM32CubeIDE\plugins\com.st.stm32cube.common.mx_6.14.1.202504091515\\db\/mcu/
2025-05-27 09:40:25,069 [INFO] ApiDb:274 - Set plugin database path to: C:\ST\STM32CubeIDE_1.18.1\STM32CubeIDE\plugins\com.st.stm32cube.common.mx_6.14.1.202504091515\\db\/plugins/boardmanager/
2025-05-27 09:40:25,070 [INFO] ApiDb:261 - Set plugin images path to: C:\ST\STM32CubeIDE_1.18.1\STM32CubeIDE\plugins\com.st.stm32cube.common.mx_6.14.1.202504091515\\db\/plugins/mcufinder/images/
2025-05-27 09:40:25,070 [WARN] DbFile:41 - Overriding database path with different value: C:\Users\harri\.stmcufinder\plugins\mcufinder/ => C:\Users\harri\.stmcufinder\plugins\mcufinder
2025-05-27 09:40:25,070 [INFO] ApiDb:250 - Set database path to: C:\Users\harri\.stmcufinder\plugins\mcufinder//mcu/
2025-05-27 09:40:25,070 [WARN] DbFile:41 - Overriding database path with different value: C:\Users\harri\.stmcufinder\plugins\mcufinder/ => C:\Users\harri\.stmcufinder\plugins\mcufinder
2025-05-27 09:40:25,070 [INFO] DbMcusAds:125 - Set database path to: C:\Users\harri\.stmcufinder\plugins\mcufinder//mcu/
2025-05-27 09:40:25,071 [WARN] DbFile:41 - Overriding database path with different value: C:\Users\harri\.stmcufinder\plugins\mcufinder/ => C:\Users\harri\.stmcufinder\plugins\mcufinder
2025-05-27 09:40:25,071 [WARN] DbFile:41 - Overriding database path with different value: C:\Users\harri\.stmcufinder\plugins\mcufinder/ => C:\Users\harri\.stmcufinder\plugins\mcufinder
2025-05-27 09:40:25,071 [INFO] CrossReferenceDbSqlite:203 - Set database path to: C:\Users\harri\.stmcufinder\plugins\mcufinder//mcu/cs/
2025-05-27 09:40:25,085 [INFO] ApplicationProperties:184 - Using Application install path: C:\ST\STM32CubeIDE_1.18.1\STM32CubeIDE\plugins\com.st.stm32cube.common.mx_6.14.1.202504091515
2025-05-27 09:40:25,087 [INFO] PluginManage:196 - Search for loadable plugins [exclusion list=, ]
2025-05-27 09:40:25,088 [INFO] PluginManage:310 - Check plugin analytics
2025-05-27 09:40:30,211 [INFO] AnalyticsPlugin:253 - Accepted Software Licenses: 
2025-05-27 09:40:30,211 [INFO] AnalyticsPlugin:255 - Accepted CMSIS Pack Licenses: 
2025-05-27 09:40:30,211 [INFO] AnalyticsPlugin:257 - Accepted Firmware Licenses: FW.F4.1.28.0
2025-05-27 09:40:30,213 [INFO] PluginManage:359 - Loaded plugin analytics (category:tool,tabindex:-1)
2025-05-27 09:40:30,213 [INFO] PluginManage:310 - Check plugin cadmodel
2025-05-27 09:40:30,216 [INFO] CADModel:105 - Init CAD model plugin
2025-05-27 09:40:30,216 [INFO] PluginManage:359 - Loaded plugin cadmodel (category:power,tabindex:5)
2025-05-27 09:40:30,217 [INFO] PluginManage:310 - Check plugin clock
2025-05-27 09:40:30,222 [INFO] PluginManage:359 - Loaded plugin clock (category:base,tabindex:2)
2025-05-27 09:40:30,222 [INFO] PluginManage:310 - Check plugin ddr
2025-05-27 09:40:30,224 [INFO] PluginManage:359 - Loaded plugin ddr (category:tool,tabindex:6)
2025-05-27 09:40:30,224 [INFO] PluginManage:310 - Check plugin filemanager
2025-05-27 09:40:30,372 [INFO] PluginManage:359 - Loaded plugin filemanager (category:base,tabindex:10)
2025-05-27 09:40:30,372 [INFO] PluginManage:310 - Check plugin ipmanager
2025-05-27 09:40:30,379 [INFO] PluginManage:359 - Loaded plugin ipmanager (category:base,tabindex:5)
2025-05-27 09:40:30,379 [INFO] PluginManage:310 - Check plugin lpbam
2025-05-27 09:40:30,385 [INFO] PluginManage:359 - Loaded plugin lpbam (category:base,tabindex:0)
2025-05-27 09:40:30,385 [INFO] PluginManage:310 - Check plugin memorymap
2025-05-27 09:40:30,394 [INFO] PluginManage:359 - Loaded plugin memorymap (category:base,tabindex:4)
2025-05-27 09:40:30,394 [INFO] PluginManage:310 - Check plugin pinoutandconfiguration
2025-05-27 09:40:30,399 [INFO] PluginManage:359 - Loaded plugin pinoutandconfiguration (category:base,tabindex:1)
2025-05-27 09:40:30,399 [INFO] PluginManage:310 - Check plugin pinoutconfig
2025-05-27 09:40:30,460 [WARN] SupportedApi:132 - Cannot load RTOS API schema: s4s-elt-must-match.1: The content of 'definitions' must match (annotation?, (simpleType | complexType)?, (unique | key | keyref)*)). A problem was found starting at: attribute.
2025-05-27 09:40:30,549 [INFO] PluginManage:359 - Loaded plugin pinoutconfig (category:base,tabindex:0)
2025-05-27 09:40:30,549 [INFO] PluginManage:310 - Check plugin power
2025-05-27 09:40:30,555 [INFO] PluginManage:359 - Loaded plugin power (category:power,tabindex:4)
2025-05-27 09:40:30,555 [INFO] PluginManage:310 - Check plugin projectmanager
2025-05-27 09:40:30,567 [INFO] PluginManage:359 - Loaded plugin projectmanager (category:projectmanager,tabindex:4)
2025-05-27 09:40:30,568 [INFO] PluginManage:310 - Check plugin rif
2025-05-27 09:40:30,572 [INFO] PluginManage:359 - Loaded plugin rif (category:base,tabindex:3)
2025-05-27 09:40:30,572 [INFO] PluginManage:310 - Check plugin thirdparty
2025-05-27 09:40:30,662 [INFO] PluginManage:359 - Loaded plugin thirdparty (category:base,tabindex:-1)
2025-05-27 09:40:30,662 [WARN] IntegrityCheckThread:84 - waiting for thirdparty lock release [integrity check]
2025-05-27 09:40:30,662 [INFO] PluginManage:310 - Check plugin tools
2025-05-27 09:40:30,662 [INFO] IntegrityCheckThread:86 - entering critical section [integrity check]
2025-05-27 09:40:30,662 [INFO] ThirdPartyUpdaterWithRetryManager:70 - Updater plugin not ready yet. [1/15]
2025-05-27 09:40:30,664 [INFO] PluginManage:359 - Loaded plugin tools (category:base,tabindex:7)
2025-05-27 09:40:30,664 [INFO] PluginManage:310 - Check plugin tutovideos
2025-05-27 09:40:30,770 [INFO] PluginManage:359 - Loaded plugin tutovideos (category:base,tabindex:-1)
2025-05-27 09:40:30,771 [INFO] PluginManage:310 - Check plugin updater
2025-05-27 09:40:30,788 [INFO] PluginManage:359 - Loaded plugin updater (category:base,tabindex:12)
2025-05-27 09:40:30,788 [INFO] PluginManage:310 - Check plugin userauth
2025-05-27 09:40:30,790 [INFO] UserAuth:118 - Init User Auth plugin
2025-05-27 09:40:30,791 [INFO] PluginManage:359 - Loaded plugin userauth (category:base,tabindex:14)
2025-05-27 09:40:30,791 [INFO] PluginManage:283 - PluginManage : Loaded plugins [18]
2025-05-27 09:40:30,953 [INFO] PinOutPanel:1589 - setPackage(No Configuration,No Configuration)
2025-05-27 09:40:31,013 [INFO] CADModel:165 - CPN selected for project level
2025-05-27 09:40:31,013 [INFO] CADModel:114 - Register for checkConnection events
2025-05-27 09:40:31,023 [INFO] IPUIPlugin:80 - create IPUIPlugin
2025-05-27 09:40:31,023 [INFO] PluginManager:220 - loadIPPluginJar : add adc
2025-05-27 09:40:31,025 [INFO] IPUIPlugin:80 - create IPUIPlugin
2025-05-27 09:40:31,025 [INFO] PluginManager:220 - loadIPPluginJar : add aes
2025-05-27 09:40:31,026 [INFO] IPUIPlugin:80 - create IPUIPlugin
2025-05-27 09:40:31,026 [INFO] PluginManager:220 - loadIPPluginJar : add can
2025-05-27 09:40:31,027 [INFO] IPUIPlugin:80 - create IPUIPlugin
2025-05-27 09:40:31,028 [INFO] PluginManager:220 - loadIPPluginJar : add comp
2025-05-27 09:40:31,029 [INFO] IPUIPlugin:80 - create IPUIPlugin
2025-05-27 09:40:31,029 [INFO] PluginManager:220 - loadIPPluginJar : add cryp
2025-05-27 09:40:31,031 [INFO] IPUIPlugin:80 - create IPUIPlugin
2025-05-27 09:40:31,031 [INFO] PluginManager:220 - loadIPPluginJar : add ddr_ctrl_phy
2025-05-27 09:40:31,033 [INFO] IPUIPlugin:80 - create IPUIPlugin
2025-05-27 09:40:31,033 [INFO] PluginManager:220 - loadIPPluginJar : add dfsdm
2025-05-27 09:40:31,036 [INFO] IPUIPlugin:80 - create IPUIPlugin
2025-05-27 09:40:31,037 [INFO] PluginManager:220 - loadIPPluginJar : add dma
2025-05-27 09:40:31,038 [INFO] IPUIPlugin:80 - create IPUIPlugin
2025-05-27 09:40:31,039 [INFO] PluginManager:220 - loadIPPluginJar : add dma3
2025-05-27 09:40:31,041 [INFO] IPUIPlugin:80 - create IPUIPlugin
2025-05-27 09:40:31,041 [INFO] PluginManager:220 - loadIPPluginJar : add extmemmanager
2025-05-27 09:40:31,042 [INFO] IPUIPlugin:80 - create IPUIPlugin
2025-05-27 09:40:31,043 [INFO] PluginManager:220 - loadIPPluginJar : add fatfs
2025-05-27 09:40:31,046 [INFO] IPUIPlugin:80 - create IPUIPlugin
2025-05-27 09:40:31,046 [INFO] PluginManager:220 - loadIPPluginJar : add fmc
2025-05-27 09:40:31,050 [INFO] IPUIPlugin:80 - create IPUIPlugin
2025-05-27 09:40:31,050 [INFO] PluginManager:220 - loadIPPluginJar : add freertos
2025-05-27 09:40:31,051 [INFO] IPUIPlugin:80 - create IPUIPlugin
2025-05-27 09:40:31,052 [INFO] PluginManager:220 - loadIPPluginJar : add genericplugin
2025-05-27 09:40:31,053 [INFO] IPUIPlugin:80 - create IPUIPlugin
2025-05-27 09:40:31,053 [INFO] PluginManager:220 - loadIPPluginJar : add gfxmmu
2025-05-27 09:40:31,056 [INFO] IPUIPlugin:80 - create IPUIPlugin
2025-05-27 09:40:31,056 [INFO] PluginManager:220 - loadIPPluginJar : add gic
2025-05-27 09:40:31,059 [INFO] IPUIPlugin:80 - create IPUIPlugin
2025-05-27 09:40:31,059 [INFO] PluginManager:220 - loadIPPluginJar : add gpio
2025-05-27 09:40:31,061 [INFO] IPUIPlugin:80 - create IPUIPlugin
2025-05-27 09:40:31,062 [INFO] PluginManager:220 - loadIPPluginJar : add gtzc
2025-05-27 09:40:31,063 [INFO] IPUIPlugin:80 - create IPUIPlugin
2025-05-27 09:40:31,063 [INFO] PluginManager:220 - loadIPPluginJar : add hash
2025-05-27 09:40:31,065 [INFO] IPUIPlugin:80 - create IPUIPlugin
2025-05-27 09:40:31,065 [INFO] PluginManager:220 - loadIPPluginJar : add i2c
2025-05-27 09:40:31,067 [INFO] IPUIPlugin:80 - create IPUIPlugin
2025-05-27 09:40:31,067 [INFO] PluginManager:220 - loadIPPluginJar : add i2s
2025-05-27 09:40:31,068 [INFO] IPUIPlugin:80 - create IPUIPlugin
2025-05-27 09:40:31,069 [INFO] PluginManager:220 - loadIPPluginJar : add i3c
2025-05-27 09:40:31,070 [INFO] IPUIPlugin:80 - create IPUIPlugin
2025-05-27 09:40:31,071 [INFO] PluginManager:220 - loadIPPluginJar : add ipddr
2025-05-27 09:40:31,074 [INFO] IPUIPlugin:80 - create IPUIPlugin
2025-05-27 09:40:31,075 [INFO] PluginManager:220 - loadIPPluginJar : add linkedlist
2025-05-27 09:40:31,077 [INFO] IPUIPlugin:80 - create IPUIPlugin
2025-05-27 09:40:31,077 [INFO] PluginManager:220 - loadIPPluginJar : add lorawan
2025-05-27 09:40:31,078 [INFO] IPUIPlugin:80 - create IPUIPlugin
2025-05-27 09:40:31,078 [INFO] PluginManager:220 - loadIPPluginJar : add ltdc
2025-05-27 09:40:31,082 [INFO] IPUIPlugin:80 - create IPUIPlugin
2025-05-27 09:40:31,082 [INFO] PluginManager:220 - loadIPPluginJar : add mdma
2025-05-27 09:40:31,084 [INFO] IPUIPlugin:80 - create IPUIPlugin
2025-05-27 09:40:31,085 [INFO] PluginManager:220 - loadIPPluginJar : add nvic
2025-05-27 09:40:31,087 [INFO] IPUIPlugin:80 - create IPUIPlugin
2025-05-27 09:40:31,087 [INFO] PluginManager:220 - loadIPPluginJar : add opamp
2025-05-27 09:40:31,089 [INFO] IPUIPlugin:80 - create IPUIPlugin
2025-05-27 09:40:31,089 [INFO] PluginManager:220 - loadIPPluginJar : add openamp
2025-05-27 09:40:31,091 [INFO] IPUIPlugin:80 - create IPUIPlugin
2025-05-27 09:40:31,091 [INFO] PluginManager:220 - loadIPPluginJar : add pdm2pcm
2025-05-27 09:40:31,096 [INFO] IPUIPlugin:80 - create IPUIPlugin
2025-05-27 09:40:31,097 [INFO] PluginManager:220 - loadIPPluginJar : add plateformsettings
2025-05-27 09:40:31,099 [INFO] IPUIPlugin:80 - create IPUIPlugin
2025-05-27 09:40:31,099 [INFO] PluginManager:220 - loadIPPluginJar : add quadspi
2025-05-27 09:40:31,101 [INFO] IPUIPlugin:80 - create IPUIPlugin
2025-05-27 09:40:31,102 [INFO] PluginManager:220 - loadIPPluginJar : add radio
2025-05-27 09:40:31,104 [INFO] IPUIPlugin:80 - create IPUIPlugin
2025-05-27 09:40:31,104 [INFO] PluginManager:220 - loadIPPluginJar : add resmgrutility
2025-05-27 09:40:31,106 [INFO] IPUIPlugin:80 - create IPUIPlugin
2025-05-27 09:40:31,106 [INFO] PluginManager:220 - loadIPPluginJar : add sai
2025-05-27 09:40:31,108 [INFO] IPUIPlugin:80 - create IPUIPlugin
2025-05-27 09:40:31,108 [INFO] PluginManager:220 - loadIPPluginJar : add spi
2025-05-27 09:40:31,112 [INFO] IPUIPlugin:80 - create IPUIPlugin
2025-05-27 09:40:31,112 [INFO] PluginManager:220 - loadIPPluginJar : add stm32_wpan
2025-05-27 09:40:31,114 [INFO] IPUIPlugin:80 - create IPUIPlugin
2025-05-27 09:40:31,114 [INFO] PluginManager:220 - loadIPPluginJar : add tim
2025-05-27 09:40:31,116 [INFO] IPUIPlugin:80 - create IPUIPlugin
2025-05-27 09:40:31,116 [INFO] PluginManager:220 - loadIPPluginJar : add touchsensing
2025-05-27 09:40:31,118 [INFO] IPUIPlugin:80 - create IPUIPlugin
2025-05-27 09:40:31,118 [INFO] PluginManager:220 - loadIPPluginJar : add tracer_emb
2025-05-27 09:40:31,119 [INFO] IPUIPlugin:80 - create IPUIPlugin
2025-05-27 09:40:31,119 [INFO] PluginManager:220 - loadIPPluginJar : add ts
2025-05-27 09:40:31,120 [INFO] IPUIPlugin:80 - create IPUIPlugin
2025-05-27 09:40:31,121 [INFO] PluginManager:220 - loadIPPluginJar : add tsc
2025-05-27 09:40:31,122 [INFO] IPUIPlugin:80 - create IPUIPlugin
2025-05-27 09:40:31,122 [INFO] PluginManager:220 - loadIPPluginJar : add ucpd
2025-05-27 09:40:31,124 [INFO] IPUIPlugin:80 - create IPUIPlugin
2025-05-27 09:40:31,124 [INFO] PluginManager:220 - loadIPPluginJar : add usart
2025-05-27 09:40:31,126 [INFO] IPUIPlugin:80 - create IPUIPlugin
2025-05-27 09:40:31,127 [INFO] PluginManager:220 - loadIPPluginJar : add usbx
2025-05-27 09:40:31,239 [FATAL] Updater:351 - Updater called before beeing initialized
2025-05-27 09:40:31,301 [INFO] RulesReader:64 - Compatibility file has been processed (302 Rules)
2025-05-27 09:40:31,310 [INFO] RulesReader:64 - Compatibility file has been processed (302 Rules)
2025-05-27 09:40:31,317 [INFO] CADModel:165 - CPN selected for project level
2025-05-27 09:40:31,317 [INFO] CADModel:114 - Register for checkConnection events
2025-05-27 09:40:31,317 [FATAL] Updater:351 - Updater called before beeing initialized
2025-05-27 09:40:31,317 [ERROR] CADModel:125 - Updater not yet initialized, retry later 
2025-05-27 09:40:31,445 [FATAL] Updater:351 - Updater called before beeing initialized
2025-05-27 09:40:31,447 [INFO] CADModel:165 - CPN selected for project level
2025-05-27 09:40:31,447 [INFO] CADModel:114 - Register for checkConnection events
2025-05-27 09:40:31,447 [FATAL] Updater:351 - Updater called before beeing initialized
2025-05-27 09:40:31,447 [ERROR] CADModel:125 - Updater not yet initialized, retry later 
2025-05-27 09:40:31,450 [FATAL] Updater:351 - Updater called before beeing initialized
2025-05-27 09:40:31,556 [FATAL] Updater:351 - Updater called before beeing initialized
2025-05-27 09:40:31,560 [INFO] DbMcusAds:53 - JSON generation date=Wed May 07 14:37:55 IST 2025 (1746608875638)
2025-05-27 09:40:31,560 [FATAL] Updater:351 - Updater called before beeing initialized
2025-05-27 09:40:31,588 [WARN] DetailPanel:346 - Failed to get advertising image, set to default
2025-05-27 09:40:31,811 [FATAL] Updater:351 - Updater called before beeing initialized
2025-05-27 09:40:31,812 [FATAL] Updater:351 - Updater called before beeing initialized
2025-05-27 09:40:31,812 [FATAL] Updater:351 - Updater called before beeing initialized
2025-05-27 09:40:31,812 [WARN] DetailPanel:346 - Failed to get advertising image, set to default
2025-05-27 09:40:31,813 [FATAL] Updater:351 - Updater called before beeing initialized
2025-05-27 09:40:31,853 [ERROR] Updater:1198 - MainUpdater not yet initialized. External WinMGr cannot be set.
2025-05-27 09:40:31,854 [INFO] Updater:1134 - Updater Version found : 6.14.1
2025-05-27 09:40:31,866 [INFO] ApplicationProperties:184 - Using Application install path: C:\ST\STM32CubeIDE_1.18.1\STM32CubeIDE\plugins\com.st.stm32cube.common.mx_6.14.1.202504091515
2025-05-27 09:40:33,435 [ERROR] LogOutputStream:75 - [STDERR_REDIRECT] May 27, 2025 9:40:33 AM java.util.prefs.WindowsPreferences <init>
2025-05-27 09:40:33,436 [ERROR] LogOutputStream:75 - [STDERR_REDIRECT] WARNING: Could not open/create prefs root node Software\JavaSoft\Prefs at root 0xffffffff80000002. Windows RegCreateKeyEx(...) returned error code 5.
2025-05-27 09:40:33,436 [ERROR] LogOutputStream:75 - [STDERR_REDIRECT] 
2025-05-27 09:40:33,665 [INFO] ThirdPartyUpdaterWithRetryManager:70 - Updater plugin not ready yet. [2/15]
2025-05-27 09:40:33,849 [INFO] MainUpdater:2872 - connection check result : 10
2025-05-27 09:40:33,851 [INFO] MainUpdater:289 - Updater Check For Update Now.
2025-05-27 09:40:33,851 [INFO] MicroXplorer:498 - Change Database Version : DB.6.0.141
2025-05-27 09:40:33,864 [INFO] McuFinderGlobals:63 - Set McuFinder mode to 2 (CubeIDE integrated)
2025-05-27 09:40:33,866 [INFO] UserAuth:484 - Internet connection configuration mode: 1
2025-05-27 09:40:33,924 [INFO] JxBrowserEngine:152 - Initiate JxBrowser Engine with user profile folder
2025-05-27 09:40:34,118 [INFO] CheckServerUpdateThread:120 - End of CheckServer Thread
2025-05-27 09:40:34,459 [INFO] WebApp:169 - Instantiating new browser for Auth
2025-05-27 09:40:34,984 [INFO] WebApp:463 - Apply proxy settings
2025-05-27 09:40:34,984 [INFO] WebApp:548 - Chromium requires no authentication
2025-05-27 09:40:34,989 [INFO] WebApp:491 - Direct internet connection detected
2025-05-27 09:40:35,005 [INFO] WebApp:894 - Register for checkConnection events
2025-05-27 09:40:35,005 [INFO] WebApp:463 - Apply proxy settings
2025-05-27 09:40:35,005 [INFO] WebApp:548 - Chromium requires no authentication
2025-05-27 09:40:35,006 [INFO] WebApp:491 - Direct internet connection detected
2025-05-27 09:40:35,119 [INFO] WebApp:225 - Starting web application
2025-05-27 09:40:35,119 [INFO] WebApp:593 - Web application path used C:\ST\STM32CubeIDE_1.18.1\STM32CubeIDE\plugins\com.st.stm32cube.common.mx_6.14.1.202504091515\db\plugins\mcufinder\reactClient1\index.html
2025-05-27 09:40:35,186 [INFO] UserAuth:484 - Internet connection configuration mode: 1
2025-05-27 09:40:35,247 [ERROR] LogOutputStream:75 - [STDERR_REDIRECT] [Fatal Error] :1:1: Premature end of file.
2025-05-27 09:40:35,248 [ERROR] LogOutputStream:75 - [STDERR_REDIRECT] 
2025-05-27 09:40:36,060 [INFO] WebApp:191 - Connection restablished
2025-05-27 09:40:36,298 [ERROR] LogOutputStream:75 - [STDERR_REDIRECT] [Fatal Error] :1:1: Premature end of file.
2025-05-27 09:40:36,299 [ERROR] LogOutputStream:75 - [STDERR_REDIRECT] 
2025-05-27 09:40:36,916 [ERROR] IntegrityCheckThread:93 - Unexpected exception IntegrityCheckThread Thread: Cannot read the array length because "<local8>" is null
2025-05-27 09:40:36,916 [INFO] IntegrityCheckThread:100 - exiting critical section [integrity check]
2025-05-27 09:40:36,917 [INFO] IntegrityCheckThread:103 - End integrity checks thread
2025-05-27 09:40:37,237 [ERROR] LogOutputStream:75 - [STDERR_REDIRECT] [Fatal Error] :1:1: Premature end of file.
2025-05-27 09:40:37,237 [ERROR] LogOutputStream:75 - [STDERR_REDIRECT] 
2025-05-27 09:40:38,303 [ERROR] LogOutputStream:75 - [STDERR_REDIRECT] [Fatal Error] :1:1: Premature end of file.
2025-05-27 09:40:38,304 [ERROR] LogOutputStream:75 - [STDERR_REDIRECT] 
2025-05-27 09:40:39,308 [ERROR] LogOutputStream:75 - [STDERR_REDIRECT] [Fatal Error] :1:1: Premature end of file.
2025-05-27 09:40:39,308 [ERROR] LogOutputStream:75 - [STDERR_REDIRECT] 
2025-05-27 09:40:40,299 [ERROR] LogOutputStream:75 - [STDERR_REDIRECT] [Fatal Error] :1:1: Premature end of file.
2025-05-27 09:40:40,299 [ERROR] LogOutputStream:75 - [STDERR_REDIRECT] 
2025-05-27 09:40:41,307 [ERROR] LogOutputStream:75 - [STDERR_REDIRECT] [Fatal Error] :1:1: Premature end of file.
2025-05-27 09:40:41,308 [ERROR] LogOutputStream:75 - [STDERR_REDIRECT] 
2025-05-27 09:40:42,283 [ERROR] LogOutputStream:75 - [STDERR_REDIRECT] [Fatal Error] :1:1: Premature end of file.
2025-05-27 09:40:42,284 [ERROR] LogOutputStream:75 - [STDERR_REDIRECT] 
2025-05-27 09:40:43,285 [ERROR] LogOutputStream:75 - [STDERR_REDIRECT] [Fatal Error] :1:1: Premature end of file.
2025-05-27 09:40:43,285 [ERROR] LogOutputStream:75 - [STDERR_REDIRECT] 
2025-05-27 09:40:44,310 [ERROR] LogOutputStream:75 - [STDERR_REDIRECT] [Fatal Error] :1:1: Premature end of file.
2025-05-27 09:40:44,311 [ERROR] LogOutputStream:75 - [STDERR_REDIRECT] 
2025-05-27 09:40:45,309 [ERROR] LogOutputStream:75 - [STDERR_REDIRECT] [Fatal Error] :1:1: Premature end of file.
2025-05-27 09:40:45,310 [ERROR] LogOutputStream:75 - [STDERR_REDIRECT] 
2025-05-27 09:40:46,301 [ERROR] LogOutputStream:75 - [STDERR_REDIRECT] [Fatal Error] :1:1: Premature end of file.
2025-05-27 09:40:46,302 [ERROR] LogOutputStream:75 - [STDERR_REDIRECT] 
2025-05-27 09:40:47,292 [ERROR] LogOutputStream:75 - [STDERR_REDIRECT] [Fatal Error] :1:1: Premature end of file.
2025-05-27 09:40:47,294 [ERROR] LogOutputStream:75 - [STDERR_REDIRECT] 
2025-05-27 09:40:48,248 [ERROR] LogOutputStream:75 - [STDERR_REDIRECT] [Fatal Error] :1:1: Premature end of file.
2025-05-27 09:40:48,249 [ERROR] LogOutputStream:75 - [STDERR_REDIRECT] 
2025-05-27 09:40:49,300 [ERROR] LogOutputStream:75 - [STDERR_REDIRECT] [Fatal Error] :1:1: Premature end of file.
2025-05-27 09:40:49,301 [ERROR] LogOutputStream:75 - [STDERR_REDIRECT] 
2025-05-27 09:40:50,303 [ERROR] LogOutputStream:75 - [STDERR_REDIRECT] [Fatal Error] :1:1: Premature end of file.
2025-05-27 09:40:50,304 [ERROR] LogOutputStream:75 - [STDERR_REDIRECT] 
2025-05-27 09:40:51,299 [ERROR] LogOutputStream:75 - [STDERR_REDIRECT] [Fatal Error] :1:1: Premature end of file.
2025-05-27 09:40:51,300 [ERROR] LogOutputStream:75 - [STDERR_REDIRECT] 
2025-05-27 09:40:52,300 [ERROR] LogOutputStream:75 - [STDERR_REDIRECT] [Fatal Error] :1:1: Premature end of file.
2025-05-27 09:40:52,300 [ERROR] LogOutputStream:75 - [STDERR_REDIRECT] 
2025-05-27 09:40:53,235 [ERROR] LogOutputStream:75 - [STDERR_REDIRECT] [Fatal Error] :1:1: Premature end of file.
2025-05-27 09:40:53,235 [ERROR] LogOutputStream:75 - [STDERR_REDIRECT] 
2025-05-27 09:40:54,304 [ERROR] LogOutputStream:75 - [STDERR_REDIRECT] [Fatal Error] :1:1: Premature end of file.
2025-05-27 09:40:54,304 [ERROR] LogOutputStream:75 - [STDERR_REDIRECT] 
2025-05-27 09:40:55,235 [ERROR] LogOutputStream:75 - [STDERR_REDIRECT] [Fatal Error] :1:1: Premature end of file.
2025-05-27 09:40:55,235 [ERROR] LogOutputStream:75 - [STDERR_REDIRECT] 
2025-05-27 09:40:56,239 [ERROR] LogOutputStream:75 - [STDERR_REDIRECT] [Fatal Error] :1:1: Premature end of file.
2025-05-27 09:40:56,240 [ERROR] LogOutputStream:75 - [STDERR_REDIRECT] 
2025-05-27 09:40:57,267 [ERROR] LogOutputStream:75 - [STDERR_REDIRECT] [Fatal Error] :1:1: Premature end of file.
2025-05-27 09:40:57,268 [ERROR] LogOutputStream:75 - [STDERR_REDIRECT] 
2025-05-27 09:40:58,308 [ERROR] LogOutputStream:75 - [STDERR_REDIRECT] [Fatal Error] :1:1: Premature end of file.
2025-05-27 09:40:58,308 [ERROR] LogOutputStream:75 - [STDERR_REDIRECT] 
2025-05-27 09:40:59,235 [ERROR] LogOutputStream:75 - [STDERR_REDIRECT] [Fatal Error] :1:1: Premature end of file.
2025-05-27 09:40:59,236 [ERROR] LogOutputStream:75 - [STDERR_REDIRECT] 
2025-05-27 09:41:00,235 [ERROR] LogOutputStream:75 - [STDERR_REDIRECT] [Fatal Error] :1:1: Premature end of file.
2025-05-27 09:41:00,236 [ERROR] LogOutputStream:75 - [STDERR_REDIRECT] 
2025-05-27 09:41:01,237 [ERROR] LogOutputStream:75 - [STDERR_REDIRECT] [Fatal Error] :1:1: Premature end of file.
2025-05-27 09:41:01,237 [ERROR] LogOutputStream:75 - [STDERR_REDIRECT] 
2025-05-27 09:41:02,253 [ERROR] LogOutputStream:75 - [STDERR_REDIRECT] [Fatal Error] :1:1: Premature end of file.
2025-05-27 09:41:02,253 [ERROR] LogOutputStream:75 - [STDERR_REDIRECT] 
2025-05-27 09:41:03,297 [ERROR] LogOutputStream:75 - [STDERR_REDIRECT] [Fatal Error] :1:1: Premature end of file.
2025-05-27 09:41:03,298 [ERROR] LogOutputStream:75 - [STDERR_REDIRECT] 
2025-05-27 09:41:04,250 [ERROR] LogOutputStream:75 - [STDERR_REDIRECT] [Fatal Error] :1:1: Premature end of file.
2025-05-27 09:41:04,250 [ERROR] LogOutputStream:75 - [STDERR_REDIRECT] 
2025-05-27 09:41:05,234 [ERROR] LogOutputStream:75 - [STDERR_REDIRECT] [Fatal Error] :1:1: Premature end of file.
2025-05-27 09:41:05,234 [ERROR] LogOutputStream:75 - [STDERR_REDIRECT] 
2025-05-27 09:41:06,233 [ERROR] LogOutputStream:75 - [STDERR_REDIRECT] [Fatal Error] :1:1: Premature end of file.
2025-05-27 09:41:06,233 [ERROR] LogOutputStream:75 - [STDERR_REDIRECT] 
2025-05-27 09:41:07,241 [ERROR] LogOutputStream:75 - [STDERR_REDIRECT] [Fatal Error] :1:1: Premature end of file.
2025-05-27 09:41:07,242 [ERROR] LogOutputStream:75 - [STDERR_REDIRECT] 
2025-05-27 09:41:08,236 [ERROR] LogOutputStream:75 - [STDERR_REDIRECT] [Fatal Error] :1:1: Premature end of file.
2025-05-27 09:41:08,236 [ERROR] LogOutputStream:75 - [STDERR_REDIRECT] 
2025-05-27 09:41:09,237 [ERROR] LogOutputStream:75 - [STDERR_REDIRECT] [Fatal Error] :1:1: Premature end of file.
2025-05-27 09:41:09,237 [ERROR] LogOutputStream:75 - [STDERR_REDIRECT] 
2025-05-27 09:41:10,250 [ERROR] LogOutputStream:75 - [STDERR_REDIRECT] [Fatal Error] :1:1: Premature end of file.
2025-05-27 09:41:10,250 [ERROR] LogOutputStream:75 - [STDERR_REDIRECT] 
2025-05-27 09:41:11,270 [ERROR] LogOutputStream:75 - [STDERR_REDIRECT] [Fatal Error] :1:1: Premature end of file.
2025-05-27 09:41:11,270 [ERROR] LogOutputStream:75 - [STDERR_REDIRECT] 
2025-05-27 09:41:12,267 [ERROR] LogOutputStream:75 - [STDERR_REDIRECT] [Fatal Error] :1:1: Premature end of file.
2025-05-27 09:41:12,267 [ERROR] LogOutputStream:75 - [STDERR_REDIRECT] 
2025-05-27 09:41:13,237 [ERROR] LogOutputStream:75 - [STDERR_REDIRECT] [Fatal Error] :1:1: Premature end of file.
2025-05-27 09:41:13,237 [ERROR] LogOutputStream:75 - [STDERR_REDIRECT] 
2025-05-27 09:41:14,262 [ERROR] LogOutputStream:75 - [STDERR_REDIRECT] [Fatal Error] :1:1: Premature end of file.
2025-05-27 09:41:14,262 [ERROR] LogOutputStream:75 - [STDERR_REDIRECT] 
2025-05-27 09:41:15,249 [ERROR] LogOutputStream:75 - [STDERR_REDIRECT] [Fatal Error] :1:1: Premature end of file.
2025-05-27 09:41:15,249 [ERROR] LogOutputStream:75 - [STDERR_REDIRECT] 
2025-05-27 09:41:16,233 [ERROR] LogOutputStream:75 - [STDERR_REDIRECT] [Fatal Error] :1:1: Premature end of file.
2025-05-27 09:41:16,233 [ERROR] LogOutputStream:75 - [STDERR_REDIRECT] 
2025-05-27 09:41:17,234 [ERROR] LogOutputStream:75 - [STDERR_REDIRECT] [Fatal Error] :1:1: Premature end of file.
2025-05-27 09:41:17,234 [ERROR] LogOutputStream:75 - [STDERR_REDIRECT] 
2025-05-27 09:41:18,234 [ERROR] LogOutputStream:75 - [STDERR_REDIRECT] [Fatal Error] :1:1: Premature end of file.
2025-05-27 09:41:18,235 [ERROR] LogOutputStream:75 - [STDERR_REDIRECT] 
2025-05-27 09:41:19,236 [ERROR] LogOutputStream:75 - [STDERR_REDIRECT] [Fatal Error] :1:1: Premature end of file.
2025-05-27 09:41:19,237 [ERROR] LogOutputStream:75 - [STDERR_REDIRECT] 
2025-05-27 09:41:20,276 [ERROR] LogOutputStream:75 - [STDERR_REDIRECT] [Fatal Error] :1:1: Premature end of file.
2025-05-27 09:41:20,277 [ERROR] LogOutputStream:75 - [STDERR_REDIRECT] 
2025-05-27 09:41:21,239 [ERROR] LogOutputStream:75 - [STDERR_REDIRECT] [Fatal Error] :1:1: Premature end of file.
2025-05-27 09:41:21,239 [ERROR] LogOutputStream:75 - [STDERR_REDIRECT] 
2025-05-27 09:41:22,287 [ERROR] LogOutputStream:75 - [STDERR_REDIRECT] [Fatal Error] :1:1: Premature end of file.
2025-05-27 09:41:22,287 [ERROR] LogOutputStream:75 - [STDERR_REDIRECT] 
2025-05-27 09:41:23,256 [ERROR] LogOutputStream:75 - [STDERR_REDIRECT] [Fatal Error] :1:1: Premature end of file.
2025-05-27 09:41:23,256 [ERROR] LogOutputStream:75 - [STDERR_REDIRECT] 
2025-05-27 09:41:24,306 [ERROR] LogOutputStream:75 - [STDERR_REDIRECT] [Fatal Error] :1:1: Premature end of file.
2025-05-27 09:41:24,306 [ERROR] LogOutputStream:75 - [STDERR_REDIRECT] 
2025-05-27 09:41:25,258 [ERROR] LogOutputStream:75 - [STDERR_REDIRECT] [Fatal Error] :1:1: Premature end of file.
2025-05-27 09:41:25,258 [ERROR] LogOutputStream:75 - [STDERR_REDIRECT] 
2025-05-27 09:41:26,248 [ERROR] LogOutputStream:75 - [STDERR_REDIRECT] [Fatal Error] :1:1: Premature end of file.
2025-05-27 09:41:26,249 [ERROR] LogOutputStream:75 - [STDERR_REDIRECT] 
2025-05-27 09:41:27,255 [ERROR] LogOutputStream:75 - [STDERR_REDIRECT] [Fatal Error] :1:1: Premature end of file.
2025-05-27 09:41:27,255 [ERROR] LogOutputStream:75 - [STDERR_REDIRECT] 
2025-05-27 09:41:28,304 [ERROR] LogOutputStream:75 - [STDERR_REDIRECT] [Fatal Error] :1:1: Premature end of file.
2025-05-27 09:41:28,304 [ERROR] LogOutputStream:75 - [STDERR_REDIRECT] 
2025-05-27 09:41:29,246 [ERROR] LogOutputStream:75 - [STDERR_REDIRECT] [Fatal Error] :1:1: Premature end of file.
2025-05-27 09:41:29,247 [ERROR] LogOutputStream:75 - [STDERR_REDIRECT] 
2025-05-27 09:41:30,240 [ERROR] LogOutputStream:75 - [STDERR_REDIRECT] [Fatal Error] :1:1: Premature end of file.
2025-05-27 09:41:30,241 [ERROR] LogOutputStream:75 - [STDERR_REDIRECT] 
2025-05-27 09:41:31,316 [ERROR] LogOutputStream:75 - [STDERR_REDIRECT] [Fatal Error] :1:1: Premature end of file.
2025-05-27 09:41:31,317 [ERROR] LogOutputStream:75 - [STDERR_REDIRECT] 
2025-05-27 09:41:32,236 [ERROR] LogOutputStream:75 - [STDERR_REDIRECT] [Fatal Error] :1:1: Premature end of file.
2025-05-27 09:41:32,237 [ERROR] LogOutputStream:75 - [STDERR_REDIRECT] 
2025-05-27 09:41:33,237 [ERROR] LogOutputStream:75 - [STDERR_REDIRECT] [Fatal Error] :1:1: Premature end of file.
2025-05-27 09:41:33,237 [ERROR] LogOutputStream:75 - [STDERR_REDIRECT] 
2025-05-27 09:41:34,288 [ERROR] LogOutputStream:75 - [STDERR_REDIRECT] [Fatal Error] :1:1: Premature end of file.
2025-05-27 09:41:34,289 [ERROR] LogOutputStream:75 - [STDERR_REDIRECT] 
2025-05-27 09:41:35,241 [ERROR] LogOutputStream:75 - [STDERR_REDIRECT] [Fatal Error] :1:1: Premature end of file.
2025-05-27 09:41:35,241 [ERROR] LogOutputStream:75 - [STDERR_REDIRECT] 
2025-05-27 09:41:36,304 [ERROR] LogOutputStream:75 - [STDERR_REDIRECT] [Fatal Error] :1:1: Premature end of file.
2025-05-27 09:41:36,304 [ERROR] LogOutputStream:75 - [STDERR_REDIRECT] 
2025-05-27 09:41:37,235 [ERROR] LogOutputStream:75 - [STDERR_REDIRECT] [Fatal Error] :1:1: Premature end of file.
2025-05-27 09:41:37,235 [ERROR] LogOutputStream:75 - [STDERR_REDIRECT] 
2025-05-27 09:41:38,233 [ERROR] LogOutputStream:75 - [STDERR_REDIRECT] [Fatal Error] :1:1: Premature end of file.
2025-05-27 09:41:38,233 [ERROR] LogOutputStream:75 - [STDERR_REDIRECT] 
2025-05-27 09:41:39,252 [ERROR] LogOutputStream:75 - [STDERR_REDIRECT] [Fatal Error] :1:1: Premature end of file.
2025-05-27 09:41:39,253 [ERROR] LogOutputStream:75 - [STDERR_REDIRECT] 
2025-05-27 09:41:40,302 [ERROR] LogOutputStream:75 - [STDERR_REDIRECT] [Fatal Error] :1:1: Premature end of file.
2025-05-27 09:41:40,302 [ERROR] LogOutputStream:75 - [STDERR_REDIRECT] 
2025-05-27 09:41:41,297 [ERROR] LogOutputStream:75 - [STDERR_REDIRECT] [Fatal Error] :1:1: Premature end of file.
2025-05-27 09:41:41,297 [ERROR] LogOutputStream:75 - [STDERR_REDIRECT] 
2025-05-27 09:41:42,237 [ERROR] LogOutputStream:75 - [STDERR_REDIRECT] [Fatal Error] :1:1: Premature end of file.
2025-05-27 09:41:42,238 [ERROR] LogOutputStream:75 - [STDERR_REDIRECT] 
2025-05-27 09:41:43,298 [ERROR] LogOutputStream:75 - [STDERR_REDIRECT] [Fatal Error] :1:1: Premature end of file.
2025-05-27 09:41:43,299 [ERROR] LogOutputStream:75 - [STDERR_REDIRECT] 
2025-05-27 09:41:44,288 [ERROR] LogOutputStream:75 - [STDERR_REDIRECT] [Fatal Error] :1:1: Premature end of file.
2025-05-27 09:41:44,288 [ERROR] LogOutputStream:75 - [STDERR_REDIRECT] 
2025-05-27 09:41:45,291 [ERROR] LogOutputStream:75 - [STDERR_REDIRECT] [Fatal Error] :1:1: Premature end of file.
2025-05-27 09:41:45,292 [ERROR] LogOutputStream:75 - [STDERR_REDIRECT] 
2025-05-27 09:41:46,300 [ERROR] LogOutputStream:75 - [STDERR_REDIRECT] [Fatal Error] :1:1: Premature end of file.
2025-05-27 09:41:46,300 [ERROR] LogOutputStream:75 - [STDERR_REDIRECT] 
2025-05-27 09:41:47,239 [ERROR] LogOutputStream:75 - [STDERR_REDIRECT] [Fatal Error] :1:1: Premature end of file.
2025-05-27 09:41:47,239 [ERROR] LogOutputStream:75 - [STDERR_REDIRECT] 
2025-05-27 09:41:48,234 [ERROR] LogOutputStream:75 - [STDERR_REDIRECT] [Fatal Error] :1:1: Premature end of file.
2025-05-27 09:41:48,235 [ERROR] LogOutputStream:75 - [STDERR_REDIRECT] 
2025-05-27 09:41:49,278 [ERROR] LogOutputStream:75 - [STDERR_REDIRECT] [Fatal Error] :1:1: Premature end of file.
2025-05-27 09:41:49,278 [ERROR] LogOutputStream:75 - [STDERR_REDIRECT] 
2025-05-27 09:41:50,234 [ERROR] LogOutputStream:75 - [STDERR_REDIRECT] [Fatal Error] :1:1: Premature end of file.
2025-05-27 09:41:50,235 [ERROR] LogOutputStream:75 - [STDERR_REDIRECT] 
2025-05-27 09:41:51,233 [ERROR] LogOutputStream:75 - [STDERR_REDIRECT] [Fatal Error] :1:1: Premature end of file.
2025-05-27 09:41:51,234 [ERROR] LogOutputStream:75 - [STDERR_REDIRECT] 
2025-05-27 09:41:52,241 [ERROR] LogOutputStream:75 - [STDERR_REDIRECT] [Fatal Error] :1:1: Premature end of file.
2025-05-27 09:41:52,241 [ERROR] LogOutputStream:75 - [STDERR_REDIRECT] 
2025-05-27 09:41:53,234 [ERROR] LogOutputStream:75 - [STDERR_REDIRECT] [Fatal Error] :1:1: Premature end of file.
2025-05-27 09:41:53,235 [ERROR] LogOutputStream:75 - [STDERR_REDIRECT] 
2025-05-27 09:41:54,243 [ERROR] LogOutputStream:75 - [STDERR_REDIRECT] [Fatal Error] :1:1: Premature end of file.
2025-05-27 09:41:54,243 [ERROR] LogOutputStream:75 - [STDERR_REDIRECT] 
2025-05-27 09:41:55,233 [ERROR] LogOutputStream:75 - [STDERR_REDIRECT] [Fatal Error] :1:1: Premature end of file.
2025-05-27 09:41:55,233 [ERROR] LogOutputStream:75 - [STDERR_REDIRECT] 
2025-05-27 09:41:56,308 [ERROR] LogOutputStream:75 - [STDERR_REDIRECT] [Fatal Error] :1:1: Premature end of file.
2025-05-27 09:41:56,308 [ERROR] LogOutputStream:75 - [STDERR_REDIRECT] 
2025-05-27 09:41:57,284 [ERROR] LogOutputStream:75 - [STDERR_REDIRECT] [Fatal Error] :1:1: Premature end of file.
2025-05-27 09:41:57,284 [ERROR] LogOutputStream:75 - [STDERR_REDIRECT] 
2025-05-27 09:41:58,233 [ERROR] LogOutputStream:75 - [STDERR_REDIRECT] [Fatal Error] :1:1: Premature end of file.
2025-05-27 09:41:58,233 [ERROR] LogOutputStream:75 - [STDERR_REDIRECT] 
2025-05-27 09:41:59,273 [ERROR] LogOutputStream:75 - [STDERR_REDIRECT] [Fatal Error] :1:1: Premature end of file.
2025-05-27 09:41:59,273 [ERROR] LogOutputStream:75 - [STDERR_REDIRECT] 
2025-05-27 09:42:00,240 [ERROR] LogOutputStream:75 - [STDERR_REDIRECT] [Fatal Error] :1:1: Premature end of file.
2025-05-27 09:42:00,240 [ERROR] LogOutputStream:75 - [STDERR_REDIRECT] 
2025-05-27 09:42:01,292 [ERROR] LogOutputStream:75 - [STDERR_REDIRECT] [Fatal Error] :1:1: Premature end of file.
2025-05-27 09:42:01,293 [ERROR] LogOutputStream:75 - [STDERR_REDIRECT] 
2025-05-27 09:42:02,311 [ERROR] LogOutputStream:75 - [STDERR_REDIRECT] [Fatal Error] :1:1: Premature end of file.
2025-05-27 09:42:02,312 [ERROR] LogOutputStream:75 - [STDERR_REDIRECT] 
2025-05-27 09:42:03,303 [ERROR] LogOutputStream:75 - [STDERR_REDIRECT] [Fatal Error] :1:1: Premature end of file.
2025-05-27 09:42:03,303 [ERROR] LogOutputStream:75 - [STDERR_REDIRECT] 
2025-05-27 09:42:04,305 [ERROR] LogOutputStream:75 - [STDERR_REDIRECT] [Fatal Error] :1:1: Premature end of file.
2025-05-27 09:42:04,305 [ERROR] LogOutputStream:75 - [STDERR_REDIRECT] 
2025-05-27 09:42:05,307 [ERROR] LogOutputStream:75 - [STDERR_REDIRECT] [Fatal Error] :1:1: Premature end of file.
2025-05-27 09:42:05,308 [ERROR] LogOutputStream:75 - [STDERR_REDIRECT] 
2025-05-27 09:42:06,295 [ERROR] LogOutputStream:75 - [STDERR_REDIRECT] [Fatal Error] :1:1: Premature end of file.
2025-05-27 09:42:06,296 [ERROR] LogOutputStream:75 - [STDERR_REDIRECT] 
2025-05-27 09:42:07,247 [ERROR] LogOutputStream:75 - [STDERR_REDIRECT] [Fatal Error] :1:1: Premature end of file.
2025-05-27 09:42:07,247 [ERROR] LogOutputStream:75 - [STDERR_REDIRECT] 
2025-05-27 09:42:08,235 [ERROR] LogOutputStream:75 - [STDERR_REDIRECT] [Fatal Error] :1:1: Premature end of file.
2025-05-27 09:42:08,235 [ERROR] LogOutputStream:75 - [STDERR_REDIRECT] 
2025-05-27 09:42:09,309 [ERROR] LogOutputStream:75 - [STDERR_REDIRECT] [Fatal Error] :1:1: Premature end of file.
2025-05-27 09:42:09,310 [ERROR] LogOutputStream:75 - [STDERR_REDIRECT] 
2025-05-27 09:42:10,299 [ERROR] LogOutputStream:75 - [STDERR_REDIRECT] [Fatal Error] :1:1: Premature end of file.
2025-05-27 09:42:10,300 [ERROR] LogOutputStream:75 - [STDERR_REDIRECT] 
2025-05-27 09:42:11,306 [ERROR] LogOutputStream:75 - [STDERR_REDIRECT] [Fatal Error] :1:1: Premature end of file.
2025-05-27 09:42:11,307 [ERROR] LogOutputStream:75 - [STDERR_REDIRECT] 
2025-05-27 09:42:12,300 [ERROR] LogOutputStream:75 - [STDERR_REDIRECT] [Fatal Error] :1:1: Premature end of file.
2025-05-27 09:42:12,301 [ERROR] LogOutputStream:75 - [STDERR_REDIRECT] 
2025-05-27 09:42:13,273 [ERROR] LogOutputStream:75 - [STDERR_REDIRECT] [Fatal Error] :1:1: Premature end of file.
2025-05-27 09:42:13,273 [ERROR] LogOutputStream:75 - [STDERR_REDIRECT] 
2025-05-27 09:42:14,273 [ERROR] LogOutputStream:75 - [STDERR_REDIRECT] [Fatal Error] :1:1: Premature end of file.
2025-05-27 09:42:14,273 [ERROR] LogOutputStream:75 - [STDERR_REDIRECT] 
2025-05-27 09:42:15,290 [ERROR] LogOutputStream:75 - [STDERR_REDIRECT] [Fatal Error] :1:1: Premature end of file.
2025-05-27 09:42:15,291 [ERROR] LogOutputStream:75 - [STDERR_REDIRECT] 
2025-05-27 09:42:16,267 [ERROR] LogOutputStream:75 - [STDERR_REDIRECT] [Fatal Error] :1:1: Premature end of file.
2025-05-27 09:42:16,267 [ERROR] LogOutputStream:75 - [STDERR_REDIRECT] 
2025-05-27 09:42:17,305 [ERROR] LogOutputStream:75 - [STDERR_REDIRECT] [Fatal Error] :1:1: Premature end of file.
2025-05-27 09:42:17,305 [ERROR] LogOutputStream:75 - [STDERR_REDIRECT] 
2025-05-27 09:42:18,241 [ERROR] LogOutputStream:75 - [STDERR_REDIRECT] [Fatal Error] :1:1: Premature end of file.
2025-05-27 09:42:18,241 [ERROR] LogOutputStream:75 - [STDERR_REDIRECT] 
2025-05-27 09:42:19,302 [ERROR] LogOutputStream:75 - [STDERR_REDIRECT] [Fatal Error] :1:1: Premature end of file.
2025-05-27 09:42:19,302 [ERROR] LogOutputStream:75 - [STDERR_REDIRECT] 
2025-05-27 09:42:20,295 [ERROR] LogOutputStream:75 - [STDERR_REDIRECT] [Fatal Error] :1:1: Premature end of file.
2025-05-27 09:42:20,295 [ERROR] LogOutputStream:75 - [STDERR_REDIRECT] 
2025-05-27 09:42:21,287 [ERROR] LogOutputStream:75 - [STDERR_REDIRECT] [Fatal Error] :1:1: Premature end of file.
2025-05-27 09:42:21,288 [ERROR] LogOutputStream:75 - [STDERR_REDIRECT] 
2025-05-27 09:42:22,275 [ERROR] LogOutputStream:75 - [STDERR_REDIRECT] [Fatal Error] :1:1: Premature end of file.
2025-05-27 09:42:22,275 [ERROR] LogOutputStream:75 - [STDERR_REDIRECT] 
2025-05-27 09:42:23,292 [ERROR] LogOutputStream:75 - [STDERR_REDIRECT] [Fatal Error] :1:1: Premature end of file.
2025-05-27 09:42:23,292 [ERROR] LogOutputStream:75 - [STDERR_REDIRECT] 
2025-05-27 09:42:24,288 [ERROR] LogOutputStream:75 - [STDERR_REDIRECT] [Fatal Error] :1:1: Premature end of file.
2025-05-27 09:42:24,288 [ERROR] LogOutputStream:75 - [STDERR_REDIRECT] 
2025-05-27 09:42:25,283 [ERROR] LogOutputStream:75 - [STDERR_REDIRECT] [Fatal Error] :1:1: Premature end of file.
2025-05-27 09:42:25,283 [ERROR] LogOutputStream:75 - [STDERR_REDIRECT] 
2025-05-27 09:42:26,295 [ERROR] LogOutputStream:75 - [STDERR_REDIRECT] [Fatal Error] :1:1: Premature end of file.
2025-05-27 09:42:26,295 [ERROR] LogOutputStream:75 - [STDERR_REDIRECT] 
2025-05-27 09:42:27,308 [ERROR] LogOutputStream:75 - [STDERR_REDIRECT] [Fatal Error] :1:1: Premature end of file.
2025-05-27 09:42:27,308 [ERROR] LogOutputStream:75 - [STDERR_REDIRECT] 
2025-05-27 09:42:28,238 [ERROR] LogOutputStream:75 - [STDERR_REDIRECT] [Fatal Error] :1:1: Premature end of file.
2025-05-27 09:42:28,238 [ERROR] LogOutputStream:75 - [STDERR_REDIRECT] 
2025-05-27 09:42:29,321 [ERROR] LogOutputStream:75 - [STDERR_REDIRECT] [Fatal Error] :1:1: Premature end of file.
2025-05-27 09:42:29,321 [ERROR] LogOutputStream:75 - [STDERR_REDIRECT] 
2025-05-27 09:42:30,267 [ERROR] LogOutputStream:75 - [STDERR_REDIRECT] [Fatal Error] :1:1: Premature end of file.
2025-05-27 09:42:30,267 [ERROR] LogOutputStream:75 - [STDERR_REDIRECT] 
2025-05-27 09:42:31,296 [ERROR] LogOutputStream:75 - [STDERR_REDIRECT] [Fatal Error] :1:1: Premature end of file.
2025-05-27 09:42:31,296 [ERROR] LogOutputStream:75 - [STDERR_REDIRECT] 
2025-05-27 09:42:32,309 [ERROR] LogOutputStream:75 - [STDERR_REDIRECT] [Fatal Error] :1:1: Premature end of file.
2025-05-27 09:42:32,309 [ERROR] LogOutputStream:75 - [STDERR_REDIRECT] 
2025-05-27 09:42:33,303 [ERROR] LogOutputStream:75 - [STDERR_REDIRECT] [Fatal Error] :1:1: Premature end of file.
2025-05-27 09:42:33,304 [ERROR] LogOutputStream:75 - [STDERR_REDIRECT] 
2025-05-27 09:42:34,304 [ERROR] LogOutputStream:75 - [STDERR_REDIRECT] [Fatal Error] :1:1: Premature end of file.
2025-05-27 09:42:34,305 [ERROR] LogOutputStream:75 - [STDERR_REDIRECT] 
2025-05-27 09:42:35,235 [ERROR] LogOutputStream:75 - [STDERR_REDIRECT] [Fatal Error] :1:1: Premature end of file.
2025-05-27 09:42:35,235 [ERROR] LogOutputStream:75 - [STDERR_REDIRECT] 
2025-05-27 09:42:36,299 [ERROR] LogOutputStream:75 - [STDERR_REDIRECT] [Fatal Error] :1:1: Premature end of file.
2025-05-27 09:42:36,300 [ERROR] LogOutputStream:75 - [STDERR_REDIRECT] 
2025-05-27 09:42:37,305 [ERROR] LogOutputStream:75 - [STDERR_REDIRECT] [Fatal Error] :1:1: Premature end of file.
2025-05-27 09:42:37,306 [ERROR] LogOutputStream:75 - [STDERR_REDIRECT] 
2025-05-27 09:42:38,306 [ERROR] LogOutputStream:75 - [STDERR_REDIRECT] [Fatal Error] :1:1: Premature end of file.
2025-05-27 09:42:38,306 [ERROR] LogOutputStream:75 - [STDERR_REDIRECT] 
2025-05-27 09:42:39,306 [ERROR] LogOutputStream:75 - [STDERR_REDIRECT] [Fatal Error] :1:1: Premature end of file.
2025-05-27 09:42:39,306 [ERROR] LogOutputStream:75 - [STDERR_REDIRECT] 
2025-05-27 09:42:40,302 [ERROR] LogOutputStream:75 - [STDERR_REDIRECT] [Fatal Error] :1:1: Premature end of file.
2025-05-27 09:42:40,303 [ERROR] LogOutputStream:75 - [STDERR_REDIRECT] 
2025-05-27 09:42:41,301 [ERROR] LogOutputStream:75 - [STDERR_REDIRECT] [Fatal Error] :1:1: Premature end of file.
2025-05-27 09:42:41,301 [ERROR] LogOutputStream:75 - [STDERR_REDIRECT] 
2025-05-27 09:42:42,301 [ERROR] LogOutputStream:75 - [STDERR_REDIRECT] [Fatal Error] :1:1: Premature end of file.
2025-05-27 09:42:42,301 [ERROR] LogOutputStream:75 - [STDERR_REDIRECT] 
2025-05-27 09:42:43,296 [ERROR] LogOutputStream:75 - [STDERR_REDIRECT] [Fatal Error] :1:1: Premature end of file.
2025-05-27 09:42:43,297 [ERROR] LogOutputStream:75 - [STDERR_REDIRECT] 
2025-05-27 09:42:44,301 [ERROR] LogOutputStream:75 - [STDERR_REDIRECT] [Fatal Error] :1:1: Premature end of file.
2025-05-27 09:42:44,302 [ERROR] LogOutputStream:75 - [STDERR_REDIRECT] 
2025-05-27 09:42:45,300 [ERROR] LogOutputStream:75 - [STDERR_REDIRECT] [Fatal Error] :1:1: Premature end of file.
2025-05-27 09:42:45,301 [ERROR] LogOutputStream:75 - [STDERR_REDIRECT] 
2025-05-27 09:42:46,278 [ERROR] LogOutputStream:75 - [STDERR_REDIRECT] [Fatal Error] :1:1: Premature end of file.
2025-05-27 09:42:46,279 [ERROR] LogOutputStream:75 - [STDERR_REDIRECT] 
2025-05-27 09:42:47,303 [ERROR] LogOutputStream:75 - [STDERR_REDIRECT] [Fatal Error] :1:1: Premature end of file.
2025-05-27 09:42:47,303 [ERROR] LogOutputStream:75 - [STDERR_REDIRECT] 
2025-05-27 09:42:48,302 [ERROR] LogOutputStream:75 - [STDERR_REDIRECT] [Fatal Error] :1:1: Premature end of file.
2025-05-27 09:42:48,302 [ERROR] LogOutputStream:75 - [STDERR_REDIRECT] 
2025-05-27 09:42:49,303 [ERROR] LogOutputStream:75 - [STDERR_REDIRECT] [Fatal Error] :1:1: Premature end of file.
2025-05-27 09:42:49,303 [ERROR] LogOutputStream:75 - [STDERR_REDIRECT] 
2025-05-27 09:42:50,292 [ERROR] LogOutputStream:75 - [STDERR_REDIRECT] [Fatal Error] :1:1: Premature end of file.
2025-05-27 09:42:50,292 [ERROR] LogOutputStream:75 - [STDERR_REDIRECT] 
2025-05-27 09:42:51,300 [ERROR] LogOutputStream:75 - [STDERR_REDIRECT] [Fatal Error] :1:1: Premature end of file.
2025-05-27 09:42:51,302 [ERROR] LogOutputStream:75 - [STDERR_REDIRECT] 
2025-05-27 09:42:52,304 [ERROR] LogOutputStream:75 - [STDERR_REDIRECT] [Fatal Error] :1:1: Premature end of file.
2025-05-27 09:42:52,305 [ERROR] LogOutputStream:75 - [STDERR_REDIRECT] 
2025-05-27 09:42:53,296 [ERROR] LogOutputStream:75 - [STDERR_REDIRECT] [Fatal Error] :1:1: Premature end of file.
2025-05-27 09:42:53,296 [ERROR] LogOutputStream:75 - [STDERR_REDIRECT] 
2025-05-27 09:42:54,300 [ERROR] LogOutputStream:75 - [STDERR_REDIRECT] [Fatal Error] :1:1: Premature end of file.
2025-05-27 09:42:54,301 [ERROR] LogOutputStream:75 - [STDERR_REDIRECT] 
2025-05-27 09:42:55,300 [ERROR] LogOutputStream:75 - [STDERR_REDIRECT] [Fatal Error] :1:1: Premature end of file.
2025-05-27 09:42:55,301 [ERROR] LogOutputStream:75 - [STDERR_REDIRECT] 
2025-05-27 09:42:56,289 [ERROR] LogOutputStream:75 - [STDERR_REDIRECT] [Fatal Error] :1:1: Premature end of file.
2025-05-27 09:42:56,289 [ERROR] LogOutputStream:75 - [STDERR_REDIRECT] 
2025-05-27 09:42:57,303 [ERROR] LogOutputStream:75 - [STDERR_REDIRECT] [Fatal Error] :1:1: Premature end of file.
2025-05-27 09:42:57,304 [ERROR] LogOutputStream:75 - [STDERR_REDIRECT] 
2025-05-27 09:42:58,302 [ERROR] LogOutputStream:75 - [STDERR_REDIRECT] [Fatal Error] :1:1: Premature end of file.
2025-05-27 09:42:58,302 [ERROR] LogOutputStream:75 - [STDERR_REDIRECT] 
2025-05-27 09:42:59,304 [ERROR] LogOutputStream:75 - [STDERR_REDIRECT] [Fatal Error] :1:1: Premature end of file.
2025-05-27 09:42:59,304 [ERROR] LogOutputStream:75 - [STDERR_REDIRECT] 
2025-05-27 09:43:00,309 [ERROR] LogOutputStream:75 - [STDERR_REDIRECT] [Fatal Error] :1:1: Premature end of file.
2025-05-27 09:43:00,310 [ERROR] LogOutputStream:75 - [STDERR_REDIRECT] 
2025-05-27 09:43:01,301 [ERROR] LogOutputStream:75 - [STDERR_REDIRECT] [Fatal Error] :1:1: Premature end of file.
2025-05-27 09:43:01,301 [ERROR] LogOutputStream:75 - [STDERR_REDIRECT] 
2025-05-27 09:43:02,308 [ERROR] LogOutputStream:75 - [STDERR_REDIRECT] [Fatal Error] :1:1: Premature end of file.
2025-05-27 09:43:02,309 [ERROR] LogOutputStream:75 - [STDERR_REDIRECT] 
2025-05-27 09:43:03,305 [ERROR] LogOutputStream:75 - [STDERR_REDIRECT] [Fatal Error] :1:1: Premature end of file.
2025-05-27 09:43:03,306 [ERROR] LogOutputStream:75 - [STDERR_REDIRECT] 
2025-05-27 09:43:04,304 [ERROR] LogOutputStream:75 - [STDERR_REDIRECT] [Fatal Error] :1:1: Premature end of file.
2025-05-27 09:43:04,305 [ERROR] LogOutputStream:75 - [STDERR_REDIRECT] 
2025-05-27 09:43:05,302 [ERROR] LogOutputStream:75 - [STDERR_REDIRECT] [Fatal Error] :1:1: Premature end of file.
2025-05-27 09:43:05,303 [ERROR] LogOutputStream:75 - [STDERR_REDIRECT] 
2025-05-27 09:43:06,300 [ERROR] LogOutputStream:75 - [STDERR_REDIRECT] [Fatal Error] :1:1: Premature end of file.
2025-05-27 09:43:06,300 [ERROR] LogOutputStream:75 - [STDERR_REDIRECT] 
2025-05-27 09:43:07,234 [ERROR] LogOutputStream:75 - [STDERR_REDIRECT] [Fatal Error] :1:1: Premature end of file.
2025-05-27 09:43:07,235 [ERROR] LogOutputStream:75 - [STDERR_REDIRECT] 
2025-05-27 09:43:08,235 [ERROR] LogOutputStream:75 - [STDERR_REDIRECT] [Fatal Error] :1:1: Premature end of file.
2025-05-27 09:43:08,236 [ERROR] LogOutputStream:75 - [STDERR_REDIRECT] 
2025-05-27 09:43:09,307 [ERROR] LogOutputStream:75 - [STDERR_REDIRECT] [Fatal Error] :1:1: Premature end of file.
2025-05-27 09:43:09,307 [ERROR] LogOutputStream:75 - [STDERR_REDIRECT] 
2025-05-27 09:43:10,300 [ERROR] LogOutputStream:75 - [STDERR_REDIRECT] [Fatal Error] :1:1: Premature end of file.
2025-05-27 09:43:10,301 [ERROR] LogOutputStream:75 - [STDERR_REDIRECT] 
2025-05-27 09:43:11,285 [ERROR] LogOutputStream:75 - [STDERR_REDIRECT] [Fatal Error] :1:1: Premature end of file.
2025-05-27 09:43:11,285 [ERROR] LogOutputStream:75 - [STDERR_REDIRECT] 
2025-05-27 09:43:12,303 [ERROR] LogOutputStream:75 - [STDERR_REDIRECT] [Fatal Error] :1:1: Premature end of file.
2025-05-27 09:43:12,303 [ERROR] LogOutputStream:75 - [STDERR_REDIRECT] 
2025-05-27 09:43:13,306 [ERROR] LogOutputStream:75 - [STDERR_REDIRECT] [Fatal Error] :1:1: Premature end of file.
2025-05-27 09:43:13,306 [ERROR] LogOutputStream:75 - [STDERR_REDIRECT] 
2025-05-27 09:43:14,302 [ERROR] LogOutputStream:75 - [STDERR_REDIRECT] [Fatal Error] :1:1: Premature end of file.
2025-05-27 09:43:14,302 [ERROR] LogOutputStream:75 - [STDERR_REDIRECT] 
2025-05-27 09:43:15,297 [ERROR] LogOutputStream:75 - [STDERR_REDIRECT] [Fatal Error] :1:1: Premature end of file.
2025-05-27 09:43:15,297 [ERROR] LogOutputStream:75 - [STDERR_REDIRECT] 
2025-05-27 09:43:16,300 [ERROR] LogOutputStream:75 - [STDERR_REDIRECT] [Fatal Error] :1:1: Premature end of file.
2025-05-27 09:43:16,300 [ERROR] LogOutputStream:75 - [STDERR_REDIRECT] 
2025-05-27 09:43:17,295 [ERROR] LogOutputStream:75 - [STDERR_REDIRECT] [Fatal Error] :1:1: Premature end of file.
2025-05-27 09:43:17,296 [ERROR] LogOutputStream:75 - [STDERR_REDIRECT] 
2025-05-27 09:43:18,262 [ERROR] LogOutputStream:75 - [STDERR_REDIRECT] [Fatal Error] :1:1: Premature end of file.
2025-05-27 09:43:18,262 [ERROR] LogOutputStream:75 - [STDERR_REDIRECT] 
2025-05-27 09:43:19,286 [ERROR] LogOutputStream:75 - [STDERR_REDIRECT] [Fatal Error] :1:1: Premature end of file.
2025-05-27 09:43:19,286 [ERROR] LogOutputStream:75 - [STDERR_REDIRECT] 
2025-05-27 09:43:20,232 [ERROR] LogOutputStream:75 - [STDERR_REDIRECT] [Fatal Error] :1:1: Premature end of file.
2025-05-27 09:43:20,232 [ERROR] LogOutputStream:75 - [STDERR_REDIRECT] 
2025-05-27 09:43:21,310 [ERROR] LogOutputStream:75 - [STDERR_REDIRECT] [Fatal Error] :1:1: Premature end of file.
2025-05-27 09:43:21,311 [ERROR] LogOutputStream:75 - [STDERR_REDIRECT] 
2025-05-27 09:43:22,235 [ERROR] LogOutputStream:75 - [STDERR_REDIRECT] [Fatal Error] :1:1: Premature end of file.
2025-05-27 09:43:22,236 [ERROR] LogOutputStream:75 - [STDERR_REDIRECT] 
2025-05-27 09:43:23,240 [ERROR] LogOutputStream:75 - [STDERR_REDIRECT] [Fatal Error] :1:1: Premature end of file.
2025-05-27 09:43:23,240 [ERROR] LogOutputStream:75 - [STDERR_REDIRECT] 
2025-05-27 09:43:24,269 [ERROR] LogOutputStream:75 - [STDERR_REDIRECT] [Fatal Error] :1:1: Premature end of file.
2025-05-27 09:43:24,269 [ERROR] LogOutputStream:75 - [STDERR_REDIRECT] 
2025-05-27 09:43:25,299 [ERROR] LogOutputStream:75 - [STDERR_REDIRECT] [Fatal Error] :1:1: Premature end of file.
2025-05-27 09:43:25,299 [ERROR] LogOutputStream:75 - [STDERR_REDIRECT] 
2025-05-27 09:43:26,233 [ERROR] LogOutputStream:75 - [STDERR_REDIRECT] [Fatal Error] :1:1: Premature end of file.
2025-05-27 09:43:26,233 [ERROR] LogOutputStream:75 - [STDERR_REDIRECT] 
2025-05-27 09:43:27,268 [ERROR] LogOutputStream:75 - [STDERR_REDIRECT] [Fatal Error] :1:1: Premature end of file.
2025-05-27 09:43:27,268 [ERROR] LogOutputStream:75 - [STDERR_REDIRECT] 
2025-05-27 09:43:28,234 [ERROR] LogOutputStream:75 - [STDERR_REDIRECT] [Fatal Error] :1:1: Premature end of file.
2025-05-27 09:43:28,234 [ERROR] LogOutputStream:75 - [STDERR_REDIRECT] 
2025-05-27 09:43:29,300 [ERROR] LogOutputStream:75 - [STDERR_REDIRECT] [Fatal Error] :1:1: Premature end of file.
2025-05-27 09:43:29,301 [ERROR] LogOutputStream:75 - [STDERR_REDIRECT] 
2025-05-27 09:43:30,295 [ERROR] LogOutputStream:75 - [STDERR_REDIRECT] [Fatal Error] :1:1: Premature end of file.
2025-05-27 09:43:30,295 [ERROR] LogOutputStream:75 - [STDERR_REDIRECT] 
2025-05-27 09:43:31,301 [ERROR] LogOutputStream:75 - [STDERR_REDIRECT] [Fatal Error] :1:1: Premature end of file.
2025-05-27 09:43:31,301 [ERROR] LogOutputStream:75 - [STDERR_REDIRECT] 
2025-05-27 09:43:32,306 [ERROR] LogOutputStream:75 - [STDERR_REDIRECT] [Fatal Error] :1:1: Premature end of file.
2025-05-27 09:43:32,306 [ERROR] LogOutputStream:75 - [STDERR_REDIRECT] 
2025-05-27 09:43:33,302 [ERROR] LogOutputStream:75 - [STDERR_REDIRECT] [Fatal Error] :1:1: Premature end of file.
2025-05-27 09:43:33,303 [ERROR] LogOutputStream:75 - [STDERR_REDIRECT] 
2025-05-27 09:43:34,292 [ERROR] LogOutputStream:75 - [STDERR_REDIRECT] [Fatal Error] :1:1: Premature end of file.
2025-05-27 09:43:34,293 [ERROR] LogOutputStream:75 - [STDERR_REDIRECT] 
2025-05-27 09:43:35,302 [ERROR] LogOutputStream:75 - [STDERR_REDIRECT] [Fatal Error] :1:1: Premature end of file.
2025-05-27 09:43:35,303 [ERROR] LogOutputStream:75 - [STDERR_REDIRECT] 
2025-05-27 09:43:36,301 [ERROR] LogOutputStream:75 - [STDERR_REDIRECT] [Fatal Error] :1:1: Premature end of file.
2025-05-27 09:43:36,301 [ERROR] LogOutputStream:75 - [STDERR_REDIRECT] 
2025-05-27 09:43:37,307 [ERROR] LogOutputStream:75 - [STDERR_REDIRECT] [Fatal Error] :1:1: Premature end of file.
2025-05-27 09:43:37,307 [ERROR] LogOutputStream:75 - [STDERR_REDIRECT] 
2025-05-27 09:43:38,304 [ERROR] LogOutputStream:75 - [STDERR_REDIRECT] [Fatal Error] :1:1: Premature end of file.
2025-05-27 09:43:38,304 [ERROR] LogOutputStream:75 - [STDERR_REDIRECT] 
2025-05-27 09:43:39,303 [ERROR] LogOutputStream:75 - [STDERR_REDIRECT] [Fatal Error] :1:1: Premature end of file.
2025-05-27 09:43:39,304 [ERROR] LogOutputStream:75 - [STDERR_REDIRECT] 
2025-05-27 09:43:40,276 [ERROR] LogOutputStream:75 - [STDERR_REDIRECT] [Fatal Error] :1:1: Premature end of file.
2025-05-27 09:43:40,276 [ERROR] LogOutputStream:75 - [STDERR_REDIRECT] 
2025-05-27 09:43:41,298 [ERROR] LogOutputStream:75 - [STDERR_REDIRECT] [Fatal Error] :1:1: Premature end of file.
2025-05-27 09:43:41,298 [ERROR] LogOutputStream:75 - [STDERR_REDIRECT] 
2025-05-27 09:43:42,298 [ERROR] LogOutputStream:75 - [STDERR_REDIRECT] [Fatal Error] :1:1: Premature end of file.
2025-05-27 09:43:42,298 [ERROR] LogOutputStream:75 - [STDERR_REDIRECT] 
2025-05-27 09:43:43,291 [ERROR] LogOutputStream:75 - [STDERR_REDIRECT] [Fatal Error] :1:1: Premature end of file.
2025-05-27 09:43:43,292 [ERROR] LogOutputStream:75 - [STDERR_REDIRECT] 
2025-05-27 09:43:44,304 [ERROR] LogOutputStream:75 - [STDERR_REDIRECT] [Fatal Error] :1:1: Premature end of file.
2025-05-27 09:43:44,305 [ERROR] LogOutputStream:75 - [STDERR_REDIRECT] 
2025-05-27 09:43:45,258 [ERROR] LogOutputStream:75 - [STDERR_REDIRECT] [Fatal Error] :1:1: Premature end of file.
2025-05-27 09:43:45,259 [ERROR] LogOutputStream:75 - [STDERR_REDIRECT] 
2025-05-27 09:43:46,287 [ERROR] LogOutputStream:75 - [STDERR_REDIRECT] [Fatal Error] :1:1: Premature end of file.
2025-05-27 09:43:46,287 [ERROR] LogOutputStream:75 - [STDERR_REDIRECT] 
2025-05-27 09:43:47,306 [ERROR] LogOutputStream:75 - [STDERR_REDIRECT] [Fatal Error] :1:1: Premature end of file.
2025-05-27 09:43:47,306 [ERROR] LogOutputStream:75 - [STDERR_REDIRECT] 
2025-05-27 09:43:48,302 [ERROR] LogOutputStream:75 - [STDERR_REDIRECT] [Fatal Error] :1:1: Premature end of file.
2025-05-27 09:43:48,303 [ERROR] LogOutputStream:75 - [STDERR_REDIRECT] 
2025-05-27 09:43:49,298 [ERROR] LogOutputStream:75 - [STDERR_REDIRECT] [Fatal Error] :1:1: Premature end of file.
2025-05-27 09:43:49,299 [ERROR] LogOutputStream:75 - [STDERR_REDIRECT] 
2025-05-27 09:43:50,302 [ERROR] LogOutputStream:75 - [STDERR_REDIRECT] [Fatal Error] :1:1: Premature end of file.
2025-05-27 09:43:50,302 [ERROR] LogOutputStream:75 - [STDERR_REDIRECT] 
2025-05-27 09:43:51,294 [ERROR] LogOutputStream:75 - [STDERR_REDIRECT] [Fatal Error] :1:1: Premature end of file.
2025-05-27 09:43:51,294 [ERROR] LogOutputStream:75 - [STDERR_REDIRECT] 
2025-05-27 09:43:52,233 [ERROR] LogOutputStream:75 - [STDERR_REDIRECT] [Fatal Error] :1:1: Premature end of file.
2025-05-27 09:43:52,233 [ERROR] LogOutputStream:75 - [STDERR_REDIRECT] 
2025-05-27 09:43:53,301 [ERROR] LogOutputStream:75 - [STDERR_REDIRECT] [Fatal Error] :1:1: Premature end of file.
2025-05-27 09:43:53,301 [ERROR] LogOutputStream:75 - [STDERR_REDIRECT] 
2025-05-27 09:43:54,299 [ERROR] LogOutputStream:75 - [STDERR_REDIRECT] [Fatal Error] :1:1: Premature end of file.
2025-05-27 09:43:54,299 [ERROR] LogOutputStream:75 - [STDERR_REDIRECT] 
2025-05-27 09:43:55,297 [ERROR] LogOutputStream:75 - [STDERR_REDIRECT] [Fatal Error] :1:1: Premature end of file.
2025-05-27 09:43:55,297 [ERROR] LogOutputStream:75 - [STDERR_REDIRECT] 
2025-05-27 09:43:56,299 [ERROR] LogOutputStream:75 - [STDERR_REDIRECT] [Fatal Error] :1:1: Premature end of file.
2025-05-27 09:43:56,300 [ERROR] LogOutputStream:75 - [STDERR_REDIRECT] 
2025-05-27 09:43:57,297 [ERROR] LogOutputStream:75 - [STDERR_REDIRECT] [Fatal Error] :1:1: Premature end of file.
2025-05-27 09:43:57,297 [ERROR] LogOutputStream:75 - [STDERR_REDIRECT] 
2025-05-27 09:43:58,299 [ERROR] LogOutputStream:75 - [STDERR_REDIRECT] [Fatal Error] :1:1: Premature end of file.
2025-05-27 09:43:58,300 [ERROR] LogOutputStream:75 - [STDERR_REDIRECT] 
2025-05-27 09:43:59,296 [ERROR] LogOutputStream:75 - [STDERR_REDIRECT] [Fatal Error] :1:1: Premature end of file.
2025-05-27 09:43:59,296 [ERROR] LogOutputStream:75 - [STDERR_REDIRECT] 
2025-05-27 09:44:00,297 [ERROR] LogOutputStream:75 - [STDERR_REDIRECT] [Fatal Error] :1:1: Premature end of file.
2025-05-27 09:44:00,298 [ERROR] LogOutputStream:75 - [STDERR_REDIRECT] 
2025-05-27 09:44:01,300 [ERROR] LogOutputStream:75 - [STDERR_REDIRECT] [Fatal Error] :1:1: Premature end of file.
2025-05-27 09:44:01,300 [ERROR] LogOutputStream:75 - [STDERR_REDIRECT] 
2025-05-27 09:44:02,299 [ERROR] LogOutputStream:75 - [STDERR_REDIRECT] [Fatal Error] :1:1: Premature end of file.
2025-05-27 09:44:02,299 [ERROR] LogOutputStream:75 - [STDERR_REDIRECT] 
2025-05-27 09:44:03,299 [ERROR] LogOutputStream:75 - [STDERR_REDIRECT] [Fatal Error] :1:1: Premature end of file.
2025-05-27 09:44:03,300 [ERROR] LogOutputStream:75 - [STDERR_REDIRECT] 
2025-05-27 09:44:04,300 [ERROR] LogOutputStream:75 - [STDERR_REDIRECT] [Fatal Error] :1:1: Premature end of file.
2025-05-27 09:44:04,300 [ERROR] LogOutputStream:75 - [STDERR_REDIRECT] 
2025-05-27 09:44:05,292 [ERROR] LogOutputStream:75 - [STDERR_REDIRECT] [Fatal Error] :1:1: Premature end of file.
2025-05-27 09:44:05,292 [ERROR] LogOutputStream:75 - [STDERR_REDIRECT] 
2025-05-27 09:44:06,266 [ERROR] LogOutputStream:75 - [STDERR_REDIRECT] [Fatal Error] :1:1: Premature end of file.
2025-05-27 09:44:06,266 [ERROR] LogOutputStream:75 - [STDERR_REDIRECT] 
2025-05-27 09:44:07,236 [ERROR] LogOutputStream:75 - [STDERR_REDIRECT] [Fatal Error] :1:1: Premature end of file.
2025-05-27 09:44:07,236 [ERROR] LogOutputStream:75 - [STDERR_REDIRECT] 
2025-05-27 09:44:08,273 [ERROR] LogOutputStream:75 - [STDERR_REDIRECT] [Fatal Error] :1:1: Premature end of file.
2025-05-27 09:44:08,273 [ERROR] LogOutputStream:75 - [STDERR_REDIRECT] 
2025-05-27 09:44:09,302 [ERROR] LogOutputStream:75 - [STDERR_REDIRECT] [Fatal Error] :1:1: Premature end of file.
2025-05-27 09:44:09,303 [ERROR] LogOutputStream:75 - [STDERR_REDIRECT] 
2025-05-27 09:44:10,299 [ERROR] LogOutputStream:75 - [STDERR_REDIRECT] [Fatal Error] :1:1: Premature end of file.
2025-05-27 09:44:10,299 [ERROR] LogOutputStream:75 - [STDERR_REDIRECT] 
2025-05-27 09:44:11,302 [ERROR] LogOutputStream:75 - [STDERR_REDIRECT] [Fatal Error] :1:1: Premature end of file.
2025-05-27 09:44:11,302 [ERROR] LogOutputStream:75 - [STDERR_REDIRECT] 
2025-05-27 09:44:12,302 [ERROR] LogOutputStream:75 - [STDERR_REDIRECT] [Fatal Error] :1:1: Premature end of file.
2025-05-27 09:44:12,303 [ERROR] LogOutputStream:75 - [STDERR_REDIRECT] 
2025-05-27 09:44:13,234 [ERROR] LogOutputStream:75 - [STDERR_REDIRECT] [Fatal Error] :1:1: Premature end of file.
2025-05-27 09:44:13,234 [ERROR] LogOutputStream:75 - [STDERR_REDIRECT] 
2025-05-27 09:44:14,235 [ERROR] LogOutputStream:75 - [STDERR_REDIRECT] [Fatal Error] :1:1: Premature end of file.
2025-05-27 09:44:14,235 [ERROR] LogOutputStream:75 - [STDERR_REDIRECT] 
2025-05-27 09:44:15,299 [ERROR] LogOutputStream:75 - [STDERR_REDIRECT] [Fatal Error] :1:1: Premature end of file.
2025-05-27 09:44:15,299 [ERROR] LogOutputStream:75 - [STDERR_REDIRECT] 
2025-05-27 09:44:16,261 [ERROR] LogOutputStream:75 - [STDERR_REDIRECT] [Fatal Error] :1:1: Premature end of file.
2025-05-27 09:44:16,261 [ERROR] LogOutputStream:75 - [STDERR_REDIRECT] 
2025-05-27 09:44:17,302 [ERROR] LogOutputStream:75 - [STDERR_REDIRECT] [Fatal Error] :1:1: Premature end of file.
2025-05-27 09:44:17,302 [ERROR] LogOutputStream:75 - [STDERR_REDIRECT] 
2025-05-27 09:44:18,306 [ERROR] LogOutputStream:75 - [STDERR_REDIRECT] [Fatal Error] :1:1: Premature end of file.
2025-05-27 09:44:18,307 [ERROR] LogOutputStream:75 - [STDERR_REDIRECT] 
2025-05-27 09:44:19,304 [ERROR] LogOutputStream:75 - [STDERR_REDIRECT] [Fatal Error] :1:1: Premature end of file.
2025-05-27 09:44:19,304 [ERROR] LogOutputStream:75 - [STDERR_REDIRECT] 
2025-05-27 09:44:20,299 [ERROR] LogOutputStream:75 - [STDERR_REDIRECT] [Fatal Error] :1:1: Premature end of file.
2025-05-27 09:44:20,300 [ERROR] LogOutputStream:75 - [STDERR_REDIRECT] 
2025-05-27 09:44:21,302 [ERROR] LogOutputStream:75 - [STDERR_REDIRECT] [Fatal Error] :1:1: Premature end of file.
2025-05-27 09:44:21,303 [ERROR] LogOutputStream:75 - [STDERR_REDIRECT] 
2025-05-27 09:44:22,297 [ERROR] LogOutputStream:75 - [STDERR_REDIRECT] [Fatal Error] :1:1: Premature end of file.
2025-05-27 09:44:22,298 [ERROR] LogOutputStream:75 - [STDERR_REDIRECT] 
2025-05-27 09:44:23,303 [ERROR] LogOutputStream:75 - [STDERR_REDIRECT] [Fatal Error] :1:1: Premature end of file.
2025-05-27 09:44:23,303 [ERROR] LogOutputStream:75 - [STDERR_REDIRECT] 
2025-05-27 09:44:24,307 [ERROR] LogOutputStream:75 - [STDERR_REDIRECT] [Fatal Error] :1:1: Premature end of file.
2025-05-27 09:44:24,307 [ERROR] LogOutputStream:75 - [STDERR_REDIRECT] 
2025-05-27 09:44:25,299 [ERROR] LogOutputStream:75 - [STDERR_REDIRECT] [Fatal Error] :1:1: Premature end of file.
2025-05-27 09:44:25,300 [ERROR] LogOutputStream:75 - [STDERR_REDIRECT] 
2025-05-27 09:44:26,289 [ERROR] LogOutputStream:75 - [STDERR_REDIRECT] [Fatal Error] :1:1: Premature end of file.
2025-05-27 09:44:26,290 [ERROR] LogOutputStream:75 - [STDERR_REDIRECT] 
2025-05-27 09:44:27,298 [ERROR] LogOutputStream:75 - [STDERR_REDIRECT] [Fatal Error] :1:1: Premature end of file.
2025-05-27 09:44:27,299 [ERROR] LogOutputStream:75 - [STDERR_REDIRECT] 
2025-05-27 09:44:28,305 [ERROR] LogOutputStream:75 - [STDERR_REDIRECT] [Fatal Error] :1:1: Premature end of file.
2025-05-27 09:44:28,306 [ERROR] LogOutputStream:75 - [STDERR_REDIRECT] 
2025-05-27 09:44:29,300 [ERROR] LogOutputStream:75 - [STDERR_REDIRECT] [Fatal Error] :1:1: Premature end of file.
2025-05-27 09:44:29,300 [ERROR] LogOutputStream:75 - [STDERR_REDIRECT] 
2025-05-27 09:44:30,272 [ERROR] LogOutputStream:75 - [STDERR_REDIRECT] [Fatal Error] :1:1: Premature end of file.
2025-05-27 09:44:30,272 [ERROR] LogOutputStream:75 - [STDERR_REDIRECT] 
2025-05-27 09:44:31,273 [ERROR] LogOutputStream:75 - [STDERR_REDIRECT] [Fatal Error] :1:1: Premature end of file.
2025-05-27 09:44:31,273 [ERROR] LogOutputStream:75 - [STDERR_REDIRECT] 
2025-05-27 09:44:32,280 [ERROR] LogOutputStream:75 - [STDERR_REDIRECT] [Fatal Error] :1:1: Premature end of file.
2025-05-27 09:44:32,280 [ERROR] LogOutputStream:75 - [STDERR_REDIRECT] 
2025-05-27 09:44:33,298 [ERROR] LogOutputStream:75 - [STDERR_REDIRECT] [Fatal Error] :1:1: Premature end of file.
2025-05-27 09:44:33,298 [ERROR] LogOutputStream:75 - [STDERR_REDIRECT] 
2025-05-27 09:44:34,280 [ERROR] LogOutputStream:75 - [STDERR_REDIRECT] [Fatal Error] :1:1: Premature end of file.
2025-05-27 09:44:34,280 [ERROR] LogOutputStream:75 - [STDERR_REDIRECT] 
2025-05-27 09:44:35,233 [ERROR] LogOutputStream:75 - [STDERR_REDIRECT] [Fatal Error] :1:1: Premature end of file.
2025-05-27 09:44:35,234 [ERROR] LogOutputStream:75 - [STDERR_REDIRECT] 
2025-05-27 09:44:36,235 [ERROR] LogOutputStream:75 - [STDERR_REDIRECT] [Fatal Error] :1:1: Premature end of file.
2025-05-27 09:44:36,235 [ERROR] LogOutputStream:75 - [STDERR_REDIRECT] 
2025-05-27 09:44:37,281 [ERROR] LogOutputStream:75 - [STDERR_REDIRECT] [Fatal Error] :1:1: Premature end of file.
2025-05-27 09:44:37,282 [ERROR] LogOutputStream:75 - [STDERR_REDIRECT] 
2025-05-27 09:44:38,234 [ERROR] LogOutputStream:75 - [STDERR_REDIRECT] [Fatal Error] :1:1: Premature end of file.
2025-05-27 09:44:38,234 [ERROR] LogOutputStream:75 - [STDERR_REDIRECT] 
2025-05-27 09:44:38,862 [ERROR] LogOutputStream:75 - [STDERR_REDIRECT] 
2025-05-27 09:44:38,865 [ERROR] LogOutputStream:75 - [STDERR_REDIRECT] 
